1489550363 INTERNAL *** MONITORD_STARTED ***
1489550362 INTERNAL *** DAGMAN_STARTED 40.0 ***
1489550366 create_dir_process_0_local SUBMIT 41.0 local - 1
1489550371 create_dir_process_0_local EXECUTE 41.0 local - 1
1489550371 create_dir_process_0_local JOB_TERMINATED 41.0 local - 1
1489550371 create_dir_process_0_local JOB_SUCCESS 0 local - 1
1489550371 create_dir_process_0_local POST_SCRIPT_STARTED 41.0 local - 1
1489550376 create_dir_process_0_local POST_SCRIPT_TERMINATED 41.0 local - 1
1489550376 create_dir_process_0_local POST_SCRIPT_SUCCESS 0 local - 1
1489550381 prms_ID0000001 SUBMIT 42.0 condorpool - 2
1489550386 prms_ID0000001 EXECUTE 42.0 condorpool - 2
1489550386 prms_ID0000001 JOB_TERMINATED 42.0 condorpool - 2
1489550386 prms_ID0000001 JOB_FAILURE 127 condorpool - 2
1489550386 prms_ID0000001 POST_SCRIPT_STARTED 42.0 condorpool - 2
1489550391 prms_ID0000001 POST_SCRIPT_TERMINATED 42.0 condorpool - 2
1489550391 prms_ID0000001 POST_SCRIPT_FAILURE 1 condorpool - 2
1489550396 prms_ID0000001 SUBMIT 43.0 condorpool - 3
1489550402 prms_ID0000001 EXECUTE 43.0 condorpool - 3
1489550402 prms_ID0000001 JOB_TERMINATED 43.0 condorpool - 3
1489550402 prms_ID0000001 JOB_FAILURE 127 condorpool - 3
1489550402 prms_ID0000001 POST_SCRIPT_STARTED 43.0 condorpool - 3
1489550407 prms_ID0000001 POST_SCRIPT_TERMINATED 43.0 condorpool - 3
1489550407 prms_ID0000001 POST_SCRIPT_FAILURE 1 condorpool - 3
1489550407 INTERNAL *** DAGMAN_FINISHED 1 ***
1489550408 INTERNAL *** MONITORD_FINISHED 0 ***
