2017-03-14 20:59:22,737:INFO:pegasus-monitord(68): pegasus-monitord starting - pid 2234916 
2017-03-14 20:59:22,740:INFO:pegasus-monitord(319): Final Command line options are: ['-N', 'process-0.dag.dagman.out']
Created Pegasus database in: sqlite:////u/obidele/PERF/PROJ/prms4.0.2_src/projects/sagehen/submit/obidele/pegasus/process/run0002/process-0.stampede.db
2017-03-14 20:59:23,187:INFO:Pegasus.monitoring.event_output(315): output type=DB namespace=stampede. name=sqlite:////u/obidele/PERF/PROJ/prms4.0.2_src/projects/sagehen/submit/obidele/pegasus/process/run0002/process-0.stampede.db
2017-03-14 20:59:23,205:INFO:Pegasus.monitoring.event_output(315): output type=DB namespace=dashboard. name=sqlite:////u/obidele/.pegasus/workflow.db
2017-03-14 20:59:23,205:INFO:pegasus-monitord(1010): monitord started in fast start mode
2017-03-14 20:59:23,216:INFO:Pegasus.monitoring.workflow(360): cannot open state file /u/obidele/PERF/PROJ/prms4.0.2_src/projects/sagehen/submit/obidele/pegasus/process/run0002/monitord.info, continuing without state...
2017-03-14 20:59:23,217:INFO:Pegasus.monitoring.workflow(937): creating new file /u/obidele/PERF/PROJ/prms4.0.2_src/projects/sagehen/submit/obidele/pegasus/process/run0002/jobstate.log
2017-03-14 20:59:23,217:INFO:Pegasus.monitoring.workflow(945): Appending to exisitng jobstate.log replay_mode 0 previous_processed_line 0
2017-03-14 20:59:23,218:INFO:Pegasus.monitoring.notifications(394): loading notifications from /u/obidele/PERF/PROJ/prms4.0.2_src/projects/sagehen/submit/obidele/pegasus/process/run0002/process-0.notify
2017-03-14 20:59:23,304:INFO:pegasus-monitord(773): Using DAGMan version 8.4.2 80402
2017-03-14 20:59:23,305:INFO:pegasus-monitord(753): DAGMan runs at pid 2234914
2017-03-14 20:59:23,306:INFO:pegasus-monitord(759): using dag process-0.dag
2017-03-14 20:59:23,306:INFO:Pegasus.monitoring.workflow(675): DAGMan starting with condor id 40.0
2017-03-14 21:00:07,472:INFO:pegasus-monitord(733): DAGMan process-0.dag finished with exit code 1
2017-03-14 21:00:08,486:INFO:pegasus-monitord(1169): workflow /u/obidele/PERF/PROJ/prms4.0.2_src/projects/sagehen/submit/obidele/pegasus/process/run0002/process-0.dag.dagman.out ended
2017-03-14 21:00:08,491:INFO:Pegasus.monitoring.workflow(1111): recovery file deleted: /u/obidele/PERF/PROJ/prms4.0.2_src/projects/sagehen/submit/obidele/pegasus/process/run0002/monitord.recover
2017-03-14 21:00:08,494:INFO:pegasus-monitord(1343): finishing workflow: /u/obidele/PERF/PROJ/prms4.0.2_src/projects/sagehen/submit/obidele/pegasus/process/run0002/process-0.dag.dagman.out
2017-03-14 21:00:08,494:INFO:pegasus-monitord(1395): finishing notifications...
2017-03-14 21:00:08,494:INFO:pegasus-monitord(1400): monitord process 2234916 exiting with 0
2017-03-14 21:00:08,495:INFO:pegasus-monitord(182): DB flushing beginning
2017-03-14 21:00:08,495:INFO:Pegasus.db.workflow_loader.WorkflowLoader(1052): Executing final flush
2017-03-14 21:00:08,523:INFO:Pegasus.db.dashboard_loader.DashboardLoader(343): Executing final flush
2017-03-14 21:00:08,525:INFO:pegasus-monitord(196): DB flushing ended
