000 (041.000.000) 03/14 20:59:26 Job submitted from host: <127.0.0.1:23672?addrs=127.0.0.1-23672>
    DAG Node: create_dir_process_0_local
    pool:local
...
001 (041.000.000) 03/14 20:59:27 Job executing on host: <127.0.0.1:9459?addrs=127.0.0.1-9459>
...
005 (041.000.000) 03/14 20:59:29 Job terminated.
	(1) Normal termination (return value 0)
		Usr 0 00:00:00, Sys 0 00:00:00  -  Run Remote Usage
		Usr 0 00:00:00, Sys 0 00:00:00  -  Run Local Usage
		Usr 0 00:00:00, Sys 0 00:00:00  -  Total Remote Usage
		Usr 0 00:00:00, Sys 0 00:00:00  -  Total Local Usage
	0  -  Run Bytes Sent By Job
	0  -  Run Bytes Received By Job
	0  -  Total Bytes Sent By Job
	0  -  Total Bytes Received By Job
...
016 (041.000.000) 03/14 20:59:31 POST Script terminated.
	(1) Normal termination (return value 0)
    DAG Node: create_dir_process_0_local
...
000 (042.000.000) 03/14 20:59:41 Job submitted from host: <127.0.0.1:23672?addrs=127.0.0.1-23672>
    DAG Node: prms_ID0000001
    pool:condorpool
...
001 (042.000.000) 03/14 20:59:42 Job executing on host: <127.0.0.1:60981?addrs=127.0.0.1-60981>
...
005 (042.000.000) 03/14 20:59:43 Job terminated.
	(1) Normal termination (return value 127)
		Usr 0 00:00:00, Sys 0 00:00:00  -  Run Remote Usage
		Usr 0 00:00:00, Sys 0 00:00:00  -  Run Local Usage
		Usr 0 00:00:00, Sys 0 00:00:00  -  Total Remote Usage
		Usr 0 00:00:00, Sys 0 00:00:00  -  Total Local Usage
	7954  -  Run Bytes Sent By Job
	10322875  -  Run Bytes Received By Job
	7954  -  Total Bytes Sent By Job
	10322875  -  Total Bytes Received By Job
	Partitionable Resources :    Usage  Request Allocated
	   Cpus                 :                 1         1
	   Disk (KB)            :    42313    12500   6777710
	   Memory (MB)          :        0        1      3983
...
016 (042.000.000) 03/14 20:59:46 POST Script terminated.
	(1) Normal termination (return value 1)
    DAG Node: prms_ID0000001
...
000 (043.000.000) 03/14 20:59:56 Job submitted from host: <127.0.0.1:23672?addrs=127.0.0.1-23672>
    DAG Node: prms_ID0000001
    pool:condorpool
...
001 (043.000.000) 03/14 20:59:57 Job executing on host: <127.0.0.1:60981?addrs=127.0.0.1-60981>
...
005 (043.000.000) 03/14 20:59:57 Job terminated.
	(1) Normal termination (return value 127)
		Usr 0 00:00:00, Sys 0 00:00:00  -  Run Remote Usage
		Usr 0 00:00:00, Sys 0 00:00:00  -  Run Local Usage
		Usr 0 00:00:00, Sys 0 00:00:00  -  Total Remote Usage
		Usr 0 00:00:00, Sys 0 00:00:00  -  Total Local Usage
	7954  -  Run Bytes Sent By Job
	10322875  -  Run Bytes Received By Job
	7954  -  Total Bytes Sent By Job
	10322875  -  Total Bytes Received By Job
	Partitionable Resources :    Usage  Request Allocated
	   Cpus                 :                 1         1
	   Disk (KB)            :    42313    12500   6777710
	   Memory (MB)          :        0        1      3983
...
016 (043.000.000) 03/14 21:00:02 POST Script terminated.
	(1) Normal termination (return value 1)
    DAG Node: prms_ID0000001
...
