03/16/17 18:01:55 ******************************************************
03/16/17 18:01:55 ** condor_scheduniv_exec.100.0 (CONDOR_DAGMAN) STARTING UP
03/16/17 18:01:55 ** /usr/bin/condor_dagman
03/16/17 18:01:55 ** SubsystemInfo: name=DAGMAN type=DAGMAN(10) class=DAEMON(1)
03/16/17 18:01:55 ** Configuration: subsystem:DAGMAN local:<NONE> class:DAEMON
03/16/17 18:01:55 ** $CondorVersion: 8.4.2 Feb 22 2016 BuildID: Debian-8.4.2~dfsg.1-1build1 Debian-8.4.2~dfsg.1-1build1 $
03/16/17 18:01:55 ** $CondorPlatform: X86_64-Ubuntu_ $
03/16/17 18:01:55 ** PID = 2525653
03/16/17 18:01:55 ** Log last touched time unavailable (No such file or directory)
03/16/17 18:01:55 ******************************************************
03/16/17 18:01:55 Using config source: /etc/condor/condor_config
03/16/17 18:01:55 Using local config sources: 
03/16/17 18:01:55    /etc/condor/config.d/00debconf
03/16/17 18:01:55    /etc/condor/condor_config.local
03/16/17 18:01:55 config Macros = 70, Sorted = 70, StringBytes = 2051, TablesBytes = 2576
03/16/17 18:01:55 CLASSAD_CACHING is ENABLED
03/16/17 18:01:55 Daemon Log is logging: D_ALWAYS D_ERROR
03/16/17 18:01:55 DaemonCore: No command port requested.
03/16/17 18:01:55 DAGMAN_USE_STRICT setting: 1
03/16/17 18:01:55 DAGMAN_VERBOSITY setting: 3
03/16/17 18:01:55 DAGMAN_DEBUG_CACHE_SIZE setting: 5242880
03/16/17 18:01:55 DAGMAN_DEBUG_CACHE_ENABLE setting: False
03/16/17 18:01:55 DAGMAN_SUBMIT_DELAY setting: 0
03/16/17 18:01:55 DAGMAN_MAX_SUBMIT_ATTEMPTS setting: 6
03/16/17 18:01:55 DAGMAN_STARTUP_CYCLE_DETECT setting: False
03/16/17 18:01:55 DAGMAN_MAX_SUBMITS_PER_INTERVAL setting: 5
03/16/17 18:01:55 DAGMAN_USER_LOG_SCAN_INTERVAL setting: 5
03/16/17 18:01:55 DAGMAN_DEFAULT_PRIORITY setting: 0
03/16/17 18:01:55 DAGMAN_SUPPRESS_NOTIFICATION setting: True
03/16/17 18:01:55 allow_events (DAGMAN_ALLOW_EVENTS) setting: 114
03/16/17 18:01:55 DAGMAN_RETRY_SUBMIT_FIRST setting: True
03/16/17 18:01:55 DAGMAN_RETRY_NODE_FIRST setting: False
03/16/17 18:01:55 DAGMAN_MAX_JOBS_IDLE setting: 1000
03/16/17 18:01:55 DAGMAN_MAX_JOBS_SUBMITTED setting: 0
03/16/17 18:01:55 DAGMAN_MAX_PRE_SCRIPTS setting: 20
03/16/17 18:01:55 DAGMAN_MAX_POST_SCRIPTS setting: 20
03/16/17 18:01:55 DAGMAN_ALLOW_LOG_ERROR setting: False
03/16/17 18:01:55 DAGMAN_MUNGE_NODE_NAMES setting: True
03/16/17 18:01:55 DAGMAN_PROHIBIT_MULTI_JOBS setting: False
03/16/17 18:01:55 DAGMAN_SUBMIT_DEPTH_FIRST setting: False
03/16/17 18:01:55 DAGMAN_ALWAYS_RUN_POST setting: True
03/16/17 18:01:55 DAGMAN_ABORT_DUPLICATES setting: True
03/16/17 18:01:55 DAGMAN_ABORT_ON_SCARY_SUBMIT setting: True
03/16/17 18:01:55 DAGMAN_PENDING_REPORT_INTERVAL setting: 600
03/16/17 18:01:55 DAGMAN_AUTO_RESCUE setting: True
03/16/17 18:01:55 DAGMAN_MAX_RESCUE_NUM setting: 100
03/16/17 18:01:55 DAGMAN_WRITE_PARTIAL_RESCUE setting: True
03/16/17 18:01:55 DAGMAN_DEFAULT_NODE_LOG setting: @(DAG_DIR)/@(DAG_FILE).nodes.log
03/16/17 18:01:55 DAGMAN_GENERATE_SUBDAG_SUBMITS setting: True
03/16/17 18:01:55 DAGMAN_MAX_JOB_HOLDS setting: 100
03/16/17 18:01:55 DAGMAN_HOLD_CLAIM_TIME setting: 20
03/16/17 18:01:55 ALL_DEBUG setting: 
03/16/17 18:01:55 DAGMAN_DEBUG setting: 
03/16/17 18:01:55 DAGMAN_SUPPRESS_JOB_LOGS setting: False
03/16/17 18:01:55 argv[0] == "condor_scheduniv_exec.100.0"
03/16/17 18:01:55 argv[1] == "-Lockfile"
03/16/17 18:01:55 argv[2] == "prms-wf-0.dag.lock"
03/16/17 18:01:55 argv[3] == "-AutoRescue"
03/16/17 18:01:55 argv[4] == "1"
03/16/17 18:01:55 argv[5] == "-DoRescueFrom"
03/16/17 18:01:55 argv[6] == "0"
03/16/17 18:01:55 argv[7] == "-Dag"
03/16/17 18:01:55 argv[8] == "prms-wf-0.dag"
03/16/17 18:01:55 argv[9] == "-MaxPost"
03/16/17 18:01:55 argv[10] == "20"
03/16/17 18:01:55 argv[11] == "-Suppress_notification"
03/16/17 18:01:55 argv[12] == "-CsdVersion"
03/16/17 18:01:55 argv[13] == "$CondorVersion: 8.4.2 Feb 22 2016 BuildID: Debian-8.4.2~dfsg.1-1build1 Debian-8.4.2~dfsg.1-1build1 $"
03/16/17 18:01:55 argv[14] == "-Dagman"
03/16/17 18:01:55 argv[15] == "/usr/bin/condor_dagman"
03/16/17 18:01:55 Warning: failed to get attribute DAGNodeName
03/16/17 18:01:55 Ignoring value of DAGMAN_LOG_ON_NFS_IS_ERROR because ENABLE_USERLOG_LOCKING and CREATE_LOCKS_ON_LOCAL_DISK are true.
03/16/17 18:01:55 Default node log file is: </u/obidele/PERF/PROJ/prms4.0.2_src/projects/sagehen/submit/obidele/pegasus/prms-wf/run0001/./prms-wf-0.dag.nodes.log>
03/16/17 18:01:55 DAG Lockfile will be written to prms-wf-0.dag.lock
03/16/17 18:01:55 DAG Input file is prms-wf-0.dag
03/16/17 18:01:55 Parsing 1 dagfiles
03/16/17 18:01:55 Parsing prms-wf-0.dag ...
03/16/17 18:01:55 Warning:  no value for submit_hostname in braindump file
03/16/17 18:01:55 Warning: category stage-out has no throttle value set
03/16/17 18:01:55 Warning: category registration has no assigned nodes, so the throttle setting (1) will have no effect
03/16/17 18:01:55 Warning: category stage-in has no throttle value set
03/16/17 18:01:55 Dag contains 5 total jobs
03/16/17 18:01:55 Sleeping for 3 seconds to ensure ProcessId uniqueness
03/16/17 18:01:58 Bootstrapping...
03/16/17 18:01:58 Number of pre-completed nodes: 0
03/16/17 18:01:58 MultiLogFiles: truncating log file /u/obidele/PERF/PROJ/prms4.0.2_src/projects/sagehen/submit/obidele/pegasus/prms-wf/run0001/./prms-wf-0.dag.nodes.log
03/16/17 18:01:58 DAG status: 0 (DAG_STATUS_OK)
03/16/17 18:01:58 Of 5 nodes total:
03/16/17 18:01:58  Done     Pre   Queued    Post   Ready   Un-Ready   Failed
03/16/17 18:01:58   ===     ===      ===     ===     ===        ===      ===
03/16/17 18:01:58     0       0        0       0       1          4        0
03/16/17 18:01:58 0 job proc(s) currently held
03/16/17 18:01:58 Registering condor_event_timer...
03/16/17 18:01:59 Submitting Condor Node create_dir_prms-wf_0_local job(s)...
03/16/17 18:01:59 Adding a DAGMan workflow log /u/obidele/PERF/PROJ/prms4.0.2_src/projects/sagehen/submit/obidele/pegasus/prms-wf/run0001/./prms-wf-0.dag.nodes.log
03/16/17 18:01:59 Masking the events recorded in the DAGMAN workflow log
03/16/17 18:01:59 Mask for workflow log is 0,1,2,4,5,7,9,10,11,12,13,16,17,24,27
03/16/17 18:01:59 submitting: /usr/bin/condor_submit -a dag_node_name' '=' 'create_dir_prms-wf_0_local -a +DAGManJobId' '=' '100 -a DAGManJobId' '=' '100 -a submit_event_notes' '=' 'DAG' 'Node:' 'create_dir_prms-wf_0_local -a dagman_log' '=' '/u/obidele/PERF/PROJ/prms4.0.2_src/projects/sagehen/submit/obidele/pegasus/prms-wf/run0001/./prms-wf-0.dag.nodes.log -a +DAGManNodesMask' '=' '"0,1,2,4,5,7,9,10,11,12,13,16,17,24,27" -a DAG_STATUS' '=' '0 -a FAILED_COUNT' '=' '0 -a +DAGParentNodeNames' '=' '"" -a +KeepClaimIdle' '=' '20 -a notification' '=' 'never 00/00/create_dir_prms-wf_0_local.sub
03/16/17 18:01:59 From submit: Submitting job(s).
03/16/17 18:01:59 From submit: 1 job(s) submitted to cluster 101.
03/16/17 18:01:59 	assigned Condor ID (101.0.0)
03/16/17 18:01:59 Just submitted 1 job this cycle...
03/16/17 18:01:59 Currently monitoring 1 Condor log file(s)
03/16/17 18:01:59 Reassigning the id of job create_dir_prms-wf_0_local from (101.0.0) to (101.0.0)
03/16/17 18:01:59 Event: ULOG_SUBMIT for Condor Node create_dir_prms-wf_0_local (101.0.0)
03/16/17 18:01:59 Number of idle job procs: 1
03/16/17 18:01:59 DAG status: 0 (DAG_STATUS_OK)
03/16/17 18:01:59 Of 5 nodes total:
03/16/17 18:01:59  Done     Pre   Queued    Post   Ready   Un-Ready   Failed
03/16/17 18:01:59   ===     ===      ===     ===     ===        ===      ===
03/16/17 18:01:59     0       0        1       0       0          4        0
03/16/17 18:01:59 0 job proc(s) currently held
03/16/17 18:02:04 Currently monitoring 1 Condor log file(s)
03/16/17 18:02:04 Event: ULOG_EXECUTE for Condor Node create_dir_prms-wf_0_local (101.0.0)
03/16/17 18:02:04 Number of idle job procs: 0
03/16/17 18:02:04 Event: ULOG_JOB_TERMINATED for Condor Node create_dir_prms-wf_0_local (101.0.0)
03/16/17 18:02:04 Number of idle job procs: 0
03/16/17 18:02:04 Node create_dir_prms-wf_0_local job proc (101.0.0) completed successfully.
03/16/17 18:02:04 Node create_dir_prms-wf_0_local job completed
03/16/17 18:02:04 Running POST script of Node create_dir_prms-wf_0_local...
03/16/17 18:02:04 Warning: mysin has length 0 (ignore if produced by DAGMan; see gittrac #4987, #5031)
03/16/17 18:02:04 DAG status: 0 (DAG_STATUS_OK)
03/16/17 18:02:04 Of 5 nodes total:
03/16/17 18:02:04  Done     Pre   Queued    Post   Ready   Un-Ready   Failed
03/16/17 18:02:04   ===     ===      ===     ===     ===        ===      ===
03/16/17 18:02:04     0       0        0       1       0          4        0
03/16/17 18:02:04 0 job proc(s) currently held
03/16/17 18:02:04 Initializing user log writer for /u/obidele/PERF/PROJ/prms4.0.2_src/projects/sagehen/submit/obidele/pegasus/prms-wf/run0001/./prms-wf-0.dag.nodes.log, (101.0.0)
03/16/17 18:02:09 Currently monitoring 1 Condor log file(s)
03/16/17 18:02:09 Event: ULOG_POST_SCRIPT_TERMINATED for Condor Node create_dir_prms-wf_0_local (101.0.0)
03/16/17 18:02:09 POST Script of Node create_dir_prms-wf_0_local completed successfully.
03/16/17 18:02:09 DAG status: 0 (DAG_STATUS_OK)
03/16/17 18:02:09 Of 5 nodes total:
03/16/17 18:02:09  Done     Pre   Queued    Post   Ready   Un-Ready   Failed
03/16/17 18:02:09   ===     ===      ===     ===     ===        ===      ===
03/16/17 18:02:09     1       0        0       0       1          3        0
03/16/17 18:02:09 0 job proc(s) currently held
03/16/17 18:02:14 Submitting Condor Node stage_in_remote_local_0_0 job(s)...
03/16/17 18:02:14 Adding a DAGMan workflow log /u/obidele/PERF/PROJ/prms4.0.2_src/projects/sagehen/submit/obidele/pegasus/prms-wf/run0001/./prms-wf-0.dag.nodes.log
03/16/17 18:02:14 Masking the events recorded in the DAGMAN workflow log
03/16/17 18:02:14 Mask for workflow log is 0,1,2,4,5,7,9,10,11,12,13,16,17,24,27
03/16/17 18:02:14 submitting: /usr/bin/condor_submit -a dag_node_name' '=' 'stage_in_remote_local_0_0 -a +DAGManJobId' '=' '100 -a DAGManJobId' '=' '100 -a submit_event_notes' '=' 'DAG' 'Node:' 'stage_in_remote_local_0_0 -a dagman_log' '=' '/u/obidele/PERF/PROJ/prms4.0.2_src/projects/sagehen/submit/obidele/pegasus/prms-wf/run0001/./prms-wf-0.dag.nodes.log -a +DAGManNodesMask' '=' '"0,1,2,4,5,7,9,10,11,12,13,16,17,24,27" -a DAG_STATUS' '=' '0 -a FAILED_COUNT' '=' '0 -a +DAGParentNodeNames' '=' '"create_dir_prms-wf_0_local" -a +KeepClaimIdle' '=' '20 -a notification' '=' 'never 00/00/stage_in_remote_local_0_0.sub
03/16/17 18:02:14 From submit: Submitting job(s).
03/16/17 18:02:14 From submit: 1 job(s) submitted to cluster 102.
03/16/17 18:02:14 	assigned Condor ID (102.0.0)
03/16/17 18:02:14 Just submitted 1 job this cycle...
03/16/17 18:02:14 Currently monitoring 1 Condor log file(s)
03/16/17 18:02:14 Reassigning the id of job stage_in_remote_local_0_0 from (102.0.0) to (102.0.0)
03/16/17 18:02:14 Event: ULOG_SUBMIT for Condor Node stage_in_remote_local_0_0 (102.0.0)
03/16/17 18:02:14 Number of idle job procs: 1
03/16/17 18:02:14 DAG status: 0 (DAG_STATUS_OK)
03/16/17 18:02:14 Of 5 nodes total:
03/16/17 18:02:14  Done     Pre   Queued    Post   Ready   Un-Ready   Failed
03/16/17 18:02:14   ===     ===      ===     ===     ===        ===      ===
03/16/17 18:02:14     1       0        1       0       0          3        0
03/16/17 18:02:14 0 job proc(s) currently held
03/16/17 18:02:19 Currently monitoring 1 Condor log file(s)
03/16/17 18:02:19 Event: ULOG_EXECUTE for Condor Node stage_in_remote_local_0_0 (102.0.0)
03/16/17 18:02:19 Number of idle job procs: 0
03/16/17 18:02:19 Event: ULOG_JOB_TERMINATED for Condor Node stage_in_remote_local_0_0 (102.0.0)
03/16/17 18:02:19 Number of idle job procs: 0
03/16/17 18:02:19 Node stage_in_remote_local_0_0 job proc (102.0.0) completed successfully.
03/16/17 18:02:19 Node stage_in_remote_local_0_0 job completed
03/16/17 18:02:19 Running POST script of Node stage_in_remote_local_0_0...
03/16/17 18:02:19 Warning: mysin has length 0 (ignore if produced by DAGMan; see gittrac #4987, #5031)
03/16/17 18:02:19 DAG status: 0 (DAG_STATUS_OK)
03/16/17 18:02:19 Of 5 nodes total:
03/16/17 18:02:19  Done     Pre   Queued    Post   Ready   Un-Ready   Failed
03/16/17 18:02:19   ===     ===      ===     ===     ===        ===      ===
03/16/17 18:02:19     1       0        0       1       0          3        0
03/16/17 18:02:19 0 job proc(s) currently held
03/16/17 18:02:20 Initializing user log writer for /u/obidele/PERF/PROJ/prms4.0.2_src/projects/sagehen/submit/obidele/pegasus/prms-wf/run0001/./prms-wf-0.dag.nodes.log, (102.0.0)
03/16/17 18:02:25 Currently monitoring 1 Condor log file(s)
03/16/17 18:02:25 Event: ULOG_POST_SCRIPT_TERMINATED for Condor Node stage_in_remote_local_0_0 (102.0.0)
03/16/17 18:02:25 POST Script of Node stage_in_remote_local_0_0 completed successfully.
03/16/17 18:02:25 DAG status: 0 (DAG_STATUS_OK)
03/16/17 18:02:25 Of 5 nodes total:
03/16/17 18:02:25  Done     Pre   Queued    Post   Ready   Un-Ready   Failed
03/16/17 18:02:25   ===     ===      ===     ===     ===        ===      ===
03/16/17 18:02:25     2       0        0       0       1          2        0
03/16/17 18:02:25 0 job proc(s) currently held
03/16/17 18:02:30 Submitting Condor Node prms_ID0000001 job(s)...
03/16/17 18:02:30 Adding a DAGMan workflow log /u/obidele/PERF/PROJ/prms4.0.2_src/projects/sagehen/submit/obidele/pegasus/prms-wf/run0001/./prms-wf-0.dag.nodes.log
03/16/17 18:02:30 Masking the events recorded in the DAGMAN workflow log
03/16/17 18:02:30 Mask for workflow log is 0,1,2,4,5,7,9,10,11,12,13,16,17,24,27
03/16/17 18:02:30 submitting: /usr/bin/condor_submit -a dag_node_name' '=' 'prms_ID0000001 -a +DAGManJobId' '=' '100 -a DAGManJobId' '=' '100 -a submit_event_notes' '=' 'DAG' 'Node:' 'prms_ID0000001 -a dagman_log' '=' '/u/obidele/PERF/PROJ/prms4.0.2_src/projects/sagehen/submit/obidele/pegasus/prms-wf/run0001/./prms-wf-0.dag.nodes.log -a +DAGManNodesMask' '=' '"0,1,2,4,5,7,9,10,11,12,13,16,17,24,27" -a DAG_STATUS' '=' '0 -a FAILED_COUNT' '=' '0 -a +DAGParentNodeNames' '=' '"stage_in_remote_local_0_0" -a +KeepClaimIdle' '=' '20 -a notification' '=' 'never 00/00/prms_ID0000001.sub
03/16/17 18:02:30 From submit: Submitting job(s).
03/16/17 18:02:30 From submit: 1 job(s) submitted to cluster 103.
03/16/17 18:02:30 	assigned Condor ID (103.0.0)
03/16/17 18:02:30 Just submitted 1 job this cycle...
03/16/17 18:02:30 Currently monitoring 1 Condor log file(s)
03/16/17 18:02:30 Reassigning the id of job prms_ID0000001 from (103.0.0) to (103.0.0)
03/16/17 18:02:30 Event: ULOG_SUBMIT for Condor Node prms_ID0000001 (103.0.0)
03/16/17 18:02:30 Number of idle job procs: 1
03/16/17 18:02:30 DAG status: 0 (DAG_STATUS_OK)
03/16/17 18:02:30 Of 5 nodes total:
03/16/17 18:02:30  Done     Pre   Queued    Post   Ready   Un-Ready   Failed
03/16/17 18:02:30   ===     ===      ===     ===     ===        ===      ===
03/16/17 18:02:30     2       0        1       0       0          2        0
03/16/17 18:02:30 0 job proc(s) currently held
03/16/17 18:02:40 Currently monitoring 1 Condor log file(s)
03/16/17 18:02:40 Event: ULOG_EXECUTE for Condor Node prms_ID0000001 (103.0.0)
03/16/17 18:02:40 Number of idle job procs: 0
03/16/17 18:02:40 Event: ULOG_JOB_TERMINATED for Condor Node prms_ID0000001 (103.0.0)
03/16/17 18:02:40 Number of idle job procs: 0
03/16/17 18:02:40 Node prms_ID0000001 job proc (103.0.0) completed successfully.
03/16/17 18:02:40 Node prms_ID0000001 job completed
03/16/17 18:02:40 Running POST script of Node prms_ID0000001...
03/16/17 18:02:40 Warning: mysin has length 0 (ignore if produced by DAGMan; see gittrac #4987, #5031)
03/16/17 18:02:40 DAG status: 0 (DAG_STATUS_OK)
03/16/17 18:02:40 Of 5 nodes total:
03/16/17 18:02:40  Done     Pre   Queued    Post   Ready   Un-Ready   Failed
03/16/17 18:02:40   ===     ===      ===     ===     ===        ===      ===
03/16/17 18:02:40     2       0        0       1       0          2        0
03/16/17 18:02:40 0 job proc(s) currently held
03/16/17 18:02:40 Initializing user log writer for /u/obidele/PERF/PROJ/prms4.0.2_src/projects/sagehen/submit/obidele/pegasus/prms-wf/run0001/./prms-wf-0.dag.nodes.log, (103.0.0)
03/16/17 18:02:45 Currently monitoring 1 Condor log file(s)
03/16/17 18:02:45 Event: ULOG_POST_SCRIPT_TERMINATED for Condor Node prms_ID0000001 (103.0.0)
03/16/17 18:02:45 POST Script of Node prms_ID0000001 completed successfully.
03/16/17 18:02:45 DAG status: 0 (DAG_STATUS_OK)
03/16/17 18:02:45 Of 5 nodes total:
03/16/17 18:02:45  Done     Pre   Queued    Post   Ready   Un-Ready   Failed
03/16/17 18:02:45   ===     ===      ===     ===     ===        ===      ===
03/16/17 18:02:45     3       0        0       0       1          1        0
03/16/17 18:02:45 0 job proc(s) currently held
03/16/17 18:02:50 Submitting Condor Node stage_out_local_local_0_0 job(s)...
03/16/17 18:02:50 Adding a DAGMan workflow log /u/obidele/PERF/PROJ/prms4.0.2_src/projects/sagehen/submit/obidele/pegasus/prms-wf/run0001/./prms-wf-0.dag.nodes.log
03/16/17 18:02:50 Masking the events recorded in the DAGMAN workflow log
03/16/17 18:02:50 Mask for workflow log is 0,1,2,4,5,7,9,10,11,12,13,16,17,24,27
03/16/17 18:02:50 submitting: /usr/bin/condor_submit -a dag_node_name' '=' 'stage_out_local_local_0_0 -a +DAGManJobId' '=' '100 -a DAGManJobId' '=' '100 -a submit_event_notes' '=' 'DAG' 'Node:' 'stage_out_local_local_0_0 -a dagman_log' '=' '/u/obidele/PERF/PROJ/prms4.0.2_src/projects/sagehen/submit/obidele/pegasus/prms-wf/run0001/./prms-wf-0.dag.nodes.log -a +DAGManNodesMask' '=' '"0,1,2,4,5,7,9,10,11,12,13,16,17,24,27" -a DAG_STATUS' '=' '0 -a FAILED_COUNT' '=' '0 -a +DAGParentNodeNames' '=' '"prms_ID0000001" -a +KeepClaimIdle' '=' '20 -a notification' '=' 'never 00/00/stage_out_local_local_0_0.sub
03/16/17 18:02:50 From submit: Submitting job(s).
03/16/17 18:02:50 From submit: 1 job(s) submitted to cluster 104.
03/16/17 18:02:50 	assigned Condor ID (104.0.0)
03/16/17 18:02:50 Just submitted 1 job this cycle...
03/16/17 18:02:50 Currently monitoring 1 Condor log file(s)
03/16/17 18:02:50 Reassigning the id of job stage_out_local_local_0_0 from (104.0.0) to (104.0.0)
03/16/17 18:02:50 Event: ULOG_SUBMIT for Condor Node stage_out_local_local_0_0 (104.0.0)
03/16/17 18:02:50 Number of idle job procs: 1
03/16/17 18:02:50 DAG status: 0 (DAG_STATUS_OK)
03/16/17 18:02:50 Of 5 nodes total:
03/16/17 18:02:50  Done     Pre   Queued    Post   Ready   Un-Ready   Failed
03/16/17 18:02:50   ===     ===      ===     ===     ===        ===      ===
03/16/17 18:02:50     3       0        1       0       0          1        0
03/16/17 18:02:50 0 job proc(s) currently held
03/16/17 18:02:55 Currently monitoring 1 Condor log file(s)
03/16/17 18:02:55 Event: ULOG_EXECUTE for Condor Node stage_out_local_local_0_0 (104.0.0)
03/16/17 18:02:55 Number of idle job procs: 0
03/16/17 18:02:55 Event: ULOG_JOB_TERMINATED for Condor Node stage_out_local_local_0_0 (104.0.0)
03/16/17 18:02:55 Number of idle job procs: 0
03/16/17 18:02:55 Node stage_out_local_local_0_0 job proc (104.0.0) completed successfully.
03/16/17 18:02:55 Node stage_out_local_local_0_0 job completed
03/16/17 18:02:55 Running POST script of Node stage_out_local_local_0_0...
03/16/17 18:02:55 Warning: mysin has length 0 (ignore if produced by DAGMan; see gittrac #4987, #5031)
03/16/17 18:02:55 DAG status: 0 (DAG_STATUS_OK)
03/16/17 18:02:55 Of 5 nodes total:
03/16/17 18:02:55  Done     Pre   Queued    Post   Ready   Un-Ready   Failed
03/16/17 18:02:55   ===     ===      ===     ===     ===        ===      ===
03/16/17 18:02:55     3       0        0       1       0          1        0
03/16/17 18:02:55 0 job proc(s) currently held
03/16/17 18:02:55 Initializing user log writer for /u/obidele/PERF/PROJ/prms4.0.2_src/projects/sagehen/submit/obidele/pegasus/prms-wf/run0001/./prms-wf-0.dag.nodes.log, (104.0.0)
03/16/17 18:03:00 Currently monitoring 1 Condor log file(s)
03/16/17 18:03:00 Event: ULOG_POST_SCRIPT_TERMINATED for Condor Node stage_out_local_local_0_0 (104.0.0)
03/16/17 18:03:00 POST Script of Node stage_out_local_local_0_0 completed successfully.
03/16/17 18:03:00 DAG status: 0 (DAG_STATUS_OK)
03/16/17 18:03:00 Of 5 nodes total:
03/16/17 18:03:00  Done     Pre   Queued    Post   Ready   Un-Ready   Failed
03/16/17 18:03:00   ===     ===      ===     ===     ===        ===      ===
03/16/17 18:03:00     4       0        0       0       1          0        0
03/16/17 18:03:00 0 job proc(s) currently held
03/16/17 18:03:05 Submitting Condor Node cleanup_prms-wf_0_local job(s)...
03/16/17 18:03:05 Adding a DAGMan workflow log /u/obidele/PERF/PROJ/prms4.0.2_src/projects/sagehen/submit/obidele/pegasus/prms-wf/run0001/./prms-wf-0.dag.nodes.log
03/16/17 18:03:05 Masking the events recorded in the DAGMAN workflow log
03/16/17 18:03:05 Mask for workflow log is 0,1,2,4,5,7,9,10,11,12,13,16,17,24,27
03/16/17 18:03:05 submitting: /usr/bin/condor_submit -a dag_node_name' '=' 'cleanup_prms-wf_0_local -a +DAGManJobId' '=' '100 -a DAGManJobId' '=' '100 -a submit_event_notes' '=' 'DAG' 'Node:' 'cleanup_prms-wf_0_local -a dagman_log' '=' '/u/obidele/PERF/PROJ/prms4.0.2_src/projects/sagehen/submit/obidele/pegasus/prms-wf/run0001/./prms-wf-0.dag.nodes.log -a +DAGManNodesMask' '=' '"0,1,2,4,5,7,9,10,11,12,13,16,17,24,27" -a DAG_STATUS' '=' '0 -a FAILED_COUNT' '=' '0 -a +DAGParentNodeNames' '=' '"stage_out_local_local_0_0" -a notification' '=' 'never 00/00/cleanup_prms-wf_0_local.sub
03/16/17 18:03:05 From submit: Submitting job(s).
03/16/17 18:03:05 From submit: 1 job(s) submitted to cluster 105.
03/16/17 18:03:05 	assigned Condor ID (105.0.0)
03/16/17 18:03:05 Just submitted 1 job this cycle...
03/16/17 18:03:05 Currently monitoring 1 Condor log file(s)
03/16/17 18:03:05 Reassigning the id of job cleanup_prms-wf_0_local from (105.0.0) to (105.0.0)
03/16/17 18:03:05 Event: ULOG_SUBMIT for Condor Node cleanup_prms-wf_0_local (105.0.0)
03/16/17 18:03:05 Number of idle job procs: 1
03/16/17 18:03:05 DAG status: 0 (DAG_STATUS_OK)
03/16/17 18:03:05 Of 5 nodes total:
03/16/17 18:03:05  Done     Pre   Queued    Post   Ready   Un-Ready   Failed
03/16/17 18:03:05   ===     ===      ===     ===     ===        ===      ===
03/16/17 18:03:05     4       0        1       0       0          0        0
03/16/17 18:03:05 0 job proc(s) currently held
03/16/17 18:03:11 Currently monitoring 1 Condor log file(s)
03/16/17 18:03:11 Event: ULOG_EXECUTE for Condor Node cleanup_prms-wf_0_local (105.0.0)
03/16/17 18:03:11 Number of idle job procs: 0
03/16/17 18:03:11 Event: ULOG_JOB_TERMINATED for Condor Node cleanup_prms-wf_0_local (105.0.0)
03/16/17 18:03:11 Number of idle job procs: 0
03/16/17 18:03:11 Node cleanup_prms-wf_0_local job proc (105.0.0) completed successfully.
03/16/17 18:03:11 Node cleanup_prms-wf_0_local job completed
03/16/17 18:03:11 DAG status: 0 (DAG_STATUS_OK)
03/16/17 18:03:11 Of 5 nodes total:
03/16/17 18:03:11  Done     Pre   Queued    Post   Ready   Un-Ready   Failed
03/16/17 18:03:11   ===     ===      ===     ===     ===        ===      ===
03/16/17 18:03:11     5       0        0       0       0          0        0
03/16/17 18:03:11 0 job proc(s) currently held
03/16/17 18:03:11 All jobs Completed!
03/16/17 18:03:11 Note: 0 total job deferrals because of -MaxJobs limit (0)
03/16/17 18:03:11 Note: 0 total job deferrals because of -MaxIdle limit (1000)
03/16/17 18:03:11 Note: 0 total job deferrals because of node category throttles
03/16/17 18:03:11 Note: 0 total PRE script deferrals because of -MaxPre limit (20) or DEFER
03/16/17 18:03:11 Note: 0 total POST script deferrals because of -MaxPost limit (20) or DEFER
03/16/17 18:03:11 DAG status: 0 (DAG_STATUS_OK)
03/16/17 18:03:11 Of 5 nodes total:
03/16/17 18:03:11  Done     Pre   Queued    Post   Ready   Un-Ready   Failed
03/16/17 18:03:11   ===     ===      ===     ===     ===        ===      ===
03/16/17 18:03:11     5       0        0       0       0          0        0
03/16/17 18:03:11 0 job proc(s) currently held
03/16/17 18:03:11 Wrote metrics file prms-wf-0.dag.metrics.
03/16/17 18:03:11 Reporting metrics to Pegasus metrics server(s); output is in prms-wf-0.dag.metrics.out.
03/16/17 18:03:11 Running command </usr/lib/condor/libexec/condor_dagman_metrics_reporter -f prms-wf-0.dag.metrics -t 100>
03/16/17 18:03:11 Warning: mysin has length 0 (ignore if produced by DAGMan; see gittrac #4987, #5031)
03/16/17 18:03:11 **** condor_scheduniv_exec.100.0 (condor_DAGMAN) pid 2525653 EXITING WITH STATUS 0
