03/15/17 22:36:24 ******************************************************
03/15/17 22:36:24 ** condor_scheduniv_exec.60.0 (CONDOR_DAGMAN) STARTING UP
03/15/17 22:36:24 ** /usr/bin/condor_dagman
03/15/17 22:36:24 ** SubsystemInfo: name=DAGMAN type=DAGMAN(10) class=DAEMON(1)
03/15/17 22:36:24 ** Configuration: subsystem:DAGMAN local:<NONE> class:DAEMON
03/15/17 22:36:24 ** $CondorVersion: 8.4.2 Feb 22 2016 BuildID: Debian-8.4.2~dfsg.1-1build1 Debian-8.4.2~dfsg.1-1build1 $
03/15/17 22:36:24 ** $CondorPlatform: X86_64-Ubuntu_ $
03/15/17 22:36:24 ** PID = 2397215
03/15/17 22:36:24 ** Log last touched time unavailable (No such file or directory)
03/15/17 22:36:24 ******************************************************
03/15/17 22:36:24 Using config source: /etc/condor/condor_config
03/15/17 22:36:24 Using local config sources: 
03/15/17 22:36:24    /etc/condor/config.d/00debconf
03/15/17 22:36:24    /etc/condor/condor_config.local
03/15/17 22:36:24 config Macros = 70, Sorted = 70, StringBytes = 2050, TablesBytes = 2576
03/15/17 22:36:24 CLASSAD_CACHING is ENABLED
03/15/17 22:36:24 Daemon Log is logging: D_ALWAYS D_ERROR
03/15/17 22:36:24 DaemonCore: No command port requested.
03/15/17 22:36:24 DAGMAN_USE_STRICT setting: 1
03/15/17 22:36:24 DAGMAN_VERBOSITY setting: 3
03/15/17 22:36:24 DAGMAN_DEBUG_CACHE_SIZE setting: 5242880
03/15/17 22:36:24 DAGMAN_DEBUG_CACHE_ENABLE setting: False
03/15/17 22:36:24 DAGMAN_SUBMIT_DELAY setting: 0
03/15/17 22:36:24 DAGMAN_MAX_SUBMIT_ATTEMPTS setting: 6
03/15/17 22:36:24 DAGMAN_STARTUP_CYCLE_DETECT setting: False
03/15/17 22:36:24 DAGMAN_MAX_SUBMITS_PER_INTERVAL setting: 5
03/15/17 22:36:24 DAGMAN_USER_LOG_SCAN_INTERVAL setting: 5
03/15/17 22:36:24 DAGMAN_DEFAULT_PRIORITY setting: 0
03/15/17 22:36:24 DAGMAN_SUPPRESS_NOTIFICATION setting: True
03/15/17 22:36:24 allow_events (DAGMAN_ALLOW_EVENTS) setting: 114
03/15/17 22:36:24 DAGMAN_RETRY_SUBMIT_FIRST setting: True
03/15/17 22:36:24 DAGMAN_RETRY_NODE_FIRST setting: False
03/15/17 22:36:24 DAGMAN_MAX_JOBS_IDLE setting: 1000
03/15/17 22:36:24 DAGMAN_MAX_JOBS_SUBMITTED setting: 0
03/15/17 22:36:24 DAGMAN_MAX_PRE_SCRIPTS setting: 20
03/15/17 22:36:24 DAGMAN_MAX_POST_SCRIPTS setting: 20
03/15/17 22:36:24 DAGMAN_ALLOW_LOG_ERROR setting: False
03/15/17 22:36:24 DAGMAN_MUNGE_NODE_NAMES setting: True
03/15/17 22:36:24 DAGMAN_PROHIBIT_MULTI_JOBS setting: False
03/15/17 22:36:24 DAGMAN_SUBMIT_DEPTH_FIRST setting: False
03/15/17 22:36:24 DAGMAN_ALWAYS_RUN_POST setting: True
03/15/17 22:36:24 DAGMAN_ABORT_DUPLICATES setting: True
03/15/17 22:36:24 DAGMAN_ABORT_ON_SCARY_SUBMIT setting: True
03/15/17 22:36:24 DAGMAN_PENDING_REPORT_INTERVAL setting: 600
03/15/17 22:36:24 DAGMAN_AUTO_RESCUE setting: True
03/15/17 22:36:24 DAGMAN_MAX_RESCUE_NUM setting: 100
03/15/17 22:36:24 DAGMAN_WRITE_PARTIAL_RESCUE setting: True
03/15/17 22:36:24 DAGMAN_DEFAULT_NODE_LOG setting: @(DAG_DIR)/@(DAG_FILE).nodes.log
03/15/17 22:36:24 DAGMAN_GENERATE_SUBDAG_SUBMITS setting: True
03/15/17 22:36:24 DAGMAN_MAX_JOB_HOLDS setting: 100
03/15/17 22:36:24 DAGMAN_HOLD_CLAIM_TIME setting: 20
03/15/17 22:36:24 ALL_DEBUG setting: 
03/15/17 22:36:24 DAGMAN_DEBUG setting: 
03/15/17 22:36:24 DAGMAN_SUPPRESS_JOB_LOGS setting: False
03/15/17 22:36:24 argv[0] == "condor_scheduniv_exec.60.0"
03/15/17 22:36:24 argv[1] == "-Lockfile"
03/15/17 22:36:24 argv[2] == "process-0.dag.lock"
03/15/17 22:36:24 argv[3] == "-AutoRescue"
03/15/17 22:36:24 argv[4] == "1"
03/15/17 22:36:24 argv[5] == "-DoRescueFrom"
03/15/17 22:36:24 argv[6] == "0"
03/15/17 22:36:24 argv[7] == "-Dag"
03/15/17 22:36:24 argv[8] == "process-0.dag"
03/15/17 22:36:24 argv[9] == "-MaxPost"
03/15/17 22:36:24 argv[10] == "20"
03/15/17 22:36:24 argv[11] == "-Suppress_notification"
03/15/17 22:36:24 argv[12] == "-CsdVersion"
03/15/17 22:36:24 argv[13] == "$CondorVersion: 8.4.2 Feb 22 2016 BuildID: Debian-8.4.2~dfsg.1-1build1 Debian-8.4.2~dfsg.1-1build1 $"
03/15/17 22:36:24 argv[14] == "-Dagman"
03/15/17 22:36:24 argv[15] == "/usr/bin/condor_dagman"
03/15/17 22:36:24 Warning: failed to get attribute DAGNodeName
03/15/17 22:36:24 Ignoring value of DAGMAN_LOG_ON_NFS_IS_ERROR because ENABLE_USERLOG_LOCKING and CREATE_LOCKS_ON_LOCAL_DISK are true.
03/15/17 22:36:24 Default node log file is: </u/obidele/PERF/PROJ/prms4.0.2_src/projects/sagehen/submit/obidele/pegasus/process/run0007/./process-0.dag.nodes.log>
03/15/17 22:36:24 DAG Lockfile will be written to process-0.dag.lock
03/15/17 22:36:24 DAG Input file is process-0.dag
03/15/17 22:36:24 Parsing 1 dagfiles
03/15/17 22:36:24 Parsing process-0.dag ...
03/15/17 22:36:24 Warning:  no value for submit_hostname in braindump file
03/15/17 22:36:24 Warning: category registration has no throttle value set
03/15/17 22:36:24 Warning: category stage-out has no throttle value set
03/15/17 22:36:24 Dag contains 5 total jobs
03/15/17 22:36:24 Sleeping for 3 seconds to ensure ProcessId uniqueness
03/15/17 22:36:27 Bootstrapping...
03/15/17 22:36:27 Number of pre-completed nodes: 0
03/15/17 22:36:27 MultiLogFiles: truncating log file /u/obidele/PERF/PROJ/prms4.0.2_src/projects/sagehen/submit/obidele/pegasus/process/run0007/./process-0.dag.nodes.log
03/15/17 22:36:27 DAG status: 0 (DAG_STATUS_OK)
03/15/17 22:36:27 Of 5 nodes total:
03/15/17 22:36:27  Done     Pre   Queued    Post   Ready   Un-Ready   Failed
03/15/17 22:36:27   ===     ===      ===     ===     ===        ===      ===
03/15/17 22:36:27     0       0        0       0       1          4        0
03/15/17 22:36:27 0 job proc(s) currently held
03/15/17 22:36:27 Registering condor_event_timer...
03/15/17 22:36:28 Submitting Condor Node create_dir_process_0_local job(s)...
03/15/17 22:36:28 Adding a DAGMan workflow log /u/obidele/PERF/PROJ/prms4.0.2_src/projects/sagehen/submit/obidele/pegasus/process/run0007/./process-0.dag.nodes.log
03/15/17 22:36:28 Masking the events recorded in the DAGMAN workflow log
03/15/17 22:36:28 Mask for workflow log is 0,1,2,4,5,7,9,10,11,12,13,16,17,24,27
03/15/17 22:36:28 submitting: /usr/bin/condor_submit -a dag_node_name' '=' 'create_dir_process_0_local -a +DAGManJobId' '=' '60 -a DAGManJobId' '=' '60 -a submit_event_notes' '=' 'DAG' 'Node:' 'create_dir_process_0_local -a dagman_log' '=' '/u/obidele/PERF/PROJ/prms4.0.2_src/projects/sagehen/submit/obidele/pegasus/process/run0007/./process-0.dag.nodes.log -a +DAGManNodesMask' '=' '"0,1,2,4,5,7,9,10,11,12,13,16,17,24,27" -a DAG_STATUS' '=' '0 -a FAILED_COUNT' '=' '0 -a +DAGParentNodeNames' '=' '"" -a +KeepClaimIdle' '=' '20 -a notification' '=' 'never 00/00/create_dir_process_0_local.sub
03/15/17 22:36:28 From submit: Submitting job(s).
03/15/17 22:36:28 From submit: 1 job(s) submitted to cluster 61.
03/15/17 22:36:28 	assigned Condor ID (61.0.0)
03/15/17 22:36:28 Just submitted 1 job this cycle...
03/15/17 22:36:28 Currently monitoring 1 Condor log file(s)
03/15/17 22:36:28 Reassigning the id of job create_dir_process_0_local from (61.0.0) to (61.0.0)
03/15/17 22:36:28 Event: ULOG_SUBMIT for Condor Node create_dir_process_0_local (61.0.0)
03/15/17 22:36:28 Number of idle job procs: 1
03/15/17 22:36:28 DAG status: 0 (DAG_STATUS_OK)
03/15/17 22:36:28 Of 5 nodes total:
03/15/17 22:36:28  Done     Pre   Queued    Post   Ready   Un-Ready   Failed
03/15/17 22:36:28   ===     ===      ===     ===     ===        ===      ===
03/15/17 22:36:28     0       0        1       0       0          4        0
03/15/17 22:36:28 0 job proc(s) currently held
03/15/17 22:36:33 Currently monitoring 1 Condor log file(s)
03/15/17 22:36:33 Event: ULOG_EXECUTE for Condor Node create_dir_process_0_local (61.0.0)
03/15/17 22:36:33 Number of idle job procs: 0
03/15/17 22:36:33 Event: ULOG_JOB_TERMINATED for Condor Node create_dir_process_0_local (61.0.0)
03/15/17 22:36:33 Number of idle job procs: 0
03/15/17 22:36:33 Node create_dir_process_0_local job proc (61.0.0) completed successfully.
03/15/17 22:36:33 Node create_dir_process_0_local job completed
03/15/17 22:36:33 Running POST script of Node create_dir_process_0_local...
03/15/17 22:36:33 Warning: mysin has length 0 (ignore if produced by DAGMan; see gittrac #4987, #5031)
03/15/17 22:36:33 DAG status: 0 (DAG_STATUS_OK)
03/15/17 22:36:33 Of 5 nodes total:
03/15/17 22:36:33  Done     Pre   Queued    Post   Ready   Un-Ready   Failed
03/15/17 22:36:33   ===     ===      ===     ===     ===        ===      ===
03/15/17 22:36:33     0       0        0       1       0          4        0
03/15/17 22:36:33 0 job proc(s) currently held
03/15/17 22:36:34 Initializing user log writer for /u/obidele/PERF/PROJ/prms4.0.2_src/projects/sagehen/submit/obidele/pegasus/process/run0007/./process-0.dag.nodes.log, (61.0.0)
03/15/17 22:36:39 Currently monitoring 1 Condor log file(s)
03/15/17 22:36:39 Event: ULOG_POST_SCRIPT_TERMINATED for Condor Node create_dir_process_0_local (61.0.0)
03/15/17 22:36:39 POST Script of Node create_dir_process_0_local completed successfully.
03/15/17 22:36:39 DAG status: 0 (DAG_STATUS_OK)
03/15/17 22:36:39 Of 5 nodes total:
03/15/17 22:36:39  Done     Pre   Queued    Post   Ready   Un-Ready   Failed
03/15/17 22:36:39   ===     ===      ===     ===     ===        ===      ===
03/15/17 22:36:39     1       0        0       0       1          3        0
03/15/17 22:36:39 0 job proc(s) currently held
03/15/17 22:36:44 Submitting Condor Node prms_ID0000001 job(s)...
03/15/17 22:36:44 Adding a DAGMan workflow log /u/obidele/PERF/PROJ/prms4.0.2_src/projects/sagehen/submit/obidele/pegasus/process/run0007/./process-0.dag.nodes.log
03/15/17 22:36:44 Masking the events recorded in the DAGMAN workflow log
03/15/17 22:36:44 Mask for workflow log is 0,1,2,4,5,7,9,10,11,12,13,16,17,24,27
03/15/17 22:36:44 submitting: /usr/bin/condor_submit -a dag_node_name' '=' 'prms_ID0000001 -a +DAGManJobId' '=' '60 -a DAGManJobId' '=' '60 -a submit_event_notes' '=' 'DAG' 'Node:' 'prms_ID0000001 -a dagman_log' '=' '/u/obidele/PERF/PROJ/prms4.0.2_src/projects/sagehen/submit/obidele/pegasus/process/run0007/./process-0.dag.nodes.log -a +DAGManNodesMask' '=' '"0,1,2,4,5,7,9,10,11,12,13,16,17,24,27" -a DAG_STATUS' '=' '0 -a FAILED_COUNT' '=' '0 -a +DAGParentNodeNames' '=' '"create_dir_process_0_local" -a +KeepClaimIdle' '=' '20 -a notification' '=' 'never 00/00/prms_ID0000001.sub
03/15/17 22:36:44 From submit: Submitting job(s).
03/15/17 22:36:44 From submit: 1 job(s) submitted to cluster 62.
03/15/17 22:36:44 	assigned Condor ID (62.0.0)
03/15/17 22:36:44 Just submitted 1 job this cycle...
03/15/17 22:36:44 Currently monitoring 1 Condor log file(s)
03/15/17 22:36:44 Reassigning the id of job prms_ID0000001 from (62.0.0) to (62.0.0)
03/15/17 22:36:44 Event: ULOG_SUBMIT for Condor Node prms_ID0000001 (62.0.0)
03/15/17 22:36:44 Number of idle job procs: 1
03/15/17 22:36:44 DAG status: 0 (DAG_STATUS_OK)
03/15/17 22:36:44 Of 5 nodes total:
03/15/17 22:36:44  Done     Pre   Queued    Post   Ready   Un-Ready   Failed
03/15/17 22:36:44   ===     ===      ===     ===     ===        ===      ===
03/15/17 22:36:44     1       0        1       0       0          3        0
03/15/17 22:36:44 0 job proc(s) currently held
03/15/17 22:37:09 Currently monitoring 1 Condor log file(s)
03/15/17 22:37:09 Event: ULOG_EXECUTE for Condor Node prms_ID0000001 (62.0.0)
03/15/17 22:37:09 Number of idle job procs: 0
03/15/17 22:37:09 Event: ULOG_SHADOW_EXCEPTION for Condor Node prms_ID0000001 (62.0.0)
03/15/17 22:37:09 Number of idle job procs: 1
03/15/17 22:37:09 Event: ULOG_JOB_HELD for Condor Node prms_ID0000001 (62.0.0)
03/15/17 22:37:09   Hold reason: Error from slot1@dewey.cs.pdx.edu: STARTER at 127.0.0.1 failed to send file(s) to <127.0.0.1:11385>: error reading from /var/lib/condor/execute/dir_2397310/sagehen.control: (errno 2) No such file or directory; SHADOW failed to receive file(s) from <127.0.0.1:53498>
03/15/17 22:37:09 Number of idle job procs: 1
03/15/17 22:37:09 DAG status: 0 (DAG_STATUS_OK)
03/15/17 22:37:09 Of 5 nodes total:
03/15/17 22:37:09  Done     Pre   Queued    Post   Ready   Un-Ready   Failed
03/15/17 22:37:09   ===     ===      ===     ===     ===        ===      ===
03/15/17 22:37:09     1       0        1       0       0          3        0
03/15/17 22:37:09 1 job proc(s) currently held
03/15/17 22:43:59 DAG is halted because halt file process-0.dag.halt exists
03/15/17 22:44:04 DAG is halted because halt file process-0.dag.halt exists
03/15/17 22:44:09 DAG is halted because halt file process-0.dag.halt exists
03/15/17 22:44:14 DAG is halted because halt file process-0.dag.halt exists
03/15/17 22:44:19 DAG is halted because halt file process-0.dag.halt exists
03/15/17 22:44:24 DAG is halted because halt file process-0.dag.halt exists
03/15/17 22:44:29 DAG is halted because halt file process-0.dag.halt exists
03/15/17 22:44:34 DAG is halted because halt file process-0.dag.halt exists
03/15/17 22:44:39 DAG is halted because halt file process-0.dag.halt exists
03/15/17 22:44:44 DAG is halted because halt file process-0.dag.halt exists
03/15/17 22:44:49 DAG is halted because halt file process-0.dag.halt exists
03/15/17 22:44:54 DAG is halted because halt file process-0.dag.halt exists
03/15/17 22:44:59 DAG is halted because halt file process-0.dag.halt exists
03/15/17 22:45:04 DAG is halted because halt file process-0.dag.halt exists
03/15/17 22:45:09 DAG is halted because halt file process-0.dag.halt exists
03/15/17 22:45:14 DAG is halted because halt file process-0.dag.halt exists
03/15/17 22:45:19 DAG is halted because halt file process-0.dag.halt exists
03/15/17 22:45:24 DAG is halted because halt file process-0.dag.halt exists
03/15/17 22:45:29 DAG is halted because halt file process-0.dag.halt exists
03/15/17 22:45:34 DAG is halted because halt file process-0.dag.halt exists
03/15/17 22:45:39 DAG is halted because halt file process-0.dag.halt exists
03/15/17 22:45:44 DAG is halted because halt file process-0.dag.halt exists
03/15/17 22:45:49 DAG is halted because halt file process-0.dag.halt exists
03/15/17 22:45:54 DAG is halted because halt file process-0.dag.halt exists
03/15/17 22:45:59 DAG is halted because halt file process-0.dag.halt exists
03/15/17 22:46:04 DAG is halted because halt file process-0.dag.halt exists
03/15/17 22:46:09 DAG is halted because halt file process-0.dag.halt exists
03/15/17 22:46:14 DAG is halted because halt file process-0.dag.halt exists
03/15/17 22:46:19 DAG is halted because halt file process-0.dag.halt exists
03/15/17 22:46:24 DAG is halted because halt file process-0.dag.halt exists
03/15/17 22:46:29 DAG is halted because halt file process-0.dag.halt exists
03/15/17 22:46:34 DAG is halted because halt file process-0.dag.halt exists
03/15/17 22:46:39 DAG is halted because halt file process-0.dag.halt exists
03/15/17 22:46:44 DAG is halted because halt file process-0.dag.halt exists
03/15/17 22:46:49 DAG is halted because halt file process-0.dag.halt exists
03/15/17 22:46:54 DAG is halted because halt file process-0.dag.halt exists
03/15/17 22:46:59 DAG is halted because halt file process-0.dag.halt exists
03/15/17 22:47:04 DAG is halted because halt file process-0.dag.halt exists
03/15/17 22:47:09 DAG is halted because halt file process-0.dag.halt exists
03/15/17 22:47:09 600 seconds since last log event
03/15/17 22:47:09 Pending DAG nodes:
03/15/17 22:47:09   Node prms_ID0000001, Condor ID 62, status STATUS_SUBMITTED
03/15/17 22:47:14 DAG is halted because halt file process-0.dag.halt exists
03/15/17 22:47:19 DAG is halted because halt file process-0.dag.halt exists
03/15/17 22:47:24 DAG is halted because halt file process-0.dag.halt exists
03/15/17 22:47:29 DAG is halted because halt file process-0.dag.halt exists
03/15/17 22:47:34 DAG is halted because halt file process-0.dag.halt exists
03/15/17 22:47:39 DAG is halted because halt file process-0.dag.halt exists
03/15/17 22:47:44 DAG is halted because halt file process-0.dag.halt exists
03/15/17 22:47:49 DAG is halted because halt file process-0.dag.halt exists
03/15/17 22:47:54 DAG is halted because halt file process-0.dag.halt exists
03/15/17 22:47:59 DAG is halted because halt file process-0.dag.halt exists
03/15/17 22:48:04 DAG is halted because halt file process-0.dag.halt exists
03/15/17 22:48:09 DAG is halted because halt file process-0.dag.halt exists
03/15/17 22:48:14 DAG is halted because halt file process-0.dag.halt exists
03/15/17 22:48:19 DAG is halted because halt file process-0.dag.halt exists
03/15/17 22:48:24 DAG is halted because halt file process-0.dag.halt exists
03/15/17 22:48:29 DAG is halted because halt file process-0.dag.halt exists
03/15/17 22:48:34 DAG is halted because halt file process-0.dag.halt exists
03/15/17 22:48:40 DAG is halted because halt file process-0.dag.halt exists
03/15/17 22:48:45 DAG is halted because halt file process-0.dag.halt exists
03/15/17 22:48:50 DAG is halted because halt file process-0.dag.halt exists
03/15/17 22:48:55 DAG is halted because halt file process-0.dag.halt exists
03/15/17 22:49:00 DAG is halted because halt file process-0.dag.halt exists
03/15/17 22:49:05 DAG is halted because halt file process-0.dag.halt exists
03/15/17 22:49:10 DAG is halted because halt file process-0.dag.halt exists
03/15/17 22:49:15 DAG is halted because halt file process-0.dag.halt exists
03/15/17 22:49:20 DAG is halted because halt file process-0.dag.halt exists
03/15/17 22:49:25 DAG is halted because halt file process-0.dag.halt exists
03/15/17 22:49:30 DAG is halted because halt file process-0.dag.halt exists
03/15/17 22:49:35 DAG is halted because halt file process-0.dag.halt exists
03/15/17 22:49:40 DAG is halted because halt file process-0.dag.halt exists
03/15/17 22:49:45 DAG is halted because halt file process-0.dag.halt exists
03/15/17 22:49:50 DAG is halted because halt file process-0.dag.halt exists
03/15/17 22:49:55 DAG is halted because halt file process-0.dag.halt exists
03/15/17 22:50:00 DAG is halted because halt file process-0.dag.halt exists
03/15/17 22:50:05 DAG is halted because halt file process-0.dag.halt exists
03/15/17 22:50:10 DAG is halted because halt file process-0.dag.halt exists
03/15/17 22:50:15 DAG is halted because halt file process-0.dag.halt exists
03/15/17 22:50:20 DAG is halted because halt file process-0.dag.halt exists
03/15/17 22:50:25 DAG is halted because halt file process-0.dag.halt exists
03/15/17 22:50:30 DAG is halted because halt file process-0.dag.halt exists
03/15/17 22:50:35 DAG is halted because halt file process-0.dag.halt exists
03/15/17 22:50:40 DAG is halted because halt file process-0.dag.halt exists
03/15/17 22:50:45 DAG is halted because halt file process-0.dag.halt exists
03/15/17 22:50:50 DAG is halted because halt file process-0.dag.halt exists
03/15/17 22:50:50 Received SIGUSR1
03/15/17 22:50:50 Aborting DAG...
03/15/17 22:50:50 Writing Rescue DAG to process-0.dag.rescue001...
03/15/17 22:50:50 Removing submitted jobs...
03/15/17 22:50:50 Note: 0 total job deferrals because of -MaxJobs limit (0)
03/15/17 22:50:50 Note: 0 total job deferrals because of -MaxIdle limit (1000)
03/15/17 22:50:50 Note: 0 total job deferrals because of node category throttles
03/15/17 22:50:50 Note: 0 total PRE script deferrals because of -MaxPre limit (20) or DEFER
03/15/17 22:50:50 Note: 0 total POST script deferrals because of -MaxPost limit (20) or DEFER
03/15/17 22:50:50 DAG status: 4 (DAG_STATUS_RM)
03/15/17 22:50:50 Of 5 nodes total:
03/15/17 22:50:50  Done     Pre   Queued    Post   Ready   Un-Ready   Failed
03/15/17 22:50:50   ===     ===      ===     ===     ===        ===      ===
03/15/17 22:50:50     1       0        1       0       0          3        0
03/15/17 22:50:50 1 job proc(s) currently held
03/15/17 22:50:50 Wrote metrics file process-0.dag.metrics.
03/15/17 22:50:50 Reporting metrics to Pegasus metrics server(s); output is in process-0.dag.metrics.out.
03/15/17 22:50:50 Running command </usr/lib/condor/libexec/condor_dagman_metrics_reporter -f process-0.dag.metrics -s -t 100>
03/15/17 22:50:50 Warning: mysin has length 0 (ignore if produced by DAGMan; see gittrac #4987, #5031)
03/15/17 22:50:50 **** condor_scheduniv_exec.60.0 (condor_DAGMAN) pid 2397215 EXITING WITH STATUS 2
