1489551270 INTERNAL *** MONITORD_STARTED ***
1489551269 INTERNAL *** DAGMAN_STARTED 44.0 ***
1489551273 create_dir_process_0_local SUBMIT 45.0 local - 1
1489551278 create_dir_process_0_local EXECUTE 45.0 local - 1
1489551278 create_dir_process_0_local JOB_TERMINATED 45.0 local - 1
1489551278 create_dir_process_0_local JOB_SUCCESS 0 local - 1
1489551278 create_dir_process_0_local POST_SCRIPT_STARTED 45.0 local - 1
1489551283 create_dir_process_0_local POST_SCRIPT_TERMINATED 45.0 local - 1
1489551283 create_dir_process_0_local POST_SCRIPT_SUCCESS 0 local - 1
1489551288 prms_ID0000001 SUBMIT 46.0 condorpool - 2
1489551293 prms_ID0000001 EXECUTE 46.0 condorpool - 2
1489551293 prms_ID0000001 JOB_TERMINATED 46.0 condorpool - 2
1489551293 prms_ID0000001 JOB_FAILURE 127 condorpool - 2
1489551293 prms_ID0000001 POST_SCRIPT_STARTED 46.0 condorpool - 2
1489551298 prms_ID0000001 POST_SCRIPT_TERMINATED 46.0 condorpool - 2
1489551298 prms_ID0000001 POST_SCRIPT_FAILURE 1 condorpool - 2
1489551303 prms_ID0000001 SUBMIT 47.0 condorpool - 3
1489551308 prms_ID0000001 EXECUTE 47.0 condorpool - 3
1489551308 prms_ID0000001 JOB_TERMINATED 47.0 condorpool - 3
1489551308 prms_ID0000001 JOB_FAILURE 127 condorpool - 3
1489551308 prms_ID0000001 POST_SCRIPT_STARTED 47.0 condorpool - 3
1489551313 prms_ID0000001 POST_SCRIPT_TERMINATED 47.0 condorpool - 3
1489551313 prms_ID0000001 POST_SCRIPT_FAILURE 1 condorpool - 3
1489551314 INTERNAL *** DAGMAN_FINISHED 1 ***
1489551315 INTERNAL *** MONITORD_FINISHED 0 ***
