000 (045.000.000) 03/14 21:14:33 Job submitted from host: <127.0.0.1:23672?addrs=127.0.0.1-23672>
    DAG Node: create_dir_process_0_local
    pool:local
...
001 (045.000.000) 03/14 21:14:34 Job executing on host: <127.0.0.1:59603?addrs=127.0.0.1-59603>
...
005 (045.000.000) 03/14 21:14:36 Job terminated.
	(1) Normal termination (return value 0)
		Usr 0 00:00:00, Sys 0 00:00:00  -  Run Remote Usage
		Usr 0 00:00:00, Sys 0 00:00:00  -  Run Local Usage
		Usr 0 00:00:00, Sys 0 00:00:00  -  Total Remote Usage
		Usr 0 00:00:00, Sys 0 00:00:00  -  Total Local Usage
	0  -  Run Bytes Sent By Job
	0  -  Run Bytes Received By Job
	0  -  Total Bytes Sent By Job
	0  -  Total Bytes Received By Job
...
016 (045.000.000) 03/14 21:14:38 POST Script terminated.
	(1) Normal termination (return value 0)
    DAG Node: create_dir_process_0_local
...
000 (046.000.000) 03/14 21:14:48 Job submitted from host: <127.0.0.1:23672?addrs=127.0.0.1-23672>
    DAG Node: prms_ID0000001
    pool:condorpool
...
001 (046.000.000) 03/14 21:14:49 Job executing on host: <127.0.0.1:60981?addrs=127.0.0.1-60981>
...
005 (046.000.000) 03/14 21:14:50 Job terminated.
	(1) Normal termination (return value 127)
		Usr 0 00:00:00, Sys 0 00:00:00  -  Run Remote Usage
		Usr 0 00:00:00, Sys 0 00:00:00  -  Run Local Usage
		Usr 0 00:00:00, Sys 0 00:00:00  -  Total Remote Usage
		Usr 0 00:00:00, Sys 0 00:00:00  -  Total Local Usage
	7954  -  Run Bytes Sent By Job
	10322875  -  Run Bytes Received By Job
	7954  -  Total Bytes Sent By Job
	10322875  -  Total Bytes Received By Job
	Partitionable Resources :    Usage  Request Allocated
	   Cpus                 :                 1         1
	   Disk (KB)            :    42313    12500   6777661
	   Memory (MB)          :        0        1      3983
...
016 (046.000.000) 03/14 21:14:53 POST Script terminated.
	(1) Normal termination (return value 1)
    DAG Node: prms_ID0000001
...
000 (047.000.000) 03/14 21:15:03 Job submitted from host: <127.0.0.1:23672?addrs=127.0.0.1-23672>
    DAG Node: prms_ID0000001
    pool:condorpool
...
001 (047.000.000) 03/14 21:15:03 Job executing on host: <127.0.0.1:60981?addrs=127.0.0.1-60981>
...
005 (047.000.000) 03/14 21:15:04 Job terminated.
	(1) Normal termination (return value 127)
		Usr 0 00:00:00, Sys 0 00:00:00  -  Run Remote Usage
		Usr 0 00:00:00, Sys 0 00:00:00  -  Run Local Usage
		Usr 0 00:00:00, Sys 0 00:00:00  -  Total Remote Usage
		Usr 0 00:00:00, Sys 0 00:00:00  -  Total Local Usage
	7954  -  Run Bytes Sent By Job
	10322875  -  Run Bytes Received By Job
	7954  -  Total Bytes Sent By Job
	10322875  -  Total Bytes Received By Job
	Partitionable Resources :    Usage  Request Allocated
	   Cpus                 :                 1         1
	   Disk (KB)            :    42313    12500   6777661
	   Memory (MB)          :        0        1      3983
...
016 (047.000.000) 03/14 21:15:08 POST Script terminated.
	(1) Normal termination (return value 1)
    DAG Node: prms_ID0000001
...
