000 (084.000.000) 03/16 13:20:17 Job submitted from host: <127.0.0.1:23672?addrs=127.0.0.1-23672>
    DAG Node: create_dir_process_0_local
    pool:local
...
001 (084.000.000) 03/16 13:20:19 Job executing on host: <127.0.0.1:58929?addrs=127.0.0.1-58929>
...
005 (084.000.000) 03/16 13:20:22 Job terminated.
	(1) Normal termination (return value 0)
		Usr 0 00:00:00, Sys 0 00:00:00  -  Run Remote Usage
		Usr 0 00:00:00, Sys 0 00:00:00  -  Run Local Usage
		Usr 0 00:00:00, Sys 0 00:00:00  -  Total Remote Usage
		Usr 0 00:00:00, Sys 0 00:00:00  -  Total Local Usage
	0  -  Run Bytes Sent By Job
	0  -  Run Bytes Received By Job
	0  -  Total Bytes Sent By Job
	0  -  Total Bytes Received By Job
...
016 (084.000.000) 03/16 13:20:22 POST Script terminated.
	(1) Normal termination (return value 0)
    DAG Node: create_dir_process_0_local
...
000 (085.000.000) 03/16 13:20:33 Job submitted from host: <127.0.0.1:23672?addrs=127.0.0.1-23672>
    DAG Node: stage_in_remote_local_0_0
    pool:local
...
001 (085.000.000) 03/16 13:20:33 Job executing on host: <127.0.0.1:12918?addrs=127.0.0.1-12918>
...
005 (085.000.000) 03/16 13:20:35 Job terminated.
	(1) Normal termination (return value 0)
		Usr 0 00:00:00, Sys 0 00:00:00  -  Run Remote Usage
		Usr 0 00:00:00, Sys 0 00:00:00  -  Run Local Usage
		Usr 0 00:00:00, Sys 0 00:00:00  -  Total Remote Usage
		Usr 0 00:00:00, Sys 0 00:00:00  -  Total Local Usage
	0  -  Run Bytes Sent By Job
	0  -  Run Bytes Received By Job
	0  -  Total Bytes Sent By Job
	0  -  Total Bytes Received By Job
...
016 (085.000.000) 03/16 13:20:38 POST Script terminated.
	(1) Normal termination (return value 0)
    DAG Node: stage_in_remote_local_0_0
...
000 (086.000.000) 03/16 13:20:48 Job submitted from host: <127.0.0.1:23672?addrs=127.0.0.1-23672>
    DAG Node: prms_ID0000001
    pool:condorpool
...
001 (086.000.000) 03/16 13:20:53 Job executing on host: <127.0.0.1:60981?addrs=127.0.0.1-60981>
...
005 (086.000.000) 03/16 13:20:54 Job terminated.
	(1) Normal termination (return value 0)
		Usr 0 00:00:00, Sys 0 00:00:00  -  Run Remote Usage
		Usr 0 00:00:00, Sys 0 00:00:00  -  Run Local Usage
		Usr 0 00:00:00, Sys 0 00:00:00  -  Total Remote Usage
		Usr 0 00:00:00, Sys 0 00:00:00  -  Total Local Usage
	4651  -  Run Bytes Sent By Job
	10324953  -  Run Bytes Received By Job
	4651  -  Total Bytes Sent By Job
	10324953  -  Total Bytes Received By Job
	Partitionable Resources :    Usage  Request Allocated
	   Cpus                 :                 1         1
	   Disk (KB)            :    42312    12500   6772060
	   Memory (MB)          :        0        1      3983
...
016 (086.000.000) 03/16 13:20:58 POST Script terminated.
	(1) Normal termination (return value 0)
    DAG Node: prms_ID0000001
...
000 (087.000.000) 03/16 13:21:08 Job submitted from host: <127.0.0.1:23672?addrs=127.0.0.1-23672>
    DAG Node: cleanup_process_0_local
    pool:local
...
001 (087.000.000) 03/16 13:21:08 Job executing on host: <127.0.0.1:61655?addrs=127.0.0.1-61655>
...
005 (087.000.000) 03/16 13:21:10 Job terminated.
	(1) Normal termination (return value 0)
		Usr 0 00:00:00, Sys 0 00:00:00  -  Run Remote Usage
		Usr 0 00:00:00, Sys 0 00:00:00  -  Run Local Usage
		Usr 0 00:00:00, Sys 0 00:00:00  -  Total Remote Usage
		Usr 0 00:00:00, Sys 0 00:00:00  -  Total Local Usage
	0  -  Run Bytes Sent By Job
	0  -  Run Bytes Received By Job
	0  -  Total Bytes Sent By Job
	0  -  Total Bytes Received By Job
...
