03/16/17 13:20:13 ******************************************************
03/16/17 13:20:13 ** condor_scheduniv_exec.83.0 (CONDOR_DAGMAN) STARTING UP
03/16/17 13:20:13 ** /usr/bin/condor_dagman
03/16/17 13:20:13 ** SubsystemInfo: name=DAGMAN type=DAGMAN(10) class=DAEMON(1)
03/16/17 13:20:13 ** Configuration: subsystem:DAGMAN local:<NONE> class:DAEMON
03/16/17 13:20:13 ** $CondorVersion: 8.4.2 Feb 22 2016 BuildID: Debian-8.4.2~dfsg.1-1build1 Debian-8.4.2~dfsg.1-1build1 $
03/16/17 13:20:13 ** $CondorPlatform: X86_64-Ubuntu_ $
03/16/17 13:20:13 ** PID = 2492749
03/16/17 13:20:13 ** Log last touched time unavailable (No such file or directory)
03/16/17 13:20:13 ******************************************************
03/16/17 13:20:13 Using config source: /etc/condor/condor_config
03/16/17 13:20:13 Using local config sources: 
03/16/17 13:20:13    /etc/condor/config.d/00debconf
03/16/17 13:20:13    /etc/condor/condor_config.local
03/16/17 13:20:13 config Macros = 70, Sorted = 70, StringBytes = 2050, TablesBytes = 2576
03/16/17 13:20:13 CLASSAD_CACHING is ENABLED
03/16/17 13:20:13 Daemon Log is logging: D_ALWAYS D_ERROR
03/16/17 13:20:13 DaemonCore: No command port requested.
03/16/17 13:20:13 DAGMAN_USE_STRICT setting: 1
03/16/17 13:20:13 DAGMAN_VERBOSITY setting: 3
03/16/17 13:20:13 DAGMAN_DEBUG_CACHE_SIZE setting: 5242880
03/16/17 13:20:13 DAGMAN_DEBUG_CACHE_ENABLE setting: False
03/16/17 13:20:13 DAGMAN_SUBMIT_DELAY setting: 0
03/16/17 13:20:13 DAGMAN_MAX_SUBMIT_ATTEMPTS setting: 6
03/16/17 13:20:13 DAGMAN_STARTUP_CYCLE_DETECT setting: False
03/16/17 13:20:13 DAGMAN_MAX_SUBMITS_PER_INTERVAL setting: 5
03/16/17 13:20:13 DAGMAN_USER_LOG_SCAN_INTERVAL setting: 5
03/16/17 13:20:13 DAGMAN_DEFAULT_PRIORITY setting: 0
03/16/17 13:20:13 DAGMAN_SUPPRESS_NOTIFICATION setting: True
03/16/17 13:20:13 allow_events (DAGMAN_ALLOW_EVENTS) setting: 114
03/16/17 13:20:13 DAGMAN_RETRY_SUBMIT_FIRST setting: True
03/16/17 13:20:13 DAGMAN_RETRY_NODE_FIRST setting: False
03/16/17 13:20:13 DAGMAN_MAX_JOBS_IDLE setting: 1000
03/16/17 13:20:13 DAGMAN_MAX_JOBS_SUBMITTED setting: 0
03/16/17 13:20:13 DAGMAN_MAX_PRE_SCRIPTS setting: 20
03/16/17 13:20:13 DAGMAN_MAX_POST_SCRIPTS setting: 20
03/16/17 13:20:13 DAGMAN_ALLOW_LOG_ERROR setting: False
03/16/17 13:20:13 DAGMAN_MUNGE_NODE_NAMES setting: True
03/16/17 13:20:13 DAGMAN_PROHIBIT_MULTI_JOBS setting: False
03/16/17 13:20:13 DAGMAN_SUBMIT_DEPTH_FIRST setting: False
03/16/17 13:20:13 DAGMAN_ALWAYS_RUN_POST setting: True
03/16/17 13:20:13 DAGMAN_ABORT_DUPLICATES setting: True
03/16/17 13:20:13 DAGMAN_ABORT_ON_SCARY_SUBMIT setting: True
03/16/17 13:20:13 DAGMAN_PENDING_REPORT_INTERVAL setting: 600
03/16/17 13:20:13 DAGMAN_AUTO_RESCUE setting: True
03/16/17 13:20:13 DAGMAN_MAX_RESCUE_NUM setting: 100
03/16/17 13:20:13 DAGMAN_WRITE_PARTIAL_RESCUE setting: True
03/16/17 13:20:13 DAGMAN_DEFAULT_NODE_LOG setting: @(DAG_DIR)/@(DAG_FILE).nodes.log
03/16/17 13:20:13 DAGMAN_GENERATE_SUBDAG_SUBMITS setting: True
03/16/17 13:20:13 DAGMAN_MAX_JOB_HOLDS setting: 100
03/16/17 13:20:13 DAGMAN_HOLD_CLAIM_TIME setting: 20
03/16/17 13:20:13 ALL_DEBUG setting: 
03/16/17 13:20:13 DAGMAN_DEBUG setting: 
03/16/17 13:20:13 DAGMAN_SUPPRESS_JOB_LOGS setting: False
03/16/17 13:20:13 argv[0] == "condor_scheduniv_exec.83.0"
03/16/17 13:20:13 argv[1] == "-Lockfile"
03/16/17 13:20:13 argv[2] == "process-0.dag.lock"
03/16/17 13:20:13 argv[3] == "-AutoRescue"
03/16/17 13:20:13 argv[4] == "1"
03/16/17 13:20:13 argv[5] == "-DoRescueFrom"
03/16/17 13:20:13 argv[6] == "0"
03/16/17 13:20:13 argv[7] == "-Dag"
03/16/17 13:20:13 argv[8] == "process-0.dag"
03/16/17 13:20:13 argv[9] == "-MaxPost"
03/16/17 13:20:13 argv[10] == "20"
03/16/17 13:20:13 argv[11] == "-Suppress_notification"
03/16/17 13:20:13 argv[12] == "-CsdVersion"
03/16/17 13:20:13 argv[13] == "$CondorVersion: 8.4.2 Feb 22 2016 BuildID: Debian-8.4.2~dfsg.1-1build1 Debian-8.4.2~dfsg.1-1build1 $"
03/16/17 13:20:13 argv[14] == "-Dagman"
03/16/17 13:20:13 argv[15] == "/usr/bin/condor_dagman"
03/16/17 13:20:13 Warning: failed to get attribute DAGNodeName
03/16/17 13:20:13 Ignoring value of DAGMAN_LOG_ON_NFS_IS_ERROR because ENABLE_USERLOG_LOCKING and CREATE_LOCKS_ON_LOCAL_DISK are true.
03/16/17 13:20:13 Default node log file is: </u/obidele/PERF/PROJ/prms4.0.2_src/projects/sagehen/submit/obidele/pegasus/process/run0014/./process-0.dag.nodes.log>
03/16/17 13:20:13 DAG Lockfile will be written to process-0.dag.lock
03/16/17 13:20:13 DAG Input file is process-0.dag
03/16/17 13:20:13 Parsing 1 dagfiles
03/16/17 13:20:13 Parsing process-0.dag ...
03/16/17 13:20:13 Warning:  no value for submit_hostname in braindump file
03/16/17 13:20:13 Warning: category registration has no assigned nodes, so the throttle setting (1) will have no effect
03/16/17 13:20:13 Warning: category stage-in has no throttle value set
03/16/17 13:20:13 Dag contains 4 total jobs
03/16/17 13:20:13 Sleeping for 3 seconds to ensure ProcessId uniqueness
03/16/17 13:20:16 Bootstrapping...
03/16/17 13:20:16 Number of pre-completed nodes: 0
03/16/17 13:20:16 MultiLogFiles: truncating log file /u/obidele/PERF/PROJ/prms4.0.2_src/projects/sagehen/submit/obidele/pegasus/process/run0014/./process-0.dag.nodes.log
03/16/17 13:20:16 DAG status: 0 (DAG_STATUS_OK)
03/16/17 13:20:16 Of 4 nodes total:
03/16/17 13:20:16  Done     Pre   Queued    Post   Ready   Un-Ready   Failed
03/16/17 13:20:16   ===     ===      ===     ===     ===        ===      ===
03/16/17 13:20:16     0       0        0       0       1          3        0
03/16/17 13:20:16 0 job proc(s) currently held
03/16/17 13:20:16 Registering condor_event_timer...
03/16/17 13:20:17 Submitting Condor Node create_dir_process_0_local job(s)...
03/16/17 13:20:17 Adding a DAGMan workflow log /u/obidele/PERF/PROJ/prms4.0.2_src/projects/sagehen/submit/obidele/pegasus/process/run0014/./process-0.dag.nodes.log
03/16/17 13:20:17 Masking the events recorded in the DAGMAN workflow log
03/16/17 13:20:17 Mask for workflow log is 0,1,2,4,5,7,9,10,11,12,13,16,17,24,27
03/16/17 13:20:17 submitting: /usr/bin/condor_submit -a dag_node_name' '=' 'create_dir_process_0_local -a +DAGManJobId' '=' '83 -a DAGManJobId' '=' '83 -a submit_event_notes' '=' 'DAG' 'Node:' 'create_dir_process_0_local -a dagman_log' '=' '/u/obidele/PERF/PROJ/prms4.0.2_src/projects/sagehen/submit/obidele/pegasus/process/run0014/./process-0.dag.nodes.log -a +DAGManNodesMask' '=' '"0,1,2,4,5,7,9,10,11,12,13,16,17,24,27" -a DAG_STATUS' '=' '0 -a FAILED_COUNT' '=' '0 -a +DAGParentNodeNames' '=' '"" -a +KeepClaimIdle' '=' '20 -a notification' '=' 'never 00/00/create_dir_process_0_local.sub
03/16/17 13:20:17 From submit: Submitting job(s).
03/16/17 13:20:17 From submit: 1 job(s) submitted to cluster 84.
03/16/17 13:20:17 	assigned Condor ID (84.0.0)
03/16/17 13:20:17 Just submitted 1 job this cycle...
03/16/17 13:20:17 Currently monitoring 1 Condor log file(s)
03/16/17 13:20:17 Reassigning the id of job create_dir_process_0_local from (84.0.0) to (84.0.0)
03/16/17 13:20:17 Event: ULOG_SUBMIT for Condor Node create_dir_process_0_local (84.0.0)
03/16/17 13:20:17 Number of idle job procs: 1
03/16/17 13:20:17 DAG status: 0 (DAG_STATUS_OK)
03/16/17 13:20:17 Of 4 nodes total:
03/16/17 13:20:17  Done     Pre   Queued    Post   Ready   Un-Ready   Failed
03/16/17 13:20:17   ===     ===      ===     ===     ===        ===      ===
03/16/17 13:20:17     0       0        1       0       0          3        0
03/16/17 13:20:17 0 job proc(s) currently held
03/16/17 13:20:22 Currently monitoring 1 Condor log file(s)
03/16/17 13:20:22 Event: ULOG_EXECUTE for Condor Node create_dir_process_0_local (84.0.0)
03/16/17 13:20:22 Number of idle job procs: 0
03/16/17 13:20:22 Event: ULOG_JOB_TERMINATED for Condor Node create_dir_process_0_local (84.0.0)
03/16/17 13:20:22 Number of idle job procs: 0
03/16/17 13:20:22 Node create_dir_process_0_local job proc (84.0.0) completed successfully.
03/16/17 13:20:22 Node create_dir_process_0_local job completed
03/16/17 13:20:22 Running POST script of Node create_dir_process_0_local...
03/16/17 13:20:22 Warning: mysin has length 0 (ignore if produced by DAGMan; see gittrac #4987, #5031)
03/16/17 13:20:22 DAG status: 0 (DAG_STATUS_OK)
03/16/17 13:20:22 Of 4 nodes total:
03/16/17 13:20:22  Done     Pre   Queued    Post   Ready   Un-Ready   Failed
03/16/17 13:20:22   ===     ===      ===     ===     ===        ===      ===
03/16/17 13:20:22     0       0        0       1       0          3        0
03/16/17 13:20:22 0 job proc(s) currently held
03/16/17 13:20:22 Initializing user log writer for /u/obidele/PERF/PROJ/prms4.0.2_src/projects/sagehen/submit/obidele/pegasus/process/run0014/./process-0.dag.nodes.log, (84.0.0)
03/16/17 13:20:27 Currently monitoring 1 Condor log file(s)
03/16/17 13:20:27 Event: ULOG_POST_SCRIPT_TERMINATED for Condor Node create_dir_process_0_local (84.0.0)
03/16/17 13:20:27 POST Script of Node create_dir_process_0_local completed successfully.
03/16/17 13:20:27 DAG status: 0 (DAG_STATUS_OK)
03/16/17 13:20:27 Of 4 nodes total:
03/16/17 13:20:27  Done     Pre   Queued    Post   Ready   Un-Ready   Failed
03/16/17 13:20:27   ===     ===      ===     ===     ===        ===      ===
03/16/17 13:20:27     1       0        0       0       1          2        0
03/16/17 13:20:27 0 job proc(s) currently held
03/16/17 13:20:32 Submitting Condor Node stage_in_remote_local_0_0 job(s)...
03/16/17 13:20:32 Adding a DAGMan workflow log /u/obidele/PERF/PROJ/prms4.0.2_src/projects/sagehen/submit/obidele/pegasus/process/run0014/./process-0.dag.nodes.log
03/16/17 13:20:32 Masking the events recorded in the DAGMAN workflow log
03/16/17 13:20:32 Mask for workflow log is 0,1,2,4,5,7,9,10,11,12,13,16,17,24,27
03/16/17 13:20:32 submitting: /usr/bin/condor_submit -a dag_node_name' '=' 'stage_in_remote_local_0_0 -a +DAGManJobId' '=' '83 -a DAGManJobId' '=' '83 -a submit_event_notes' '=' 'DAG' 'Node:' 'stage_in_remote_local_0_0 -a dagman_log' '=' '/u/obidele/PERF/PROJ/prms4.0.2_src/projects/sagehen/submit/obidele/pegasus/process/run0014/./process-0.dag.nodes.log -a +DAGManNodesMask' '=' '"0,1,2,4,5,7,9,10,11,12,13,16,17,24,27" -a DAG_STATUS' '=' '0 -a FAILED_COUNT' '=' '0 -a +DAGParentNodeNames' '=' '"create_dir_process_0_local" -a +KeepClaimIdle' '=' '20 -a notification' '=' 'never 00/00/stage_in_remote_local_0_0.sub
03/16/17 13:20:33 From submit: Submitting job(s).
03/16/17 13:20:33 From submit: 1 job(s) submitted to cluster 85.
03/16/17 13:20:33 	assigned Condor ID (85.0.0)
03/16/17 13:20:33 Just submitted 1 job this cycle...
03/16/17 13:20:33 Currently monitoring 1 Condor log file(s)
03/16/17 13:20:33 Reassigning the id of job stage_in_remote_local_0_0 from (85.0.0) to (85.0.0)
03/16/17 13:20:33 Event: ULOG_SUBMIT for Condor Node stage_in_remote_local_0_0 (85.0.0)
03/16/17 13:20:33 Number of idle job procs: 1
03/16/17 13:20:33 DAG status: 0 (DAG_STATUS_OK)
03/16/17 13:20:33 Of 4 nodes total:
03/16/17 13:20:33  Done     Pre   Queued    Post   Ready   Un-Ready   Failed
03/16/17 13:20:33   ===     ===      ===     ===     ===        ===      ===
03/16/17 13:20:33     1       0        1       0       0          2        0
03/16/17 13:20:33 0 job proc(s) currently held
03/16/17 13:20:38 Currently monitoring 1 Condor log file(s)
03/16/17 13:20:38 Event: ULOG_EXECUTE for Condor Node stage_in_remote_local_0_0 (85.0.0)
03/16/17 13:20:38 Number of idle job procs: 0
03/16/17 13:20:38 Event: ULOG_JOB_TERMINATED for Condor Node stage_in_remote_local_0_0 (85.0.0)
03/16/17 13:20:38 Number of idle job procs: 0
03/16/17 13:20:38 Node stage_in_remote_local_0_0 job proc (85.0.0) completed successfully.
03/16/17 13:20:38 Node stage_in_remote_local_0_0 job completed
03/16/17 13:20:38 Running POST script of Node stage_in_remote_local_0_0...
03/16/17 13:20:38 Warning: mysin has length 0 (ignore if produced by DAGMan; see gittrac #4987, #5031)
03/16/17 13:20:38 DAG status: 0 (DAG_STATUS_OK)
03/16/17 13:20:38 Of 4 nodes total:
03/16/17 13:20:38  Done     Pre   Queued    Post   Ready   Un-Ready   Failed
03/16/17 13:20:38   ===     ===      ===     ===     ===        ===      ===
03/16/17 13:20:38     1       0        0       1       0          2        0
03/16/17 13:20:38 0 job proc(s) currently held
03/16/17 13:20:38 Initializing user log writer for /u/obidele/PERF/PROJ/prms4.0.2_src/projects/sagehen/submit/obidele/pegasus/process/run0014/./process-0.dag.nodes.log, (85.0.0)
03/16/17 13:20:43 Currently monitoring 1 Condor log file(s)
03/16/17 13:20:43 Event: ULOG_POST_SCRIPT_TERMINATED for Condor Node stage_in_remote_local_0_0 (85.0.0)
03/16/17 13:20:43 POST Script of Node stage_in_remote_local_0_0 completed successfully.
03/16/17 13:20:43 DAG status: 0 (DAG_STATUS_OK)
03/16/17 13:20:43 Of 4 nodes total:
03/16/17 13:20:43  Done     Pre   Queued    Post   Ready   Un-Ready   Failed
03/16/17 13:20:43   ===     ===      ===     ===     ===        ===      ===
03/16/17 13:20:43     2       0        0       0       1          1        0
03/16/17 13:20:43 0 job proc(s) currently held
03/16/17 13:20:48 Submitting Condor Node prms_ID0000001 job(s)...
03/16/17 13:20:48 Adding a DAGMan workflow log /u/obidele/PERF/PROJ/prms4.0.2_src/projects/sagehen/submit/obidele/pegasus/process/run0014/./process-0.dag.nodes.log
03/16/17 13:20:48 Masking the events recorded in the DAGMAN workflow log
03/16/17 13:20:48 Mask for workflow log is 0,1,2,4,5,7,9,10,11,12,13,16,17,24,27
03/16/17 13:20:48 submitting: /usr/bin/condor_submit -a dag_node_name' '=' 'prms_ID0000001 -a +DAGManJobId' '=' '83 -a DAGManJobId' '=' '83 -a submit_event_notes' '=' 'DAG' 'Node:' 'prms_ID0000001 -a dagman_log' '=' '/u/obidele/PERF/PROJ/prms4.0.2_src/projects/sagehen/submit/obidele/pegasus/process/run0014/./process-0.dag.nodes.log -a +DAGManNodesMask' '=' '"0,1,2,4,5,7,9,10,11,12,13,16,17,24,27" -a DAG_STATUS' '=' '0 -a FAILED_COUNT' '=' '0 -a +DAGParentNodeNames' '=' '"stage_in_remote_local_0_0" -a +KeepClaimIdle' '=' '20 -a notification' '=' 'never 00/00/prms_ID0000001.sub
03/16/17 13:20:48 From submit: Submitting job(s).
03/16/17 13:20:48 From submit: 1 job(s) submitted to cluster 86.
03/16/17 13:20:48 	assigned Condor ID (86.0.0)
03/16/17 13:20:48 Just submitted 1 job this cycle...
03/16/17 13:20:48 Currently monitoring 1 Condor log file(s)
03/16/17 13:20:48 Reassigning the id of job prms_ID0000001 from (86.0.0) to (86.0.0)
03/16/17 13:20:48 Event: ULOG_SUBMIT for Condor Node prms_ID0000001 (86.0.0)
03/16/17 13:20:48 Number of idle job procs: 1
03/16/17 13:20:48 DAG status: 0 (DAG_STATUS_OK)
03/16/17 13:20:48 Of 4 nodes total:
03/16/17 13:20:48  Done     Pre   Queued    Post   Ready   Un-Ready   Failed
03/16/17 13:20:48   ===     ===      ===     ===     ===        ===      ===
03/16/17 13:20:48     2       0        1       0       0          1        0
03/16/17 13:20:48 0 job proc(s) currently held
03/16/17 13:20:58 Currently monitoring 1 Condor log file(s)
03/16/17 13:20:58 Event: ULOG_EXECUTE for Condor Node prms_ID0000001 (86.0.0)
03/16/17 13:20:58 Number of idle job procs: 0
03/16/17 13:20:58 Event: ULOG_JOB_TERMINATED for Condor Node prms_ID0000001 (86.0.0)
03/16/17 13:20:58 Number of idle job procs: 0
03/16/17 13:20:58 Node prms_ID0000001 job proc (86.0.0) completed successfully.
03/16/17 13:20:58 Node prms_ID0000001 job completed
03/16/17 13:20:58 Running POST script of Node prms_ID0000001...
03/16/17 13:20:58 Warning: mysin has length 0 (ignore if produced by DAGMan; see gittrac #4987, #5031)
03/16/17 13:20:58 DAG status: 0 (DAG_STATUS_OK)
03/16/17 13:20:58 Of 4 nodes total:
03/16/17 13:20:58  Done     Pre   Queued    Post   Ready   Un-Ready   Failed
03/16/17 13:20:58   ===     ===      ===     ===     ===        ===      ===
03/16/17 13:20:58     2       0        0       1       0          1        0
03/16/17 13:20:58 0 job proc(s) currently held
03/16/17 13:20:58 Initializing user log writer for /u/obidele/PERF/PROJ/prms4.0.2_src/projects/sagehen/submit/obidele/pegasus/process/run0014/./process-0.dag.nodes.log, (86.0.0)
03/16/17 13:21:03 Currently monitoring 1 Condor log file(s)
03/16/17 13:21:03 Event: ULOG_POST_SCRIPT_TERMINATED for Condor Node prms_ID0000001 (86.0.0)
03/16/17 13:21:03 POST Script of Node prms_ID0000001 completed successfully.
03/16/17 13:21:03 DAG status: 0 (DAG_STATUS_OK)
03/16/17 13:21:03 Of 4 nodes total:
03/16/17 13:21:03  Done     Pre   Queued    Post   Ready   Un-Ready   Failed
03/16/17 13:21:03   ===     ===      ===     ===     ===        ===      ===
03/16/17 13:21:03     3       0        0       0       1          0        0
03/16/17 13:21:03 0 job proc(s) currently held
03/16/17 13:21:08 Submitting Condor Node cleanup_process_0_local job(s)...
03/16/17 13:21:08 Adding a DAGMan workflow log /u/obidele/PERF/PROJ/prms4.0.2_src/projects/sagehen/submit/obidele/pegasus/process/run0014/./process-0.dag.nodes.log
03/16/17 13:21:08 Masking the events recorded in the DAGMAN workflow log
03/16/17 13:21:08 Mask for workflow log is 0,1,2,4,5,7,9,10,11,12,13,16,17,24,27
03/16/17 13:21:08 submitting: /usr/bin/condor_submit -a dag_node_name' '=' 'cleanup_process_0_local -a +DAGManJobId' '=' '83 -a DAGManJobId' '=' '83 -a submit_event_notes' '=' 'DAG' 'Node:' 'cleanup_process_0_local -a dagman_log' '=' '/u/obidele/PERF/PROJ/prms4.0.2_src/projects/sagehen/submit/obidele/pegasus/process/run0014/./process-0.dag.nodes.log -a +DAGManNodesMask' '=' '"0,1,2,4,5,7,9,10,11,12,13,16,17,24,27" -a DAG_STATUS' '=' '0 -a FAILED_COUNT' '=' '0 -a +DAGParentNodeNames' '=' '"prms_ID0000001" -a notification' '=' 'never 00/00/cleanup_process_0_local.sub
03/16/17 13:21:08 From submit: Submitting job(s).
03/16/17 13:21:08 From submit: 1 job(s) submitted to cluster 87.
03/16/17 13:21:08 	assigned Condor ID (87.0.0)
03/16/17 13:21:08 Just submitted 1 job this cycle...
03/16/17 13:21:08 Currently monitoring 1 Condor log file(s)
03/16/17 13:21:08 Reassigning the id of job cleanup_process_0_local from (87.0.0) to (87.0.0)
03/16/17 13:21:08 Event: ULOG_SUBMIT for Condor Node cleanup_process_0_local (87.0.0)
03/16/17 13:21:08 Number of idle job procs: 1
03/16/17 13:21:08 DAG status: 0 (DAG_STATUS_OK)
03/16/17 13:21:08 Of 4 nodes total:
03/16/17 13:21:08  Done     Pre   Queued    Post   Ready   Un-Ready   Failed
03/16/17 13:21:08   ===     ===      ===     ===     ===        ===      ===
03/16/17 13:21:08     3       0        1       0       0          0        0
03/16/17 13:21:08 0 job proc(s) currently held
03/16/17 13:21:13 Currently monitoring 1 Condor log file(s)
03/16/17 13:21:13 Event: ULOG_EXECUTE for Condor Node cleanup_process_0_local (87.0.0)
03/16/17 13:21:13 Number of idle job procs: 0
03/16/17 13:21:13 Event: ULOG_JOB_TERMINATED for Condor Node cleanup_process_0_local (87.0.0)
03/16/17 13:21:13 Number of idle job procs: 0
03/16/17 13:21:13 Node cleanup_process_0_local job proc (87.0.0) completed successfully.
03/16/17 13:21:13 Node cleanup_process_0_local job completed
03/16/17 13:21:13 DAG status: 0 (DAG_STATUS_OK)
03/16/17 13:21:13 Of 4 nodes total:
03/16/17 13:21:13  Done     Pre   Queued    Post   Ready   Un-Ready   Failed
03/16/17 13:21:13   ===     ===      ===     ===     ===        ===      ===
03/16/17 13:21:13     4       0        0       0       0          0        0
03/16/17 13:21:13 0 job proc(s) currently held
03/16/17 13:21:13 All jobs Completed!
03/16/17 13:21:13 Note: 0 total job deferrals because of -MaxJobs limit (0)
03/16/17 13:21:13 Note: 0 total job deferrals because of -MaxIdle limit (1000)
03/16/17 13:21:13 Note: 0 total job deferrals because of node category throttles
03/16/17 13:21:13 Note: 0 total PRE script deferrals because of -MaxPre limit (20) or DEFER
03/16/17 13:21:13 Note: 0 total POST script deferrals because of -MaxPost limit (20) or DEFER
03/16/17 13:21:13 DAG status: 0 (DAG_STATUS_OK)
03/16/17 13:21:13 Of 4 nodes total:
03/16/17 13:21:13  Done     Pre   Queued    Post   Ready   Un-Ready   Failed
03/16/17 13:21:13   ===     ===      ===     ===     ===        ===      ===
03/16/17 13:21:13     4       0        0       0       0          0        0
03/16/17 13:21:13 0 job proc(s) currently held
03/16/17 13:21:13 Wrote metrics file process-0.dag.metrics.
03/16/17 13:21:13 Reporting metrics to Pegasus metrics server(s); output is in process-0.dag.metrics.out.
03/16/17 13:21:13 Running command </usr/lib/condor/libexec/condor_dagman_metrics_reporter -f process-0.dag.metrics -t 100>
03/16/17 13:21:13 Warning: mysin has length 0 (ignore if produced by DAGMan; see gittrac #4987, #5031)
03/16/17 13:21:13 **** condor_scheduniv_exec.83.0 (condor_DAGMAN) pid 2492749 EXITING WITH STATUS 0
