1489695441 INTERNAL *** MONITORD_STARTED ***
1489695440 INTERNAL *** DAGMAN_STARTED 78.0 ***
1489695444 create_dir_process_0_local SUBMIT 79.0 local - 1
1489695449 create_dir_process_0_local EXECUTE 79.0 local - 1
1489695449 create_dir_process_0_local JOB_TERMINATED 79.0 local - 1
1489695449 create_dir_process_0_local JOB_SUCCESS 0 local - 1
1489695449 create_dir_process_0_local POST_SCRIPT_STARTED 79.0 local - 1
1489695454 create_dir_process_0_local POST_SCRIPT_TERMINATED 79.0 local - 1
1489695454 create_dir_process_0_local POST_SCRIPT_SUCCESS 0 local - 1
1489695459 stage_in_remote_local_0_0 SUBMIT 80.0 local - 2
1489695464 stage_in_remote_local_0_0 EXECUTE 80.0 local - 2
1489695464 stage_in_remote_local_0_0 JOB_TERMINATED 80.0 local - 2
1489695464 stage_in_remote_local_0_0 JOB_SUCCESS 0 local - 2
1489695464 stage_in_remote_local_0_0 POST_SCRIPT_STARTED 80.0 local - 2
1489695469 stage_in_remote_local_0_0 POST_SCRIPT_TERMINATED 80.0 local - 2
1489695469 stage_in_remote_local_0_0 POST_SCRIPT_SUCCESS 0 local - 2
1489695474 prms_ID0000001 SUBMIT 81.0 condorpool - 3
1489695485 prms_ID0000001 EXECUTE 81.0 condorpool - 3
1489695485 prms_ID0000001 JOB_TERMINATED 81.0 condorpool - 3
1489695485 prms_ID0000001 JOB_SUCCESS 0 condorpool - 3
1489695485 prms_ID0000001 POST_SCRIPT_STARTED 81.0 condorpool - 3
1489695490 prms_ID0000001 POST_SCRIPT_TERMINATED 81.0 condorpool - 3
1489695490 prms_ID0000001 POST_SCRIPT_SUCCESS 0 condorpool - 3
1489695495 cleanup_process_0_local SUBMIT 82.0 local - 4
1489695500 cleanup_process_0_local EXECUTE 82.0 local - 4
1489695500 cleanup_process_0_local JOB_TERMINATED 82.0 local - 4
1489695500 cleanup_process_0_local JOB_SUCCESS 0 local - 4
1489695500 INTERNAL *** DAGMAN_FINISHED 0 ***
1489695501 INTERNAL *** MONITORD_FINISHED 0 ***
