1489552137 INTERNAL *** MONITORD_STARTED ***
1489552136 INTERNAL *** DAGMAN_STARTED 48.0 ***
1489552140 create_dir_process_0_local SUBMIT 49.0 local - 1
1489552145 create_dir_process_0_local EXECUTE 49.0 local - 1
1489552145 create_dir_process_0_local JOB_TERMINATED 49.0 local - 1
1489552145 create_dir_process_0_local JOB_SUCCESS 0 local - 1
1489552145 create_dir_process_0_local POST_SCRIPT_STARTED 49.0 local - 1
1489552150 create_dir_process_0_local POST_SCRIPT_TERMINATED 49.0 local - 1
1489552150 create_dir_process_0_local POST_SCRIPT_SUCCESS 0 local - 1
1489552155 prms_ID0000001 SUBMIT 50.0 condorpool - 2
1489552160 prms_ID0000001 EXECUTE 50.0 condorpool - 2
1489552160 prms_ID0000001 JOB_TERMINATED 50.0 condorpool - 2
1489552160 prms_ID0000001 JOB_FAILURE 127 condorpool - 2
1489552160 prms_ID0000001 POST_SCRIPT_STARTED 50.0 condorpool - 2
1489552165 prms_ID0000001 POST_SCRIPT_TERMINATED 50.0 condorpool - 2
1489552165 prms_ID0000001 POST_SCRIPT_FAILURE 1 condorpool - 2
1489552171 prms_ID0000001 SUBMIT 51.0 condorpool - 3
1489552176 prms_ID0000001 EXECUTE 51.0 condorpool - 3
1489552176 prms_ID0000001 JOB_TERMINATED 51.0 condorpool - 3
1489552176 prms_ID0000001 JOB_FAILURE 127 condorpool - 3
1489552176 prms_ID0000001 POST_SCRIPT_STARTED 51.0 condorpool - 3
1489552181 prms_ID0000001 POST_SCRIPT_TERMINATED 51.0 condorpool - 3
1489552181 prms_ID0000001 POST_SCRIPT_FAILURE 1 condorpool - 3
1489552181 INTERNAL *** DAGMAN_FINISHED 1 ***
1489552182 INTERNAL *** MONITORD_FINISHED 0 ***
