000 (049.000.000) 03/14 21:29:00 Job submitted from host: <127.0.0.1:23672?addrs=127.0.0.1-23672>
    DAG Node: create_dir_process_0_local
    pool:local
...
001 (049.000.000) 03/14 21:29:01 Job executing on host: <127.0.0.1:26692?addrs=127.0.0.1-26692>
...
005 (049.000.000) 03/14 21:29:03 Job terminated.
	(1) Normal termination (return value 0)
		Usr 0 00:00:00, Sys 0 00:00:00  -  Run Remote Usage
		Usr 0 00:00:00, Sys 0 00:00:00  -  Run Local Usage
		Usr 0 00:00:00, Sys 0 00:00:00  -  Total Remote Usage
		Usr 0 00:00:00, Sys 0 00:00:00  -  Total Local Usage
	0  -  Run Bytes Sent By Job
	0  -  Run Bytes Received By Job
	0  -  Total Bytes Sent By Job
	0  -  Total Bytes Received By Job
...
000 (050.000.000) 03/14 21:29:15 Job submitted from host: <127.0.0.1:23672?addrs=127.0.0.1-23672>
    DAG Node: prms_ID0000001
    pool:condorpool
...
001 (050.000.000) 03/14 21:29:17 Job executing on host: <127.0.0.1:60981?addrs=127.0.0.1-60981>
...
006 (050.000.000) 03/14 21:29:17 Image size of job updated: 1
	0  -  MemoryUsage of job (MB)
	0  -  ResidentSetSize of job (KB)
...
005 (050.000.000) 03/14 21:29:17 Job terminated.
	(1) Normal termination (return value 127)
		Usr 0 00:00:00, Sys 0 00:00:00  -  Run Remote Usage
		Usr 0 00:00:00, Sys 0 00:00:00  -  Run Local Usage
		Usr 0 00:00:00, Sys 0 00:00:00  -  Total Remote Usage
		Usr 0 00:00:00, Sys 0 00:00:00  -  Total Local Usage
	7942  -  Run Bytes Sent By Job
	10322865  -  Run Bytes Received By Job
	7942  -  Total Bytes Sent By Job
	10322865  -  Total Bytes Received By Job
	Partitionable Resources :    Usage  Request Allocated
	   Cpus                 :                 1         1
	   Disk (KB)            :    42313    12500   6777610
	   Memory (MB)          :        0        1      3983
...
000 (051.000.000) 03/14 21:29:31 Job submitted from host: <127.0.0.1:23672?addrs=127.0.0.1-23672>
    DAG Node: prms_ID0000001
    pool:condorpool
...
001 (051.000.000) 03/14 21:29:31 Job executing on host: <127.0.0.1:60981?addrs=127.0.0.1-60981>
...
006 (051.000.000) 03/14 21:29:31 Image size of job updated: 1
	0  -  MemoryUsage of job (MB)
	0  -  ResidentSetSize of job (KB)
...
005 (051.000.000) 03/14 21:29:31 Job terminated.
	(1) Normal termination (return value 127)
		Usr 0 00:00:00, Sys 0 00:00:00  -  Run Remote Usage
		Usr 0 00:00:00, Sys 0 00:00:00  -  Run Local Usage
		Usr 0 00:00:00, Sys 0 00:00:00  -  Total Remote Usage
		Usr 0 00:00:00, Sys 0 00:00:00  -  Total Local Usage
	7967  -  Run Bytes Sent By Job
	10322865  -  Run Bytes Received By Job
	7967  -  Total Bytes Sent By Job
	10322865  -  Total Bytes Received By Job
	Partitionable Resources :    Usage  Request Allocated
	   Cpus                 :                 1         1
	   Disk (KB)            :    42313    12500   6777610
	   Memory (MB)          :        0        1      3983
...
