03/14/17 21:28:56 ******************************************************
03/14/17 21:28:56 ** condor_scheduniv_exec.48.0 (CONDOR_DAGMAN) STARTING UP
03/14/17 21:28:56 ** /usr/bin/condor_dagman
03/14/17 21:28:56 ** SubsystemInfo: name=DAGMAN type=DAGMAN(10) class=DAEMON(1)
03/14/17 21:28:56 ** Configuration: subsystem:DAGMAN local:<NONE> class:DAEMON
03/14/17 21:28:56 ** $CondorVersion: 8.4.2 Feb 22 2016 BuildID: Debian-8.4.2~dfsg.1-1build1 Debian-8.4.2~dfsg.1-1build1 $
03/14/17 21:28:56 ** $CondorPlatform: X86_64-Ubuntu_ $
03/14/17 21:28:56 ** PID = 2239308
03/14/17 21:28:56 ** Log last touched time unavailable (No such file or directory)
03/14/17 21:28:56 ******************************************************
03/14/17 21:28:56 Using config source: /etc/condor/condor_config
03/14/17 21:28:56 Using local config sources: 
03/14/17 21:28:56    /etc/condor/config.d/00debconf
03/14/17 21:28:56    /etc/condor/condor_config.local
03/14/17 21:28:56 config Macros = 70, Sorted = 70, StringBytes = 2050, TablesBytes = 2576
03/14/17 21:28:56 CLASSAD_CACHING is ENABLED
03/14/17 21:28:56 Daemon Log is logging: D_ALWAYS D_ERROR
03/14/17 21:28:56 DaemonCore: No command port requested.
03/14/17 21:28:56 DAGMAN_USE_STRICT setting: 1
03/14/17 21:28:56 DAGMAN_VERBOSITY setting: 3
03/14/17 21:28:56 DAGMAN_DEBUG_CACHE_SIZE setting: 5242880
03/14/17 21:28:56 DAGMAN_DEBUG_CACHE_ENABLE setting: False
03/14/17 21:28:56 DAGMAN_SUBMIT_DELAY setting: 0
03/14/17 21:28:56 DAGMAN_MAX_SUBMIT_ATTEMPTS setting: 6
03/14/17 21:28:56 DAGMAN_STARTUP_CYCLE_DETECT setting: False
03/14/17 21:28:56 DAGMAN_MAX_SUBMITS_PER_INTERVAL setting: 5
03/14/17 21:28:56 DAGMAN_USER_LOG_SCAN_INTERVAL setting: 5
03/14/17 21:28:56 DAGMAN_DEFAULT_PRIORITY setting: 0
03/14/17 21:28:56 DAGMAN_SUPPRESS_NOTIFICATION setting: True
03/14/17 21:28:56 allow_events (DAGMAN_ALLOW_EVENTS) setting: 114
03/14/17 21:28:56 DAGMAN_RETRY_SUBMIT_FIRST setting: True
03/14/17 21:28:56 DAGMAN_RETRY_NODE_FIRST setting: False
03/14/17 21:28:56 DAGMAN_MAX_JOBS_IDLE setting: 1000
03/14/17 21:28:56 DAGMAN_MAX_JOBS_SUBMITTED setting: 0
03/14/17 21:28:56 DAGMAN_MAX_PRE_SCRIPTS setting: 20
03/14/17 21:28:56 DAGMAN_MAX_POST_SCRIPTS setting: 20
03/14/17 21:28:56 DAGMAN_ALLOW_LOG_ERROR setting: False
03/14/17 21:28:56 DAGMAN_MUNGE_NODE_NAMES setting: True
03/14/17 21:28:56 DAGMAN_PROHIBIT_MULTI_JOBS setting: False
03/14/17 21:28:56 DAGMAN_SUBMIT_DEPTH_FIRST setting: False
03/14/17 21:28:56 DAGMAN_ALWAYS_RUN_POST setting: True
03/14/17 21:28:56 DAGMAN_ABORT_DUPLICATES setting: True
03/14/17 21:28:56 DAGMAN_ABORT_ON_SCARY_SUBMIT setting: True
03/14/17 21:28:56 DAGMAN_PENDING_REPORT_INTERVAL setting: 600
03/14/17 21:28:56 DAGMAN_AUTO_RESCUE setting: True
03/14/17 21:28:56 DAGMAN_MAX_RESCUE_NUM setting: 100
03/14/17 21:28:56 DAGMAN_WRITE_PARTIAL_RESCUE setting: True
03/14/17 21:28:56 DAGMAN_DEFAULT_NODE_LOG setting: @(DAG_DIR)/@(DAG_FILE).nodes.log
03/14/17 21:28:56 DAGMAN_GENERATE_SUBDAG_SUBMITS setting: True
03/14/17 21:28:56 DAGMAN_MAX_JOB_HOLDS setting: 100
03/14/17 21:28:56 DAGMAN_HOLD_CLAIM_TIME setting: 20
03/14/17 21:28:56 ALL_DEBUG setting: 
03/14/17 21:28:56 DAGMAN_DEBUG setting: 
03/14/17 21:28:56 DAGMAN_SUPPRESS_JOB_LOGS setting: False
03/14/17 21:28:56 argv[0] == "condor_scheduniv_exec.48.0"
03/14/17 21:28:56 argv[1] == "-Lockfile"
03/14/17 21:28:56 argv[2] == "process-0.dag.lock"
03/14/17 21:28:56 argv[3] == "-AutoRescue"
03/14/17 21:28:56 argv[4] == "1"
03/14/17 21:28:56 argv[5] == "-DoRescueFrom"
03/14/17 21:28:56 argv[6] == "0"
03/14/17 21:28:56 argv[7] == "-Dag"
03/14/17 21:28:56 argv[8] == "process-0.dag"
03/14/17 21:28:56 argv[9] == "-MaxPost"
03/14/17 21:28:56 argv[10] == "20"
03/14/17 21:28:56 argv[11] == "-Suppress_notification"
03/14/17 21:28:56 argv[12] == "-CsdVersion"
03/14/17 21:28:56 argv[13] == "$CondorVersion: 8.4.2 Feb 22 2016 BuildID: Debian-8.4.2~dfsg.1-1build1 Debian-8.4.2~dfsg.1-1build1 $"
03/14/17 21:28:56 argv[14] == "-Dagman"
03/14/17 21:28:56 argv[15] == "/usr/bin/condor_dagman"
03/14/17 21:28:56 Warning: failed to get attribute DAGNodeName
03/14/17 21:28:56 Ignoring value of DAGMAN_LOG_ON_NFS_IS_ERROR because ENABLE_USERLOG_LOCKING and CREATE_LOCKS_ON_LOCAL_DISK are true.
03/14/17 21:28:56 Default node log file is: </u/obidele/PERF/PROJ/prms4.0.2_src/projects/sagehen/submit/obidele/pegasus/process/run0004/./process-0.dag.nodes.log>
03/14/17 21:28:56 DAG Lockfile will be written to process-0.dag.lock
03/14/17 21:28:56 DAG Input file is process-0.dag
03/14/17 21:28:56 Parsing 1 dagfiles
03/14/17 21:28:56 Parsing process-0.dag ...
03/14/17 21:28:56 Warning:  no value for submit_hostname in braindump file
03/14/17 21:28:56 Warning: category stage-out has no throttle value set
03/14/17 21:28:56 Dag contains 4 total jobs
03/14/17 21:28:56 Sleeping for 3 seconds to ensure ProcessId uniqueness
03/14/17 21:28:59 Bootstrapping...
03/14/17 21:28:59 Number of pre-completed nodes: 0
03/14/17 21:28:59 MultiLogFiles: truncating log file /u/obidele/PERF/PROJ/prms4.0.2_src/projects/sagehen/submit/obidele/pegasus/process/run0004/./process-0.dag.nodes.log
03/14/17 21:28:59 DAG status: 0 (DAG_STATUS_OK)
03/14/17 21:28:59 Of 4 nodes total:
03/14/17 21:28:59  Done     Pre   Queued    Post   Ready   Un-Ready   Failed
03/14/17 21:28:59   ===     ===      ===     ===     ===        ===      ===
03/14/17 21:28:59     0       0        0       0       1          3        0
03/14/17 21:28:59 0 job proc(s) currently held
03/14/17 21:28:59 Registering condor_event_timer...
03/14/17 21:29:00 Submitting Condor Node create_dir_process_0_local job(s)...
03/14/17 21:29:00 Adding a DAGMan workflow log /u/obidele/PERF/PROJ/prms4.0.2_src/projects/sagehen/submit/obidele/pegasus/process/run0004/./process-0.dag.nodes.log
03/14/17 21:29:00 Masking the events recorded in the DAGMAN workflow log
03/14/17 21:29:00 Mask for workflow log is 0,1,2,4,5,7,9,10,11,12,13,16,17,24,27
03/14/17 21:29:00 submitting: /usr/bin/condor_submit -a dag_node_name' '=' 'create_dir_process_0_local -a +DAGManJobId' '=' '48 -a DAGManJobId' '=' '48 -a submit_event_notes' '=' 'DAG' 'Node:' 'create_dir_process_0_local -a dagman_log' '=' '/u/obidele/PERF/PROJ/prms4.0.2_src/projects/sagehen/submit/obidele/pegasus/process/run0004/./process-0.dag.nodes.log -a +DAGManNodesMask' '=' '"0,1,2,4,5,7,9,10,11,12,13,16,17,24,27" -a DAG_STATUS' '=' '0 -a FAILED_COUNT' '=' '0 -a +DAGParentNodeNames' '=' '"" -a +KeepClaimIdle' '=' '20 -a notification' '=' 'never 00/00/create_dir_process_0_local.sub
03/14/17 21:29:00 From submit: Submitting job(s).
03/14/17 21:29:00 From submit: 1 job(s) submitted to cluster 49.
03/14/17 21:29:00 	assigned Condor ID (49.0.0)
03/14/17 21:29:00 Just submitted 1 job this cycle...
03/14/17 21:29:00 Currently monitoring 1 Condor log file(s)
03/14/17 21:29:00 Reassigning the id of job create_dir_process_0_local from (49.0.0) to (49.0.0)
03/14/17 21:29:00 Event: ULOG_SUBMIT for Condor Node create_dir_process_0_local (49.0.0)
03/14/17 21:29:00 Number of idle job procs: 1
03/14/17 21:29:00 DAG status: 0 (DAG_STATUS_OK)
03/14/17 21:29:00 Of 4 nodes total:
03/14/17 21:29:00  Done     Pre   Queued    Post   Ready   Un-Ready   Failed
03/14/17 21:29:00   ===     ===      ===     ===     ===        ===      ===
03/14/17 21:29:00     0       0        1       0       0          3        0
03/14/17 21:29:00 0 job proc(s) currently held
03/14/17 21:29:05 Currently monitoring 1 Condor log file(s)
03/14/17 21:29:05 Event: ULOG_EXECUTE for Condor Node create_dir_process_0_local (49.0.0)
03/14/17 21:29:05 Number of idle job procs: 0
03/14/17 21:29:05 Event: ULOG_JOB_TERMINATED for Condor Node create_dir_process_0_local (49.0.0)
03/14/17 21:29:05 Number of idle job procs: 0
03/14/17 21:29:05 Node create_dir_process_0_local job proc (49.0.0) completed successfully.
03/14/17 21:29:05 Node create_dir_process_0_local job completed
03/14/17 21:29:05 Running POST script of Node create_dir_process_0_local...
03/14/17 21:29:05 Warning: mysin has length 0 (ignore if produced by DAGMan; see gittrac #4987, #5031)
03/14/17 21:29:05 DAG status: 0 (DAG_STATUS_OK)
03/14/17 21:29:05 Of 4 nodes total:
03/14/17 21:29:05  Done     Pre   Queued    Post   Ready   Un-Ready   Failed
03/14/17 21:29:05   ===     ===      ===     ===     ===        ===      ===
03/14/17 21:29:05     0       0        0       1       0          3        0
03/14/17 21:29:05 0 job proc(s) currently held
03/14/17 21:29:05 Initializing user log writer for /u/obidele/PERF/PROJ/prms4.0.2_src/projects/sagehen/submit/obidele/pegasus/process/run0004/./process-0.dag.nodes.log, (49.0.0)
03/14/17 21:29:10 Currently monitoring 1 Condor log file(s)
03/14/17 21:29:10 Event: ULOG_POST_SCRIPT_TERMINATED for Condor Node create_dir_process_0_local (49.0.0)
03/14/17 21:29:10 POST Script of Node create_dir_process_0_local completed successfully.
03/14/17 21:29:10 DAG status: 0 (DAG_STATUS_OK)
03/14/17 21:29:10 Of 4 nodes total:
03/14/17 21:29:10  Done     Pre   Queued    Post   Ready   Un-Ready   Failed
03/14/17 21:29:10   ===     ===      ===     ===     ===        ===      ===
03/14/17 21:29:10     1       0        0       0       1          2        0
03/14/17 21:29:10 0 job proc(s) currently held
03/14/17 21:29:15 Submitting Condor Node prms_ID0000001 job(s)...
03/14/17 21:29:15 Adding a DAGMan workflow log /u/obidele/PERF/PROJ/prms4.0.2_src/projects/sagehen/submit/obidele/pegasus/process/run0004/./process-0.dag.nodes.log
03/14/17 21:29:15 Masking the events recorded in the DAGMAN workflow log
03/14/17 21:29:15 Mask for workflow log is 0,1,2,4,5,7,9,10,11,12,13,16,17,24,27
03/14/17 21:29:15 submitting: /usr/bin/condor_submit -a dag_node_name' '=' 'prms_ID0000001 -a +DAGManJobId' '=' '48 -a DAGManJobId' '=' '48 -a submit_event_notes' '=' 'DAG' 'Node:' 'prms_ID0000001 -a dagman_log' '=' '/u/obidele/PERF/PROJ/prms4.0.2_src/projects/sagehen/submit/obidele/pegasus/process/run0004/./process-0.dag.nodes.log -a +DAGManNodesMask' '=' '"0,1,2,4,5,7,9,10,11,12,13,16,17,24,27" -a DAG_STATUS' '=' '0 -a FAILED_COUNT' '=' '0 -a +DAGParentNodeNames' '=' '"create_dir_process_0_local" -a +KeepClaimIdle' '=' '20 -a notification' '=' 'never 00/00/prms_ID0000001.sub
03/14/17 21:29:15 From submit: Submitting job(s).
03/14/17 21:29:15 From submit: 1 job(s) submitted to cluster 50.
03/14/17 21:29:15 	assigned Condor ID (50.0.0)
03/14/17 21:29:15 Just submitted 1 job this cycle...
03/14/17 21:29:15 Currently monitoring 1 Condor log file(s)
03/14/17 21:29:15 Reassigning the id of job prms_ID0000001 from (50.0.0) to (50.0.0)
03/14/17 21:29:15 Event: ULOG_SUBMIT for Condor Node prms_ID0000001 (50.0.0)
03/14/17 21:29:15 Number of idle job procs: 1
03/14/17 21:29:15 DAG status: 0 (DAG_STATUS_OK)
03/14/17 21:29:15 Of 4 nodes total:
03/14/17 21:29:15  Done     Pre   Queued    Post   Ready   Un-Ready   Failed
03/14/17 21:29:15   ===     ===      ===     ===     ===        ===      ===
03/14/17 21:29:15     1       0        1       0       0          2        0
03/14/17 21:29:15 0 job proc(s) currently held
03/14/17 21:29:20 Currently monitoring 1 Condor log file(s)
03/14/17 21:29:20 Event: ULOG_EXECUTE for Condor Node prms_ID0000001 (50.0.0)
03/14/17 21:29:20 Number of idle job procs: 0
03/14/17 21:29:20 Event: ULOG_JOB_TERMINATED for Condor Node prms_ID0000001 (50.0.0)
03/14/17 21:29:20 Number of idle job procs: 0
03/14/17 21:29:20 Node prms_ID0000001 job proc (50.0.0) failed with status 127.
03/14/17 21:29:20 Node prms_ID0000001 job completed
03/14/17 21:29:20 Running POST script of Node prms_ID0000001...
03/14/17 21:29:20 Warning: mysin has length 0 (ignore if produced by DAGMan; see gittrac #4987, #5031)
03/14/17 21:29:20 DAG status: 0 (DAG_STATUS_OK)
03/14/17 21:29:20 Of 4 nodes total:
03/14/17 21:29:20  Done     Pre   Queued    Post   Ready   Un-Ready   Failed
03/14/17 21:29:20   ===     ===      ===     ===     ===        ===      ===
03/14/17 21:29:20     1       0        0       1       0          2        0
03/14/17 21:29:20 0 job proc(s) currently held
03/14/17 21:29:20 Initializing user log writer for /u/obidele/PERF/PROJ/prms4.0.2_src/projects/sagehen/submit/obidele/pegasus/process/run0004/./process-0.dag.nodes.log, (50.0.0)
03/14/17 21:29:25 Currently monitoring 1 Condor log file(s)
03/14/17 21:29:25 Event: ULOG_POST_SCRIPT_TERMINATED for Condor Node prms_ID0000001 (50.0.0)
03/14/17 21:29:25 POST Script of Node prms_ID0000001 failed with status 1
03/14/17 21:29:25 POST for Node prms_ID0000001 returned 1
03/14/17 21:29:25 Retrying node prms_ID0000001 (retry #1 of 1)...
03/14/17 21:29:25 DAG status: 0 (DAG_STATUS_OK)
03/14/17 21:29:25 Of 4 nodes total:
03/14/17 21:29:25  Done     Pre   Queued    Post   Ready   Un-Ready   Failed
03/14/17 21:29:25   ===     ===      ===     ===     ===        ===      ===
03/14/17 21:29:25     1       0        0       0       1          2        0
03/14/17 21:29:25 0 job proc(s) currently held
03/14/17 21:29:30 Reassigning the id of job prms_ID0000001 from (50.0.0) to (-1.-1.-1)
03/14/17 21:29:30 Submitting Condor Node prms_ID0000001 job(s)...
03/14/17 21:29:30 Adding a DAGMan workflow log /u/obidele/PERF/PROJ/prms4.0.2_src/projects/sagehen/submit/obidele/pegasus/process/run0004/./process-0.dag.nodes.log
03/14/17 21:29:30 Masking the events recorded in the DAGMAN workflow log
03/14/17 21:29:30 Mask for workflow log is 0,1,2,4,5,7,9,10,11,12,13,16,17,24,27
03/14/17 21:29:30 submitting: /usr/bin/condor_submit -a dag_node_name' '=' 'prms_ID0000001 -a +DAGManJobId' '=' '48 -a DAGManJobId' '=' '48 -a submit_event_notes' '=' 'DAG' 'Node:' 'prms_ID0000001 -a dagman_log' '=' '/u/obidele/PERF/PROJ/prms4.0.2_src/projects/sagehen/submit/obidele/pegasus/process/run0004/./process-0.dag.nodes.log -a +DAGManNodesMask' '=' '"0,1,2,4,5,7,9,10,11,12,13,16,17,24,27" -a DAG_STATUS' '=' '0 -a FAILED_COUNT' '=' '0 -a +DAGParentNodeNames' '=' '"create_dir_process_0_local" -a +KeepClaimIdle' '=' '20 -a notification' '=' 'never 00/00/prms_ID0000001.sub
03/14/17 21:29:31 From submit: Submitting job(s).
03/14/17 21:29:31 From submit: 1 job(s) submitted to cluster 51.
03/14/17 21:29:31 	assigned Condor ID (51.0.0)
03/14/17 21:29:31 Just submitted 1 job this cycle...
03/14/17 21:29:31 Currently monitoring 1 Condor log file(s)
03/14/17 21:29:31 Reassigning the id of job prms_ID0000001 from (51.0.0) to (51.0.0)
03/14/17 21:29:31 Event: ULOG_SUBMIT for Condor Node prms_ID0000001 (51.0.0)
03/14/17 21:29:31 Number of idle job procs: 1
03/14/17 21:29:31 DAG status: 0 (DAG_STATUS_OK)
03/14/17 21:29:31 Of 4 nodes total:
03/14/17 21:29:31  Done     Pre   Queued    Post   Ready   Un-Ready   Failed
03/14/17 21:29:31   ===     ===      ===     ===     ===        ===      ===
03/14/17 21:29:31     1       0        1       0       0          2        0
03/14/17 21:29:31 0 job proc(s) currently held
03/14/17 21:29:36 Currently monitoring 1 Condor log file(s)
03/14/17 21:29:36 Event: ULOG_EXECUTE for Condor Node prms_ID0000001 (51.0.0)
03/14/17 21:29:36 Number of idle job procs: 0
03/14/17 21:29:36 Event: ULOG_JOB_TERMINATED for Condor Node prms_ID0000001 (51.0.0)
03/14/17 21:29:36 Number of idle job procs: 0
03/14/17 21:29:36 Node prms_ID0000001 job proc (51.0.0) failed with status 127.
03/14/17 21:29:36 Node prms_ID0000001 job completed
03/14/17 21:29:36 Running POST script of Node prms_ID0000001...
03/14/17 21:29:36 Warning: mysin has length 0 (ignore if produced by DAGMan; see gittrac #4987, #5031)
03/14/17 21:29:36 DAG status: 0 (DAG_STATUS_OK)
03/14/17 21:29:36 Of 4 nodes total:
03/14/17 21:29:36  Done     Pre   Queued    Post   Ready   Un-Ready   Failed
03/14/17 21:29:36   ===     ===      ===     ===     ===        ===      ===
03/14/17 21:29:36     1       0        0       1       0          2        0
03/14/17 21:29:36 0 job proc(s) currently held
03/14/17 21:29:36 Initializing user log writer for /u/obidele/PERF/PROJ/prms4.0.2_src/projects/sagehen/submit/obidele/pegasus/process/run0004/./process-0.dag.nodes.log, (51.0.0)
03/14/17 21:29:41 Currently monitoring 1 Condor log file(s)
03/14/17 21:29:41 Event: ULOG_POST_SCRIPT_TERMINATED for Condor Node prms_ID0000001 (51.0.0)
03/14/17 21:29:41 POST Script of Node prms_ID0000001 failed with status 1
03/14/17 21:29:41 POST for Node prms_ID0000001 returned 1
03/14/17 21:29:41 DAG status: 2 (DAG_STATUS_NODE_FAILED)
03/14/17 21:29:41 Of 4 nodes total:
03/14/17 21:29:41  Done     Pre   Queued    Post   Ready   Un-Ready   Failed
03/14/17 21:29:41   ===     ===      ===     ===     ===        ===      ===
03/14/17 21:29:41     1       0        0       0       0          2        1
03/14/17 21:29:41 0 job proc(s) currently held
03/14/17 21:29:41 ERROR: the following job(s) failed:
03/14/17 21:29:41 ---------------------- Job ----------------------
03/14/17 21:29:41       Node Name: prms_ID0000001
03/14/17 21:29:41            Noop: false
03/14/17 21:29:41          NodeID: 1
03/14/17 21:29:41     Node Status: STATUS_ERROR    
03/14/17 21:29:41 Node return val: 1
03/14/17 21:29:41           Error: Job exited with status 127 and POST Script failed with status 1 (after 1 node retries)
03/14/17 21:29:41 Job Submit File: 00/00/prms_ID0000001.sub
03/14/17 21:29:41     POST Script: /usr/bin/pegasus-exitcode  -s PegasusLite:+exitcode+0 -l process-0.exitcode.log  .//00/00/prms_ID0000001.out
03/14/17 21:29:41           Retry: 1
03/14/17 21:29:41   Condor Job ID: (51.0.0)
03/14/17 21:29:41       Q_PARENTS: create_dir_process_0_local, <END>
03/14/17 21:29:41       Q_WAITING: <END>
03/14/17 21:29:41      Q_CHILDREN: stage_out_local_local_0_0, <END>
03/14/17 21:29:41 ---------------------------------------	<END>
03/14/17 21:29:41 Aborting DAG...
03/14/17 21:29:41 Writing Rescue DAG to process-0.dag.rescue001...
03/14/17 21:29:41 Removing submitted jobs...
03/14/17 21:29:41 Removing any/all submitted Condor jobs...
03/14/17 21:29:41 Running: /usr/bin/condor_rm -const DAGManJobId' '=?=' '48
03/14/17 21:29:41 Note: 0 total job deferrals because of -MaxJobs limit (0)
03/14/17 21:29:41 Note: 0 total job deferrals because of -MaxIdle limit (1000)
03/14/17 21:29:41 Note: 0 total job deferrals because of node category throttles
03/14/17 21:29:41 Note: 0 total PRE script deferrals because of -MaxPre limit (20) or DEFER
03/14/17 21:29:41 Note: 0 total POST script deferrals because of -MaxPost limit (20) or DEFER
03/14/17 21:29:41 DAG status: 2 (DAG_STATUS_NODE_FAILED)
03/14/17 21:29:41 Of 4 nodes total:
03/14/17 21:29:41  Done     Pre   Queued    Post   Ready   Un-Ready   Failed
03/14/17 21:29:41   ===     ===      ===     ===     ===        ===      ===
03/14/17 21:29:41     1       0        0       0       0          2        1
03/14/17 21:29:41 0 job proc(s) currently held
03/14/17 21:29:41 Wrote metrics file process-0.dag.metrics.
03/14/17 21:29:41 Reporting metrics to Pegasus metrics server(s); output is in process-0.dag.metrics.out.
03/14/17 21:29:41 Running command </usr/lib/condor/libexec/condor_dagman_metrics_reporter -f process-0.dag.metrics -t 100>
03/14/17 21:29:41 Warning: mysin has length 0 (ignore if produced by DAGMan; see gittrac #4987, #5031)
03/14/17 21:29:41 **** condor_scheduniv_exec.48.0 (condor_DAGMAN) pid 2239308 EXITING WITH STATUS 1
