1489643388 INTERNAL *** MONITORD_STARTED ***
1489643387 INTERNAL *** DAGMAN_STARTED 63.0 ***
1489643391 create_dir_process_0_local SUBMIT 64.0 local - 1
1489643396 create_dir_process_0_local EXECUTE 64.0 local - 1
1489643396 create_dir_process_0_local JOB_TERMINATED 64.0 local - 1
1489643396 create_dir_process_0_local JOB_SUCCESS 0 local - 1
1489643396 create_dir_process_0_local POST_SCRIPT_STARTED 64.0 local - 1
1489643401 create_dir_process_0_local POST_SCRIPT_TERMINATED 64.0 local - 1
1489643401 create_dir_process_0_local POST_SCRIPT_SUCCESS 0 local - 1
1489643407 prms_ID0000001 SUBMIT 65.0 condorpool - 2
1489643412 prms_ID0000001 EXECUTE 65.0 condorpool - 2
1489643412 prms_ID0000001 SHADOW_EXCEPTION 65.0 condorpool - 2
1489643412 prms_ID0000001 JOB_HELD 65.0 condorpool - 2
1489643412 prms_ID0000001 JOB_HELD_REASON 65.0 condorpool - 2
1489645414 prms_ID0000001 JOB_ABORTED 65.0 condorpool - 2
1489645414 prms_ID0000001 POST_SCRIPT_STARTED 65.0 condorpool - 2
1489645419 prms_ID0000001 POST_SCRIPT_TERMINATED 65.0 condorpool - 2
1489645419 prms_ID0000001 POST_SCRIPT_FAILURE 1 condorpool - 2
1489645424 prms_ID0000001 SUBMIT 66.0 condorpool - 3
1489645429 prms_ID0000001 EXECUTE 66.0 condorpool - 3
1489645429 prms_ID0000001 SHADOW_EXCEPTION 66.0 condorpool - 3
1489645429 prms_ID0000001 JOB_HELD 66.0 condorpool - 3
1489645429 prms_ID0000001 JOB_HELD_REASON 66.0 condorpool - 3
1489645466 INTERNAL *** DAGMAN_FINISHED 2 ***
1489645467 INTERNAL *** MONITORD_FINISHED 0 ***
