2017-03-16 16:33:11,367:INFO:pegasus-monitord(68): pegasus-monitord starting - pid 2514620 
2017-03-16 16:33:11,371:INFO:pegasus-monitord(319): Final Command line options are: ['-N', 'process-0.dag.dagman.out']
Created Pegasus database in: sqlite:////u/obidele/PERF/PROJ/prms4.0.2_src/projects/sagehen/submit/obidele/pegasus/process/run0016/process-0.stampede.db
2017-03-16 16:33:11,818:INFO:Pegasus.monitoring.event_output(315): output type=DB namespace=stampede. name=sqlite:////u/obidele/PERF/PROJ/prms4.0.2_src/projects/sagehen/submit/obidele/pegasus/process/run0016/process-0.stampede.db
2017-03-16 16:33:11,835:INFO:Pegasus.monitoring.event_output(315): output type=DB namespace=dashboard. name=sqlite:////u/obidele/.pegasus/workflow.db
2017-03-16 16:33:11,835:INFO:pegasus-monitord(1010): monitord started in fast start mode
2017-03-16 16:33:11,847:INFO:Pegasus.monitoring.workflow(360): cannot open state file /u/obidele/PERF/PROJ/prms4.0.2_src/projects/sagehen/submit/obidele/pegasus/process/run0016/monitord.info, continuing without state...
2017-03-16 16:33:11,847:INFO:Pegasus.monitoring.workflow(937): creating new file /u/obidele/PERF/PROJ/prms4.0.2_src/projects/sagehen/submit/obidele/pegasus/process/run0016/jobstate.log
2017-03-16 16:33:11,848:INFO:Pegasus.monitoring.workflow(945): Appending to exisitng jobstate.log replay_mode 0 previous_processed_line 0
2017-03-16 16:33:11,848:INFO:Pegasus.monitoring.notifications(394): loading notifications from /u/obidele/PERF/PROJ/prms4.0.2_src/projects/sagehen/submit/obidele/pegasus/process/run0016/process-0.notify
2017-03-16 16:33:11,935:INFO:pegasus-monitord(773): Using DAGMan version 8.4.2 80402
2017-03-16 16:33:11,935:INFO:pegasus-monitord(753): DAGMan runs at pid 2514618
2017-03-16 16:33:11,936:INFO:pegasus-monitord(759): using dag process-0.dag
2017-03-16 16:33:11,936:INFO:Pegasus.monitoring.workflow(675): DAGMan starting with condor id 94.0
2017-03-16 16:34:31,212:INFO:pegasus-monitord(733): DAGMan process-0.dag finished with exit code 0
2017-03-16 16:34:32,225:INFO:pegasus-monitord(1169): workflow /u/obidele/PERF/PROJ/prms4.0.2_src/projects/sagehen/submit/obidele/pegasus/process/run0016/process-0.dag.dagman.out ended
2017-03-16 16:34:32,231:INFO:Pegasus.monitoring.workflow(1111): recovery file deleted: /u/obidele/PERF/PROJ/prms4.0.2_src/projects/sagehen/submit/obidele/pegasus/process/run0016/monitord.recover
2017-03-16 16:34:32,233:INFO:pegasus-monitord(1343): finishing workflow: /u/obidele/PERF/PROJ/prms4.0.2_src/projects/sagehen/submit/obidele/pegasus/process/run0016/process-0.dag.dagman.out
2017-03-16 16:34:32,234:INFO:pegasus-monitord(1395): finishing notifications...
2017-03-16 16:34:32,234:INFO:pegasus-monitord(1400): monitord process 2514620 exiting with 0
2017-03-16 16:34:32,234:INFO:pegasus-monitord(182): DB flushing beginning
2017-03-16 16:34:32,235:INFO:Pegasus.db.workflow_loader.WorkflowLoader(1052): Executing final flush
2017-03-16 16:34:32,259:INFO:Pegasus.db.dashboard_loader.DashboardLoader(343): Executing final flush
2017-03-16 16:34:32,261:INFO:pegasus-monitord(196): DB flushing ended
