000 (095.000.000) 03/16 16:33:15 Job submitted from host: <127.0.0.1:23672?addrs=127.0.0.1-23672>
    DAG Node: create_dir_process_0_local
    pool:local
...
001 (095.000.000) 03/16 16:33:16 Job executing on host: <127.0.0.1:21915?addrs=127.0.0.1-21915>
...
005 (095.000.000) 03/16 16:33:18 Job terminated.
	(1) Normal termination (return value 0)
		Usr 0 00:00:00, Sys 0 00:00:00  -  Run Remote Usage
		Usr 0 00:00:00, Sys 0 00:00:00  -  Run Local Usage
		Usr 0 00:00:00, Sys 0 00:00:00  -  Total Remote Usage
		Usr 0 00:00:00, Sys 0 00:00:00  -  Total Local Usage
	0  -  Run Bytes Sent By Job
	0  -  Run Bytes Received By Job
	0  -  Total Bytes Sent By Job
	0  -  Total Bytes Received By Job
...
016 (095.000.000) 03/16 16:33:20 POST Script terminated.
	(1) Normal termination (return value 0)
    DAG Node: create_dir_process_0_local
...
000 (096.000.000) 03/16 16:33:30 Job submitted from host: <127.0.0.1:23672?addrs=127.0.0.1-23672>
    DAG Node: stage_in_remote_local_0_0
    pool:local
...
001 (096.000.000) 03/16 16:33:30 Job executing on host: <127.0.0.1:34859?addrs=127.0.0.1-34859>
...
005 (096.000.000) 03/16 16:33:32 Job terminated.
	(1) Normal termination (return value 0)
		Usr 0 00:00:00, Sys 0 00:00:00  -  Run Remote Usage
		Usr 0 00:00:00, Sys 0 00:00:00  -  Run Local Usage
		Usr 0 00:00:00, Sys 0 00:00:00  -  Total Remote Usage
		Usr 0 00:00:00, Sys 0 00:00:00  -  Total Local Usage
	0  -  Run Bytes Sent By Job
	0  -  Run Bytes Received By Job
	0  -  Total Bytes Sent By Job
	0  -  Total Bytes Received By Job
...
016 (096.000.000) 03/16 16:33:35 POST Script terminated.
	(1) Normal termination (return value 0)
    DAG Node: stage_in_remote_local_0_0
...
000 (097.000.000) 03/16 16:33:45 Job submitted from host: <127.0.0.1:23672?addrs=127.0.0.1-23672>
    DAG Node: prms_ID0000001
    pool:condorpool
...
001 (097.000.000) 03/16 16:33:50 Job executing on host: <127.0.0.1:60981?addrs=127.0.0.1-60981>
...
005 (097.000.000) 03/16 16:33:52 Job terminated.
	(1) Normal termination (return value 0)
		Usr 0 00:00:00, Sys 0 00:00:00  -  Run Remote Usage
		Usr 0 00:00:00, Sys 0 00:00:00  -  Run Local Usage
		Usr 0 00:00:00, Sys 0 00:00:00  -  Total Remote Usage
		Usr 0 00:00:00, Sys 0 00:00:00  -  Total Local Usage
	11514  -  Run Bytes Sent By Job
	10325660  -  Run Bytes Received By Job
	11514  -  Total Bytes Sent By Job
	10325660  -  Total Bytes Received By Job
	Partitionable Resources :    Usage  Request Allocated
	   Cpus                 :                 1         1
	   Disk (KB)            :    52167    12500   6771736
	   Memory (MB)          :        0        1      3983
...
016 (097.000.000) 03/16 16:33:55 POST Script terminated.
	(1) Normal termination (return value 0)
    DAG Node: prms_ID0000001
...
000 (098.000.000) 03/16 16:34:05 Job submitted from host: <127.0.0.1:23672?addrs=127.0.0.1-23672>
    DAG Node: stage_out_local_local_0_0
    pool:local
...
001 (098.000.000) 03/16 16:34:05 Job executing on host: <127.0.0.1:63315?addrs=127.0.0.1-63315>
...
005 (098.000.000) 03/16 16:34:08 Job terminated.
	(1) Normal termination (return value 0)
		Usr 0 00:00:00, Sys 0 00:00:00  -  Run Remote Usage
		Usr 0 00:00:00, Sys 0 00:00:00  -  Run Local Usage
		Usr 0 00:00:00, Sys 0 00:00:00  -  Total Remote Usage
		Usr 0 00:00:00, Sys 0 00:00:00  -  Total Local Usage
	0  -  Run Bytes Sent By Job
	0  -  Run Bytes Received By Job
	0  -  Total Bytes Sent By Job
	0  -  Total Bytes Received By Job
...
016 (098.000.000) 03/16 16:34:11 POST Script terminated.
	(1) Normal termination (return value 0)
    DAG Node: stage_out_local_local_0_0
...
000 (099.000.000) 03/16 16:34:21 Job submitted from host: <127.0.0.1:23672?addrs=127.0.0.1-23672>
    DAG Node: cleanup_process_0_local
    pool:local
...
001 (099.000.000) 03/16 16:34:21 Job executing on host: <127.0.0.1:20199?addrs=127.0.0.1-20199>
...
005 (099.000.000) 03/16 16:34:23 Job terminated.
	(1) Normal termination (return value 0)
		Usr 0 00:00:00, Sys 0 00:00:00  -  Run Remote Usage
		Usr 0 00:00:00, Sys 0 00:00:00  -  Run Local Usage
		Usr 0 00:00:00, Sys 0 00:00:00  -  Total Remote Usage
		Usr 0 00:00:00, Sys 0 00:00:00  -  Total Local Usage
	0  -  Run Bytes Sent By Job
	0  -  Run Bytes Received By Job
	0  -  Total Bytes Sent By Job
	0  -  Total Bytes Received By Job
...
