03/16/17 16:33:10 ******************************************************
03/16/17 16:33:10 ** condor_scheduniv_exec.94.0 (CONDOR_DAGMAN) STARTING UP
03/16/17 16:33:10 ** /usr/bin/condor_dagman
03/16/17 16:33:10 ** SubsystemInfo: name=DAGMAN type=DAGMAN(10) class=DAEMON(1)
03/16/17 16:33:10 ** Configuration: subsystem:DAGMAN local:<NONE> class:DAEMON
03/16/17 16:33:10 ** $CondorVersion: 8.4.2 Feb 22 2016 BuildID: Debian-8.4.2~dfsg.1-1build1 Debian-8.4.2~dfsg.1-1build1 $
03/16/17 16:33:10 ** $CondorPlatform: X86_64-Ubuntu_ $
03/16/17 16:33:10 ** PID = 2514618
03/16/17 16:33:10 ** Log last touched time unavailable (No such file or directory)
03/16/17 16:33:10 ******************************************************
03/16/17 16:33:10 Using config source: /etc/condor/condor_config
03/16/17 16:33:10 Using local config sources: 
03/16/17 16:33:10    /etc/condor/config.d/00debconf
03/16/17 16:33:10    /etc/condor/condor_config.local
03/16/17 16:33:10 config Macros = 70, Sorted = 70, StringBytes = 2050, TablesBytes = 2576
03/16/17 16:33:10 CLASSAD_CACHING is ENABLED
03/16/17 16:33:10 Daemon Log is logging: D_ALWAYS D_ERROR
03/16/17 16:33:10 DaemonCore: No command port requested.
03/16/17 16:33:10 DAGMAN_USE_STRICT setting: 1
03/16/17 16:33:10 DAGMAN_VERBOSITY setting: 3
03/16/17 16:33:10 DAGMAN_DEBUG_CACHE_SIZE setting: 5242880
03/16/17 16:33:10 DAGMAN_DEBUG_CACHE_ENABLE setting: False
03/16/17 16:33:10 DAGMAN_SUBMIT_DELAY setting: 0
03/16/17 16:33:10 DAGMAN_MAX_SUBMIT_ATTEMPTS setting: 6
03/16/17 16:33:10 DAGMAN_STARTUP_CYCLE_DETECT setting: False
03/16/17 16:33:10 DAGMAN_MAX_SUBMITS_PER_INTERVAL setting: 5
03/16/17 16:33:10 DAGMAN_USER_LOG_SCAN_INTERVAL setting: 5
03/16/17 16:33:10 DAGMAN_DEFAULT_PRIORITY setting: 0
03/16/17 16:33:10 DAGMAN_SUPPRESS_NOTIFICATION setting: True
03/16/17 16:33:10 allow_events (DAGMAN_ALLOW_EVENTS) setting: 114
03/16/17 16:33:10 DAGMAN_RETRY_SUBMIT_FIRST setting: True
03/16/17 16:33:10 DAGMAN_RETRY_NODE_FIRST setting: False
03/16/17 16:33:10 DAGMAN_MAX_JOBS_IDLE setting: 1000
03/16/17 16:33:10 DAGMAN_MAX_JOBS_SUBMITTED setting: 0
03/16/17 16:33:10 DAGMAN_MAX_PRE_SCRIPTS setting: 20
03/16/17 16:33:10 DAGMAN_MAX_POST_SCRIPTS setting: 20
03/16/17 16:33:10 DAGMAN_ALLOW_LOG_ERROR setting: False
03/16/17 16:33:10 DAGMAN_MUNGE_NODE_NAMES setting: True
03/16/17 16:33:10 DAGMAN_PROHIBIT_MULTI_JOBS setting: False
03/16/17 16:33:10 DAGMAN_SUBMIT_DEPTH_FIRST setting: False
03/16/17 16:33:10 DAGMAN_ALWAYS_RUN_POST setting: True
03/16/17 16:33:10 DAGMAN_ABORT_DUPLICATES setting: True
03/16/17 16:33:10 DAGMAN_ABORT_ON_SCARY_SUBMIT setting: True
03/16/17 16:33:10 DAGMAN_PENDING_REPORT_INTERVAL setting: 600
03/16/17 16:33:10 DAGMAN_AUTO_RESCUE setting: True
03/16/17 16:33:10 DAGMAN_MAX_RESCUE_NUM setting: 100
03/16/17 16:33:10 DAGMAN_WRITE_PARTIAL_RESCUE setting: True
03/16/17 16:33:10 DAGMAN_DEFAULT_NODE_LOG setting: @(DAG_DIR)/@(DAG_FILE).nodes.log
03/16/17 16:33:10 DAGMAN_GENERATE_SUBDAG_SUBMITS setting: True
03/16/17 16:33:10 DAGMAN_MAX_JOB_HOLDS setting: 100
03/16/17 16:33:10 DAGMAN_HOLD_CLAIM_TIME setting: 20
03/16/17 16:33:10 ALL_DEBUG setting: 
03/16/17 16:33:10 DAGMAN_DEBUG setting: 
03/16/17 16:33:10 DAGMAN_SUPPRESS_JOB_LOGS setting: False
03/16/17 16:33:10 argv[0] == "condor_scheduniv_exec.94.0"
03/16/17 16:33:10 argv[1] == "-Lockfile"
03/16/17 16:33:10 argv[2] == "process-0.dag.lock"
03/16/17 16:33:10 argv[3] == "-AutoRescue"
03/16/17 16:33:10 argv[4] == "1"
03/16/17 16:33:10 argv[5] == "-DoRescueFrom"
03/16/17 16:33:10 argv[6] == "0"
03/16/17 16:33:10 argv[7] == "-Dag"
03/16/17 16:33:10 argv[8] == "process-0.dag"
03/16/17 16:33:10 argv[9] == "-MaxPost"
03/16/17 16:33:10 argv[10] == "20"
03/16/17 16:33:10 argv[11] == "-Suppress_notification"
03/16/17 16:33:10 argv[12] == "-CsdVersion"
03/16/17 16:33:10 argv[13] == "$CondorVersion: 8.4.2 Feb 22 2016 BuildID: Debian-8.4.2~dfsg.1-1build1 Debian-8.4.2~dfsg.1-1build1 $"
03/16/17 16:33:10 argv[14] == "-Dagman"
03/16/17 16:33:10 argv[15] == "/usr/bin/condor_dagman"
03/16/17 16:33:10 Warning: failed to get attribute DAGNodeName
03/16/17 16:33:10 Ignoring value of DAGMAN_LOG_ON_NFS_IS_ERROR because ENABLE_USERLOG_LOCKING and CREATE_LOCKS_ON_LOCAL_DISK are true.
03/16/17 16:33:10 Default node log file is: </u/obidele/PERF/PROJ/prms4.0.2_src/projects/sagehen/submit/obidele/pegasus/process/run0016/./process-0.dag.nodes.log>
03/16/17 16:33:10 DAG Lockfile will be written to process-0.dag.lock
03/16/17 16:33:10 DAG Input file is process-0.dag
03/16/17 16:33:10 Parsing 1 dagfiles
03/16/17 16:33:10 Parsing process-0.dag ...
03/16/17 16:33:10 Warning:  no value for submit_hostname in braindump file
03/16/17 16:33:10 Warning: category stage-out has no throttle value set
03/16/17 16:33:10 Warning: category registration has no assigned nodes, so the throttle setting (1) will have no effect
03/16/17 16:33:10 Warning: category stage-in has no throttle value set
03/16/17 16:33:10 Dag contains 5 total jobs
03/16/17 16:33:10 Sleeping for 3 seconds to ensure ProcessId uniqueness
03/16/17 16:33:13 Bootstrapping...
03/16/17 16:33:13 Number of pre-completed nodes: 0
03/16/17 16:33:13 MultiLogFiles: truncating log file /u/obidele/PERF/PROJ/prms4.0.2_src/projects/sagehen/submit/obidele/pegasus/process/run0016/./process-0.dag.nodes.log
03/16/17 16:33:13 DAG status: 0 (DAG_STATUS_OK)
03/16/17 16:33:13 Of 5 nodes total:
03/16/17 16:33:13  Done     Pre   Queued    Post   Ready   Un-Ready   Failed
03/16/17 16:33:13   ===     ===      ===     ===     ===        ===      ===
03/16/17 16:33:13     0       0        0       0       1          4        0
03/16/17 16:33:13 0 job proc(s) currently held
03/16/17 16:33:14 Registering condor_event_timer...
03/16/17 16:33:15 Submitting Condor Node create_dir_process_0_local job(s)...
03/16/17 16:33:15 Adding a DAGMan workflow log /u/obidele/PERF/PROJ/prms4.0.2_src/projects/sagehen/submit/obidele/pegasus/process/run0016/./process-0.dag.nodes.log
03/16/17 16:33:15 Masking the events recorded in the DAGMAN workflow log
03/16/17 16:33:15 Mask for workflow log is 0,1,2,4,5,7,9,10,11,12,13,16,17,24,27
03/16/17 16:33:15 submitting: /usr/bin/condor_submit -a dag_node_name' '=' 'create_dir_process_0_local -a +DAGManJobId' '=' '94 -a DAGManJobId' '=' '94 -a submit_event_notes' '=' 'DAG' 'Node:' 'create_dir_process_0_local -a dagman_log' '=' '/u/obidele/PERF/PROJ/prms4.0.2_src/projects/sagehen/submit/obidele/pegasus/process/run0016/./process-0.dag.nodes.log -a +DAGManNodesMask' '=' '"0,1,2,4,5,7,9,10,11,12,13,16,17,24,27" -a DAG_STATUS' '=' '0 -a FAILED_COUNT' '=' '0 -a +DAGParentNodeNames' '=' '"" -a +KeepClaimIdle' '=' '20 -a notification' '=' 'never 00/00/create_dir_process_0_local.sub
03/16/17 16:33:15 From submit: Submitting job(s).
03/16/17 16:33:15 From submit: 1 job(s) submitted to cluster 95.
03/16/17 16:33:15 	assigned Condor ID (95.0.0)
03/16/17 16:33:15 Just submitted 1 job this cycle...
03/16/17 16:33:15 Currently monitoring 1 Condor log file(s)
03/16/17 16:33:15 Reassigning the id of job create_dir_process_0_local from (95.0.0) to (95.0.0)
03/16/17 16:33:15 Event: ULOG_SUBMIT for Condor Node create_dir_process_0_local (95.0.0)
03/16/17 16:33:15 Number of idle job procs: 1
03/16/17 16:33:15 DAG status: 0 (DAG_STATUS_OK)
03/16/17 16:33:15 Of 5 nodes total:
03/16/17 16:33:15  Done     Pre   Queued    Post   Ready   Un-Ready   Failed
03/16/17 16:33:15   ===     ===      ===     ===     ===        ===      ===
03/16/17 16:33:15     0       0        1       0       0          4        0
03/16/17 16:33:15 0 job proc(s) currently held
03/16/17 16:33:20 Currently monitoring 1 Condor log file(s)
03/16/17 16:33:20 Event: ULOG_EXECUTE for Condor Node create_dir_process_0_local (95.0.0)
03/16/17 16:33:20 Number of idle job procs: 0
03/16/17 16:33:20 Event: ULOG_JOB_TERMINATED for Condor Node create_dir_process_0_local (95.0.0)
03/16/17 16:33:20 Number of idle job procs: 0
03/16/17 16:33:20 Node create_dir_process_0_local job proc (95.0.0) completed successfully.
03/16/17 16:33:20 Node create_dir_process_0_local job completed
03/16/17 16:33:20 Running POST script of Node create_dir_process_0_local...
03/16/17 16:33:20 Warning: mysin has length 0 (ignore if produced by DAGMan; see gittrac #4987, #5031)
03/16/17 16:33:20 DAG status: 0 (DAG_STATUS_OK)
03/16/17 16:33:20 Of 5 nodes total:
03/16/17 16:33:20  Done     Pre   Queued    Post   Ready   Un-Ready   Failed
03/16/17 16:33:20   ===     ===      ===     ===     ===        ===      ===
03/16/17 16:33:20     0       0        0       1       0          4        0
03/16/17 16:33:20 0 job proc(s) currently held
03/16/17 16:33:20 Initializing user log writer for /u/obidele/PERF/PROJ/prms4.0.2_src/projects/sagehen/submit/obidele/pegasus/process/run0016/./process-0.dag.nodes.log, (95.0.0)
03/16/17 16:33:25 Currently monitoring 1 Condor log file(s)
03/16/17 16:33:25 Event: ULOG_POST_SCRIPT_TERMINATED for Condor Node create_dir_process_0_local (95.0.0)
03/16/17 16:33:25 POST Script of Node create_dir_process_0_local completed successfully.
03/16/17 16:33:25 DAG status: 0 (DAG_STATUS_OK)
03/16/17 16:33:25 Of 5 nodes total:
03/16/17 16:33:25  Done     Pre   Queued    Post   Ready   Un-Ready   Failed
03/16/17 16:33:25   ===     ===      ===     ===     ===        ===      ===
03/16/17 16:33:25     1       0        0       0       1          3        0
03/16/17 16:33:25 0 job proc(s) currently held
03/16/17 16:33:30 Submitting Condor Node stage_in_remote_local_0_0 job(s)...
03/16/17 16:33:30 Adding a DAGMan workflow log /u/obidele/PERF/PROJ/prms4.0.2_src/projects/sagehen/submit/obidele/pegasus/process/run0016/./process-0.dag.nodes.log
03/16/17 16:33:30 Masking the events recorded in the DAGMAN workflow log
03/16/17 16:33:30 Mask for workflow log is 0,1,2,4,5,7,9,10,11,12,13,16,17,24,27
03/16/17 16:33:30 submitting: /usr/bin/condor_submit -a dag_node_name' '=' 'stage_in_remote_local_0_0 -a +DAGManJobId' '=' '94 -a DAGManJobId' '=' '94 -a submit_event_notes' '=' 'DAG' 'Node:' 'stage_in_remote_local_0_0 -a dagman_log' '=' '/u/obidele/PERF/PROJ/prms4.0.2_src/projects/sagehen/submit/obidele/pegasus/process/run0016/./process-0.dag.nodes.log -a +DAGManNodesMask' '=' '"0,1,2,4,5,7,9,10,11,12,13,16,17,24,27" -a DAG_STATUS' '=' '0 -a FAILED_COUNT' '=' '0 -a +DAGParentNodeNames' '=' '"create_dir_process_0_local" -a +KeepClaimIdle' '=' '20 -a notification' '=' 'never 00/00/stage_in_remote_local_0_0.sub
03/16/17 16:33:30 From submit: Submitting job(s).
03/16/17 16:33:30 From submit: 1 job(s) submitted to cluster 96.
03/16/17 16:33:30 	assigned Condor ID (96.0.0)
03/16/17 16:33:30 Just submitted 1 job this cycle...
03/16/17 16:33:30 Currently monitoring 1 Condor log file(s)
03/16/17 16:33:30 Reassigning the id of job stage_in_remote_local_0_0 from (96.0.0) to (96.0.0)
03/16/17 16:33:30 Event: ULOG_SUBMIT for Condor Node stage_in_remote_local_0_0 (96.0.0)
03/16/17 16:33:30 Number of idle job procs: 1
03/16/17 16:33:30 DAG status: 0 (DAG_STATUS_OK)
03/16/17 16:33:30 Of 5 nodes total:
03/16/17 16:33:30  Done     Pre   Queued    Post   Ready   Un-Ready   Failed
03/16/17 16:33:30   ===     ===      ===     ===     ===        ===      ===
03/16/17 16:33:30     1       0        1       0       0          3        0
03/16/17 16:33:30 0 job proc(s) currently held
03/16/17 16:33:35 Currently monitoring 1 Condor log file(s)
03/16/17 16:33:35 Event: ULOG_EXECUTE for Condor Node stage_in_remote_local_0_0 (96.0.0)
03/16/17 16:33:35 Number of idle job procs: 0
03/16/17 16:33:35 Event: ULOG_JOB_TERMINATED for Condor Node stage_in_remote_local_0_0 (96.0.0)
03/16/17 16:33:35 Number of idle job procs: 0
03/16/17 16:33:35 Node stage_in_remote_local_0_0 job proc (96.0.0) completed successfully.
03/16/17 16:33:35 Node stage_in_remote_local_0_0 job completed
03/16/17 16:33:35 Running POST script of Node stage_in_remote_local_0_0...
03/16/17 16:33:35 Warning: mysin has length 0 (ignore if produced by DAGMan; see gittrac #4987, #5031)
03/16/17 16:33:35 DAG status: 0 (DAG_STATUS_OK)
03/16/17 16:33:35 Of 5 nodes total:
03/16/17 16:33:35  Done     Pre   Queued    Post   Ready   Un-Ready   Failed
03/16/17 16:33:35   ===     ===      ===     ===     ===        ===      ===
03/16/17 16:33:35     1       0        0       1       0          3        0
03/16/17 16:33:35 0 job proc(s) currently held
03/16/17 16:33:35 Initializing user log writer for /u/obidele/PERF/PROJ/prms4.0.2_src/projects/sagehen/submit/obidele/pegasus/process/run0016/./process-0.dag.nodes.log, (96.0.0)
03/16/17 16:33:40 Currently monitoring 1 Condor log file(s)
03/16/17 16:33:40 Event: ULOG_POST_SCRIPT_TERMINATED for Condor Node stage_in_remote_local_0_0 (96.0.0)
03/16/17 16:33:40 POST Script of Node stage_in_remote_local_0_0 completed successfully.
03/16/17 16:33:40 DAG status: 0 (DAG_STATUS_OK)
03/16/17 16:33:40 Of 5 nodes total:
03/16/17 16:33:40  Done     Pre   Queued    Post   Ready   Un-Ready   Failed
03/16/17 16:33:40   ===     ===      ===     ===     ===        ===      ===
03/16/17 16:33:40     2       0        0       0       1          2        0
03/16/17 16:33:40 0 job proc(s) currently held
03/16/17 16:33:45 Submitting Condor Node prms_ID0000001 job(s)...
03/16/17 16:33:45 Adding a DAGMan workflow log /u/obidele/PERF/PROJ/prms4.0.2_src/projects/sagehen/submit/obidele/pegasus/process/run0016/./process-0.dag.nodes.log
03/16/17 16:33:45 Masking the events recorded in the DAGMAN workflow log
03/16/17 16:33:45 Mask for workflow log is 0,1,2,4,5,7,9,10,11,12,13,16,17,24,27
03/16/17 16:33:45 submitting: /usr/bin/condor_submit -a dag_node_name' '=' 'prms_ID0000001 -a +DAGManJobId' '=' '94 -a DAGManJobId' '=' '94 -a submit_event_notes' '=' 'DAG' 'Node:' 'prms_ID0000001 -a dagman_log' '=' '/u/obidele/PERF/PROJ/prms4.0.2_src/projects/sagehen/submit/obidele/pegasus/process/run0016/./process-0.dag.nodes.log -a +DAGManNodesMask' '=' '"0,1,2,4,5,7,9,10,11,12,13,16,17,24,27" -a DAG_STATUS' '=' '0 -a FAILED_COUNT' '=' '0 -a +DAGParentNodeNames' '=' '"stage_in_remote_local_0_0" -a +KeepClaimIdle' '=' '20 -a notification' '=' 'never 00/00/prms_ID0000001.sub
03/16/17 16:33:45 From submit: Submitting job(s).
03/16/17 16:33:45 From submit: 1 job(s) submitted to cluster 97.
03/16/17 16:33:45 	assigned Condor ID (97.0.0)
03/16/17 16:33:45 Just submitted 1 job this cycle...
03/16/17 16:33:45 Currently monitoring 1 Condor log file(s)
03/16/17 16:33:45 Reassigning the id of job prms_ID0000001 from (97.0.0) to (97.0.0)
03/16/17 16:33:45 Event: ULOG_SUBMIT for Condor Node prms_ID0000001 (97.0.0)
03/16/17 16:33:45 Number of idle job procs: 1
03/16/17 16:33:45 DAG status: 0 (DAG_STATUS_OK)
03/16/17 16:33:45 Of 5 nodes total:
03/16/17 16:33:45  Done     Pre   Queued    Post   Ready   Un-Ready   Failed
03/16/17 16:33:45   ===     ===      ===     ===     ===        ===      ===
03/16/17 16:33:45     2       0        1       0       0          2        0
03/16/17 16:33:45 0 job proc(s) currently held
03/16/17 16:33:55 Currently monitoring 1 Condor log file(s)
03/16/17 16:33:55 Event: ULOG_EXECUTE for Condor Node prms_ID0000001 (97.0.0)
03/16/17 16:33:55 Number of idle job procs: 0
03/16/17 16:33:55 Event: ULOG_JOB_TERMINATED for Condor Node prms_ID0000001 (97.0.0)
03/16/17 16:33:55 Number of idle job procs: 0
03/16/17 16:33:55 Node prms_ID0000001 job proc (97.0.0) completed successfully.
03/16/17 16:33:55 Node prms_ID0000001 job completed
03/16/17 16:33:55 Running POST script of Node prms_ID0000001...
03/16/17 16:33:55 Warning: mysin has length 0 (ignore if produced by DAGMan; see gittrac #4987, #5031)
03/16/17 16:33:55 DAG status: 0 (DAG_STATUS_OK)
03/16/17 16:33:55 Of 5 nodes total:
03/16/17 16:33:55  Done     Pre   Queued    Post   Ready   Un-Ready   Failed
03/16/17 16:33:55   ===     ===      ===     ===     ===        ===      ===
03/16/17 16:33:55     2       0        0       1       0          2        0
03/16/17 16:33:55 0 job proc(s) currently held
03/16/17 16:33:55 Initializing user log writer for /u/obidele/PERF/PROJ/prms4.0.2_src/projects/sagehen/submit/obidele/pegasus/process/run0016/./process-0.dag.nodes.log, (97.0.0)
03/16/17 16:34:00 Currently monitoring 1 Condor log file(s)
03/16/17 16:34:00 Event: ULOG_POST_SCRIPT_TERMINATED for Condor Node prms_ID0000001 (97.0.0)
03/16/17 16:34:00 POST Script of Node prms_ID0000001 completed successfully.
03/16/17 16:34:00 DAG status: 0 (DAG_STATUS_OK)
03/16/17 16:34:00 Of 5 nodes total:
03/16/17 16:34:00  Done     Pre   Queued    Post   Ready   Un-Ready   Failed
03/16/17 16:34:00   ===     ===      ===     ===     ===        ===      ===
03/16/17 16:34:00     3       0        0       0       1          1        0
03/16/17 16:34:00 0 job proc(s) currently held
03/16/17 16:34:05 Submitting Condor Node stage_out_local_local_0_0 job(s)...
03/16/17 16:34:05 Adding a DAGMan workflow log /u/obidele/PERF/PROJ/prms4.0.2_src/projects/sagehen/submit/obidele/pegasus/process/run0016/./process-0.dag.nodes.log
03/16/17 16:34:05 Masking the events recorded in the DAGMAN workflow log
03/16/17 16:34:05 Mask for workflow log is 0,1,2,4,5,7,9,10,11,12,13,16,17,24,27
03/16/17 16:34:05 submitting: /usr/bin/condor_submit -a dag_node_name' '=' 'stage_out_local_local_0_0 -a +DAGManJobId' '=' '94 -a DAGManJobId' '=' '94 -a submit_event_notes' '=' 'DAG' 'Node:' 'stage_out_local_local_0_0 -a dagman_log' '=' '/u/obidele/PERF/PROJ/prms4.0.2_src/projects/sagehen/submit/obidele/pegasus/process/run0016/./process-0.dag.nodes.log -a +DAGManNodesMask' '=' '"0,1,2,4,5,7,9,10,11,12,13,16,17,24,27" -a DAG_STATUS' '=' '0 -a FAILED_COUNT' '=' '0 -a +DAGParentNodeNames' '=' '"prms_ID0000001" -a +KeepClaimIdle' '=' '20 -a notification' '=' 'never 00/00/stage_out_local_local_0_0.sub
03/16/17 16:34:05 From submit: Submitting job(s).
03/16/17 16:34:05 From submit: 1 job(s) submitted to cluster 98.
03/16/17 16:34:05 	assigned Condor ID (98.0.0)
03/16/17 16:34:05 Just submitted 1 job this cycle...
03/16/17 16:34:05 Currently monitoring 1 Condor log file(s)
03/16/17 16:34:05 Reassigning the id of job stage_out_local_local_0_0 from (98.0.0) to (98.0.0)
03/16/17 16:34:05 Event: ULOG_SUBMIT for Condor Node stage_out_local_local_0_0 (98.0.0)
03/16/17 16:34:05 Number of idle job procs: 1
03/16/17 16:34:05 DAG status: 0 (DAG_STATUS_OK)
03/16/17 16:34:05 Of 5 nodes total:
03/16/17 16:34:05  Done     Pre   Queued    Post   Ready   Un-Ready   Failed
03/16/17 16:34:05   ===     ===      ===     ===     ===        ===      ===
03/16/17 16:34:05     3       0        1       0       0          1        0
03/16/17 16:34:05 0 job proc(s) currently held
03/16/17 16:34:10 Currently monitoring 1 Condor log file(s)
03/16/17 16:34:10 Event: ULOG_EXECUTE for Condor Node stage_out_local_local_0_0 (98.0.0)
03/16/17 16:34:10 Number of idle job procs: 0
03/16/17 16:34:10 Event: ULOG_JOB_TERMINATED for Condor Node stage_out_local_local_0_0 (98.0.0)
03/16/17 16:34:10 Number of idle job procs: 0
03/16/17 16:34:10 Node stage_out_local_local_0_0 job proc (98.0.0) completed successfully.
03/16/17 16:34:10 Node stage_out_local_local_0_0 job completed
03/16/17 16:34:10 Running POST script of Node stage_out_local_local_0_0...
03/16/17 16:34:10 Warning: mysin has length 0 (ignore if produced by DAGMan; see gittrac #4987, #5031)
03/16/17 16:34:10 DAG status: 0 (DAG_STATUS_OK)
03/16/17 16:34:10 Of 5 nodes total:
03/16/17 16:34:10  Done     Pre   Queued    Post   Ready   Un-Ready   Failed
03/16/17 16:34:10   ===     ===      ===     ===     ===        ===      ===
03/16/17 16:34:10     3       0        0       1       0          1        0
03/16/17 16:34:10 0 job proc(s) currently held
03/16/17 16:34:11 Initializing user log writer for /u/obidele/PERF/PROJ/prms4.0.2_src/projects/sagehen/submit/obidele/pegasus/process/run0016/./process-0.dag.nodes.log, (98.0.0)
03/16/17 16:34:16 Currently monitoring 1 Condor log file(s)
03/16/17 16:34:16 Event: ULOG_POST_SCRIPT_TERMINATED for Condor Node stage_out_local_local_0_0 (98.0.0)
03/16/17 16:34:16 POST Script of Node stage_out_local_local_0_0 completed successfully.
03/16/17 16:34:16 DAG status: 0 (DAG_STATUS_OK)
03/16/17 16:34:16 Of 5 nodes total:
03/16/17 16:34:16  Done     Pre   Queued    Post   Ready   Un-Ready   Failed
03/16/17 16:34:16   ===     ===      ===     ===     ===        ===      ===
03/16/17 16:34:16     4       0        0       0       1          0        0
03/16/17 16:34:16 0 job proc(s) currently held
03/16/17 16:34:21 Submitting Condor Node cleanup_process_0_local job(s)...
03/16/17 16:34:21 Adding a DAGMan workflow log /u/obidele/PERF/PROJ/prms4.0.2_src/projects/sagehen/submit/obidele/pegasus/process/run0016/./process-0.dag.nodes.log
03/16/17 16:34:21 Masking the events recorded in the DAGMAN workflow log
03/16/17 16:34:21 Mask for workflow log is 0,1,2,4,5,7,9,10,11,12,13,16,17,24,27
03/16/17 16:34:21 submitting: /usr/bin/condor_submit -a dag_node_name' '=' 'cleanup_process_0_local -a +DAGManJobId' '=' '94 -a DAGManJobId' '=' '94 -a submit_event_notes' '=' 'DAG' 'Node:' 'cleanup_process_0_local -a dagman_log' '=' '/u/obidele/PERF/PROJ/prms4.0.2_src/projects/sagehen/submit/obidele/pegasus/process/run0016/./process-0.dag.nodes.log -a +DAGManNodesMask' '=' '"0,1,2,4,5,7,9,10,11,12,13,16,17,24,27" -a DAG_STATUS' '=' '0 -a FAILED_COUNT' '=' '0 -a +DAGParentNodeNames' '=' '"stage_out_local_local_0_0" -a notification' '=' 'never 00/00/cleanup_process_0_local.sub
03/16/17 16:34:21 From submit: Submitting job(s).
03/16/17 16:34:21 From submit: 1 job(s) submitted to cluster 99.
03/16/17 16:34:21 	assigned Condor ID (99.0.0)
03/16/17 16:34:21 Just submitted 1 job this cycle...
03/16/17 16:34:21 Currently monitoring 1 Condor log file(s)
03/16/17 16:34:21 Reassigning the id of job cleanup_process_0_local from (99.0.0) to (99.0.0)
03/16/17 16:34:21 Event: ULOG_SUBMIT for Condor Node cleanup_process_0_local (99.0.0)
03/16/17 16:34:21 Number of idle job procs: 1
03/16/17 16:34:21 DAG status: 0 (DAG_STATUS_OK)
03/16/17 16:34:21 Of 5 nodes total:
03/16/17 16:34:21  Done     Pre   Queued    Post   Ready   Un-Ready   Failed
03/16/17 16:34:21   ===     ===      ===     ===     ===        ===      ===
03/16/17 16:34:21     4       0        1       0       0          0        0
03/16/17 16:34:21 0 job proc(s) currently held
03/16/17 16:34:26 Currently monitoring 1 Condor log file(s)
03/16/17 16:34:26 Event: ULOG_EXECUTE for Condor Node cleanup_process_0_local (99.0.0)
03/16/17 16:34:26 Number of idle job procs: 0
03/16/17 16:34:26 Event: ULOG_JOB_TERMINATED for Condor Node cleanup_process_0_local (99.0.0)
03/16/17 16:34:26 Number of idle job procs: 0
03/16/17 16:34:26 Node cleanup_process_0_local job proc (99.0.0) completed successfully.
03/16/17 16:34:26 Node cleanup_process_0_local job completed
03/16/17 16:34:26 DAG status: 0 (DAG_STATUS_OK)
03/16/17 16:34:26 Of 5 nodes total:
03/16/17 16:34:26  Done     Pre   Queued    Post   Ready   Un-Ready   Failed
03/16/17 16:34:26   ===     ===      ===     ===     ===        ===      ===
03/16/17 16:34:26     5       0        0       0       0          0        0
03/16/17 16:34:26 0 job proc(s) currently held
03/16/17 16:34:26 All jobs Completed!
03/16/17 16:34:26 Note: 0 total job deferrals because of -MaxJobs limit (0)
03/16/17 16:34:26 Note: 0 total job deferrals because of -MaxIdle limit (1000)
03/16/17 16:34:26 Note: 0 total job deferrals because of node category throttles
03/16/17 16:34:26 Note: 0 total PRE script deferrals because of -MaxPre limit (20) or DEFER
03/16/17 16:34:26 Note: 0 total POST script deferrals because of -MaxPost limit (20) or DEFER
03/16/17 16:34:26 DAG status: 0 (DAG_STATUS_OK)
03/16/17 16:34:26 Of 5 nodes total:
03/16/17 16:34:26  Done     Pre   Queued    Post   Ready   Un-Ready   Failed
03/16/17 16:34:26   ===     ===      ===     ===     ===        ===      ===
03/16/17 16:34:26     5       0        0       0       0          0        0
03/16/17 16:34:26 0 job proc(s) currently held
03/16/17 16:34:26 Wrote metrics file process-0.dag.metrics.
03/16/17 16:34:26 Reporting metrics to Pegasus metrics server(s); output is in process-0.dag.metrics.out.
03/16/17 16:34:26 Running command </usr/lib/condor/libexec/condor_dagman_metrics_reporter -f process-0.dag.metrics -t 100>
03/16/17 16:34:26 Warning: mysin has length 0 (ignore if produced by DAGMan; see gittrac #4987, #5031)
03/16/17 16:34:26 **** condor_scheduniv_exec.94.0 (condor_DAGMAN) pid 2514618 EXITING WITH STATUS 0
