1489553074 INTERNAL *** MONITORD_STARTED ***
1489553073 INTERNAL *** DAGMAN_STARTED 56.0 ***
1489553077 create_dir_process_0_local SUBMIT 57.0 local - 1
1489553082 create_dir_process_0_local EXECUTE 57.0 local - 1
1489553082 create_dir_process_0_local JOB_TERMINATED 57.0 local - 1
1489553082 create_dir_process_0_local JOB_SUCCESS 0 local - 1
1489553082 create_dir_process_0_local POST_SCRIPT_STARTED 57.0 local - 1
1489553087 create_dir_process_0_local POST_SCRIPT_TERMINATED 57.0 local - 1
1489553087 create_dir_process_0_local POST_SCRIPT_SUCCESS 0 local - 1
1489553092 prms_ID0000001 SUBMIT 58.0 condorpool - 2
1489553097 prms_ID0000001 EXECUTE 58.0 condorpool - 2
1489553097 prms_ID0000001 JOB_TERMINATED 58.0 condorpool - 2
1489553097 prms_ID0000001 JOB_FAILURE 127 condorpool - 2
1489553097 prms_ID0000001 POST_SCRIPT_STARTED 58.0 condorpool - 2
1489553103 prms_ID0000001 POST_SCRIPT_TERMINATED 58.0 condorpool - 2
1489553103 prms_ID0000001 POST_SCRIPT_FAILURE 1 condorpool - 2
1489553108 prms_ID0000001 SUBMIT 59.0 condorpool - 3
1489553113 prms_ID0000001 EXECUTE 59.0 condorpool - 3
1489553113 prms_ID0000001 JOB_TERMINATED 59.0 condorpool - 3
1489553113 prms_ID0000001 JOB_FAILURE 127 condorpool - 3
1489553113 prms_ID0000001 POST_SCRIPT_STARTED 59.0 condorpool - 3
1489553118 prms_ID0000001 POST_SCRIPT_TERMINATED 59.0 condorpool - 3
1489553118 prms_ID0000001 POST_SCRIPT_FAILURE 1 condorpool - 3
1489553118 INTERNAL *** DAGMAN_FINISHED 1 ***
1489553120 INTERNAL *** MONITORD_FINISHED 0 ***
