000 (057.000.000) 03/14 21:44:37 Job submitted from host: <127.0.0.1:23672?addrs=127.0.0.1-23672>
    DAG Node: create_dir_process_0_local
    pool:local
...
001 (057.000.000) 03/14 21:44:38 Job executing on host: <127.0.0.1:57048?addrs=127.0.0.1-57048>
...
005 (057.000.000) 03/14 21:44:40 Job terminated.
	(1) Normal termination (return value 0)
		Usr 0 00:00:00, Sys 0 00:00:00  -  Run Remote Usage
		Usr 0 00:00:00, Sys 0 00:00:00  -  Run Local Usage
		Usr 0 00:00:00, Sys 0 00:00:00  -  Total Remote Usage
		Usr 0 00:00:00, Sys 0 00:00:00  -  Total Local Usage
	0  -  Run Bytes Sent By Job
	0  -  Run Bytes Received By Job
	0  -  Total Bytes Sent By Job
	0  -  Total Bytes Received By Job
...
000 (058.000.000) 03/14 21:44:52 Job submitted from host: <127.0.0.1:23672?addrs=127.0.0.1-23672>
    DAG Node: prms_ID0000001
    pool:condorpool
...
001 (058.000.000) 03/14 21:44:54 Job executing on host: <127.0.0.1:60981?addrs=127.0.0.1-60981>
...
006 (058.000.000) 03/14 21:44:54 Image size of job updated: 1
	0  -  MemoryUsage of job (MB)
	0  -  ResidentSetSize of job (KB)
...
005 (058.000.000) 03/14 21:44:54 Job terminated.
	(1) Normal termination (return value 127)
		Usr 0 00:00:00, Sys 0 00:00:00  -  Run Remote Usage
		Usr 0 00:00:00, Sys 0 00:00:00  -  Run Local Usage
		Usr 0 00:00:00, Sys 0 00:00:00  -  Total Remote Usage
		Usr 0 00:00:00, Sys 0 00:00:00  -  Total Local Usage
	7946  -  Run Bytes Sent By Job
	10322867  -  Run Bytes Received By Job
	7946  -  Total Bytes Sent By Job
	10322867  -  Total Bytes Received By Job
	Partitionable Resources :    Usage  Request Allocated
	   Cpus                 :                 1         1
	   Disk (KB)            :    42313    12500   6777534
	   Memory (MB)          :        0        1      3983
...
000 (059.000.000) 03/14 21:45:08 Job submitted from host: <127.0.0.1:23672?addrs=127.0.0.1-23672>
    DAG Node: prms_ID0000001
    pool:condorpool
...
001 (059.000.000) 03/14 21:45:08 Job executing on host: <127.0.0.1:60981?addrs=127.0.0.1-60981>
...
006 (059.000.000) 03/14 21:45:08 Image size of job updated: 1
	0  -  MemoryUsage of job (MB)
	0  -  ResidentSetSize of job (KB)
...
005 (059.000.000) 03/14 21:45:08 Job terminated.
	(1) Normal termination (return value 127)
		Usr 0 00:00:00, Sys 0 00:00:00  -  Run Remote Usage
		Usr 0 00:00:00, Sys 0 00:00:00  -  Run Local Usage
		Usr 0 00:00:00, Sys 0 00:00:00  -  Total Remote Usage
		Usr 0 00:00:00, Sys 0 00:00:00  -  Total Local Usage
	7945  -  Run Bytes Sent By Job
	10322867  -  Run Bytes Received By Job
	7945  -  Total Bytes Sent By Job
	10322867  -  Total Bytes Received By Job
	Partitionable Resources :    Usage  Request Allocated
	   Cpus                 :                 1         1
	   Disk (KB)            :    42313    12500   6777534
	   Memory (MB)          :        0        1      3983
...
