000 (089.000.000) 03/16 15:55:12 Job submitted from host: <127.0.0.1:23672?addrs=127.0.0.1-23672>
    DAG Node: create_dir_process_0_local
    pool:local
...
001 (089.000.000) 03/16 15:55:13 Job executing on host: <127.0.0.1:60602?addrs=127.0.0.1-60602>
...
005 (089.000.000) 03/16 15:55:15 Job terminated.
	(1) Normal termination (return value 0)
		Usr 0 00:00:00, Sys 0 00:00:00  -  Run Remote Usage
		Usr 0 00:00:00, Sys 0 00:00:00  -  Run Local Usage
		Usr 0 00:00:00, Sys 0 00:00:00  -  Total Remote Usage
		Usr 0 00:00:00, Sys 0 00:00:00  -  Total Local Usage
	0  -  Run Bytes Sent By Job
	0  -  Run Bytes Received By Job
	0  -  Total Bytes Sent By Job
	0  -  Total Bytes Received By Job
...
016 (089.000.000) 03/16 15:55:17 POST Script terminated.
	(1) Normal termination (return value 0)
    DAG Node: create_dir_process_0_local
...
000 (090.000.000) 03/16 15:55:27 Job submitted from host: <127.0.0.1:23672?addrs=127.0.0.1-23672>
    DAG Node: stage_in_remote_local_0_0
    pool:local
...
001 (090.000.000) 03/16 15:55:27 Job executing on host: <127.0.0.1:30055?addrs=127.0.0.1-30055>
...
005 (090.000.000) 03/16 15:55:29 Job terminated.
	(1) Normal termination (return value 0)
		Usr 0 00:00:00, Sys 0 00:00:00  -  Run Remote Usage
		Usr 0 00:00:00, Sys 0 00:00:00  -  Run Local Usage
		Usr 0 00:00:00, Sys 0 00:00:00  -  Total Remote Usage
		Usr 0 00:00:00, Sys 0 00:00:00  -  Total Local Usage
	0  -  Run Bytes Sent By Job
	0  -  Run Bytes Received By Job
	0  -  Total Bytes Sent By Job
	0  -  Total Bytes Received By Job
...
016 (090.000.000) 03/16 15:55:32 POST Script terminated.
	(1) Normal termination (return value 0)
    DAG Node: stage_in_remote_local_0_0
...
000 (091.000.000) 03/16 15:55:42 Job submitted from host: <127.0.0.1:23672?addrs=127.0.0.1-23672>
    DAG Node: prms_ID0000001
    pool:condorpool
...
001 (091.000.000) 03/16 15:55:47 Job executing on host: <127.0.0.1:60981?addrs=127.0.0.1-60981>
...
005 (091.000.000) 03/16 15:55:48 Job terminated.
	(1) Normal termination (return value 0)
		Usr 0 00:00:00, Sys 0 00:00:00  -  Run Remote Usage
		Usr 0 00:00:00, Sys 0 00:00:00  -  Run Local Usage
		Usr 0 00:00:00, Sys 0 00:00:00  -  Total Remote Usage
		Usr 0 00:00:00, Sys 0 00:00:00  -  Total Local Usage
	4627  -  Run Bytes Sent By Job
	10324968  -  Run Bytes Received By Job
	4627  -  Total Bytes Sent By Job
	10324968  -  Total Bytes Received By Job
	Partitionable Resources :    Usage  Request Allocated
	   Cpus                 :                 1         1
	   Disk (KB)            :    42312    12500   6771830
	   Memory (MB)          :        0        1      3983
...
016 (091.000.000) 03/16 15:55:52 POST Script terminated.
	(1) Normal termination (return value 0)
    DAG Node: prms_ID0000001
...
000 (092.000.000) 03/16 15:56:02 Job submitted from host: <127.0.0.1:23672?addrs=127.0.0.1-23672>
    DAG Node: stage_out_local_local_0_0
    pool:local
...
001 (092.000.000) 03/16 15:56:02 Job executing on host: <127.0.0.1:16695?addrs=127.0.0.1-16695>
...
005 (092.000.000) 03/16 15:56:04 Job terminated.
	(1) Normal termination (return value 0)
		Usr 0 00:00:00, Sys 0 00:00:00  -  Run Remote Usage
		Usr 0 00:00:00, Sys 0 00:00:00  -  Run Local Usage
		Usr 0 00:00:00, Sys 0 00:00:00  -  Total Remote Usage
		Usr 0 00:00:00, Sys 0 00:00:00  -  Total Local Usage
	0  -  Run Bytes Sent By Job
	0  -  Run Bytes Received By Job
	0  -  Total Bytes Sent By Job
	0  -  Total Bytes Received By Job
...
016 (092.000.000) 03/16 15:56:07 POST Script terminated.
	(1) Normal termination (return value 0)
    DAG Node: stage_out_local_local_0_0
...
000 (093.000.000) 03/16 15:56:17 Job submitted from host: <127.0.0.1:23672?addrs=127.0.0.1-23672>
    DAG Node: cleanup_process_0_local
    pool:local
...
001 (093.000.000) 03/16 15:56:18 Job executing on host: <127.0.0.1:38931?addrs=127.0.0.1-38931>
...
005 (093.000.000) 03/16 15:56:20 Job terminated.
	(1) Normal termination (return value 0)
		Usr 0 00:00:00, Sys 0 00:00:00  -  Run Remote Usage
		Usr 0 00:00:00, Sys 0 00:00:00  -  Run Local Usage
		Usr 0 00:00:00, Sys 0 00:00:00  -  Total Remote Usage
		Usr 0 00:00:00, Sys 0 00:00:00  -  Total Local Usage
	0  -  Run Bytes Sent By Job
	0  -  Run Bytes Received By Job
	0  -  Total Bytes Sent By Job
	0  -  Total Bytes Received By Job
...
