03/16/17 15:55:07 ******************************************************
03/16/17 15:55:07 ** condor_scheduniv_exec.88.0 (CONDOR_DAGMAN) STARTING UP
03/16/17 15:55:07 ** /usr/bin/condor_dagman
03/16/17 15:55:07 ** SubsystemInfo: name=DAGMAN type=DAGMAN(10) class=DAEMON(1)
03/16/17 15:55:07 ** Configuration: subsystem:DAGMAN local:<NONE> class:DAEMON
03/16/17 15:55:07 ** $CondorVersion: 8.4.2 Feb 22 2016 BuildID: Debian-8.4.2~dfsg.1-1build1 Debian-8.4.2~dfsg.1-1build1 $
03/16/17 15:55:07 ** $CondorPlatform: X86_64-Ubuntu_ $
03/16/17 15:55:07 ** PID = 2509067
03/16/17 15:55:07 ** Log last touched time unavailable (No such file or directory)
03/16/17 15:55:07 ******************************************************
03/16/17 15:55:07 Using config source: /etc/condor/condor_config
03/16/17 15:55:07 Using local config sources: 
03/16/17 15:55:07    /etc/condor/config.d/00debconf
03/16/17 15:55:07    /etc/condor/condor_config.local
03/16/17 15:55:07 config Macros = 70, Sorted = 70, StringBytes = 2050, TablesBytes = 2576
03/16/17 15:55:07 CLASSAD_CACHING is ENABLED
03/16/17 15:55:07 Daemon Log is logging: D_ALWAYS D_ERROR
03/16/17 15:55:07 DaemonCore: No command port requested.
03/16/17 15:55:07 DAGMAN_USE_STRICT setting: 1
03/16/17 15:55:07 DAGMAN_VERBOSITY setting: 3
03/16/17 15:55:07 DAGMAN_DEBUG_CACHE_SIZE setting: 5242880
03/16/17 15:55:07 DAGMAN_DEBUG_CACHE_ENABLE setting: False
03/16/17 15:55:07 DAGMAN_SUBMIT_DELAY setting: 0
03/16/17 15:55:07 DAGMAN_MAX_SUBMIT_ATTEMPTS setting: 6
03/16/17 15:55:07 DAGMAN_STARTUP_CYCLE_DETECT setting: False
03/16/17 15:55:07 DAGMAN_MAX_SUBMITS_PER_INTERVAL setting: 5
03/16/17 15:55:07 DAGMAN_USER_LOG_SCAN_INTERVAL setting: 5
03/16/17 15:55:07 DAGMAN_DEFAULT_PRIORITY setting: 0
03/16/17 15:55:07 DAGMAN_SUPPRESS_NOTIFICATION setting: True
03/16/17 15:55:07 allow_events (DAGMAN_ALLOW_EVENTS) setting: 114
03/16/17 15:55:07 DAGMAN_RETRY_SUBMIT_FIRST setting: True
03/16/17 15:55:07 DAGMAN_RETRY_NODE_FIRST setting: False
03/16/17 15:55:07 DAGMAN_MAX_JOBS_IDLE setting: 1000
03/16/17 15:55:07 DAGMAN_MAX_JOBS_SUBMITTED setting: 0
03/16/17 15:55:07 DAGMAN_MAX_PRE_SCRIPTS setting: 20
03/16/17 15:55:07 DAGMAN_MAX_POST_SCRIPTS setting: 20
03/16/17 15:55:07 DAGMAN_ALLOW_LOG_ERROR setting: False
03/16/17 15:55:07 DAGMAN_MUNGE_NODE_NAMES setting: True
03/16/17 15:55:07 DAGMAN_PROHIBIT_MULTI_JOBS setting: False
03/16/17 15:55:07 DAGMAN_SUBMIT_DEPTH_FIRST setting: False
03/16/17 15:55:07 DAGMAN_ALWAYS_RUN_POST setting: True
03/16/17 15:55:07 DAGMAN_ABORT_DUPLICATES setting: True
03/16/17 15:55:07 DAGMAN_ABORT_ON_SCARY_SUBMIT setting: True
03/16/17 15:55:07 DAGMAN_PENDING_REPORT_INTERVAL setting: 600
03/16/17 15:55:07 DAGMAN_AUTO_RESCUE setting: True
03/16/17 15:55:07 DAGMAN_MAX_RESCUE_NUM setting: 100
03/16/17 15:55:07 DAGMAN_WRITE_PARTIAL_RESCUE setting: True
03/16/17 15:55:07 DAGMAN_DEFAULT_NODE_LOG setting: @(DAG_DIR)/@(DAG_FILE).nodes.log
03/16/17 15:55:07 DAGMAN_GENERATE_SUBDAG_SUBMITS setting: True
03/16/17 15:55:07 DAGMAN_MAX_JOB_HOLDS setting: 100
03/16/17 15:55:07 DAGMAN_HOLD_CLAIM_TIME setting: 20
03/16/17 15:55:07 ALL_DEBUG setting: 
03/16/17 15:55:07 DAGMAN_DEBUG setting: 
03/16/17 15:55:07 DAGMAN_SUPPRESS_JOB_LOGS setting: False
03/16/17 15:55:07 argv[0] == "condor_scheduniv_exec.88.0"
03/16/17 15:55:07 argv[1] == "-Lockfile"
03/16/17 15:55:07 argv[2] == "process-0.dag.lock"
03/16/17 15:55:07 argv[3] == "-AutoRescue"
03/16/17 15:55:07 argv[4] == "1"
03/16/17 15:55:07 argv[5] == "-DoRescueFrom"
03/16/17 15:55:07 argv[6] == "0"
03/16/17 15:55:07 argv[7] == "-Dag"
03/16/17 15:55:07 argv[8] == "process-0.dag"
03/16/17 15:55:07 argv[9] == "-MaxPost"
03/16/17 15:55:07 argv[10] == "20"
03/16/17 15:55:07 argv[11] == "-Suppress_notification"
03/16/17 15:55:07 argv[12] == "-CsdVersion"
03/16/17 15:55:07 argv[13] == "$CondorVersion: 8.4.2 Feb 22 2016 BuildID: Debian-8.4.2~dfsg.1-1build1 Debian-8.4.2~dfsg.1-1build1 $"
03/16/17 15:55:07 argv[14] == "-Dagman"
03/16/17 15:55:07 argv[15] == "/usr/bin/condor_dagman"
03/16/17 15:55:07 Warning: failed to get attribute DAGNodeName
03/16/17 15:55:07 Ignoring value of DAGMAN_LOG_ON_NFS_IS_ERROR because ENABLE_USERLOG_LOCKING and CREATE_LOCKS_ON_LOCAL_DISK are true.
03/16/17 15:55:07 Default node log file is: </u/obidele/PERF/PROJ/prms4.0.2_src/projects/sagehen/submit/obidele/pegasus/process/run0015/./process-0.dag.nodes.log>
03/16/17 15:55:07 DAG Lockfile will be written to process-0.dag.lock
03/16/17 15:55:07 DAG Input file is process-0.dag
03/16/17 15:55:07 Parsing 1 dagfiles
03/16/17 15:55:07 Parsing process-0.dag ...
03/16/17 15:55:07 Warning:  no value for submit_hostname in braindump file
03/16/17 15:55:07 Warning: category stage-out has no throttle value set
03/16/17 15:55:07 Warning: category registration has no assigned nodes, so the throttle setting (1) will have no effect
03/16/17 15:55:07 Warning: category stage-in has no throttle value set
03/16/17 15:55:07 Dag contains 5 total jobs
03/16/17 15:55:07 Sleeping for 3 seconds to ensure ProcessId uniqueness
03/16/17 15:55:10 Bootstrapping...
03/16/17 15:55:10 Number of pre-completed nodes: 0
03/16/17 15:55:10 MultiLogFiles: truncating log file /u/obidele/PERF/PROJ/prms4.0.2_src/projects/sagehen/submit/obidele/pegasus/process/run0015/./process-0.dag.nodes.log
03/16/17 15:55:10 DAG status: 0 (DAG_STATUS_OK)
03/16/17 15:55:10 Of 5 nodes total:
03/16/17 15:55:10  Done     Pre   Queued    Post   Ready   Un-Ready   Failed
03/16/17 15:55:10   ===     ===      ===     ===     ===        ===      ===
03/16/17 15:55:10     0       0        0       0       1          4        0
03/16/17 15:55:10 0 job proc(s) currently held
03/16/17 15:55:10 Registering condor_event_timer...
03/16/17 15:55:11 Submitting Condor Node create_dir_process_0_local job(s)...
03/16/17 15:55:11 Adding a DAGMan workflow log /u/obidele/PERF/PROJ/prms4.0.2_src/projects/sagehen/submit/obidele/pegasus/process/run0015/./process-0.dag.nodes.log
03/16/17 15:55:11 Masking the events recorded in the DAGMAN workflow log
03/16/17 15:55:11 Mask for workflow log is 0,1,2,4,5,7,9,10,11,12,13,16,17,24,27
03/16/17 15:55:11 submitting: /usr/bin/condor_submit -a dag_node_name' '=' 'create_dir_process_0_local -a +DAGManJobId' '=' '88 -a DAGManJobId' '=' '88 -a submit_event_notes' '=' 'DAG' 'Node:' 'create_dir_process_0_local -a dagman_log' '=' '/u/obidele/PERF/PROJ/prms4.0.2_src/projects/sagehen/submit/obidele/pegasus/process/run0015/./process-0.dag.nodes.log -a +DAGManNodesMask' '=' '"0,1,2,4,5,7,9,10,11,12,13,16,17,24,27" -a DAG_STATUS' '=' '0 -a FAILED_COUNT' '=' '0 -a +DAGParentNodeNames' '=' '"" -a +KeepClaimIdle' '=' '20 -a notification' '=' 'never 00/00/create_dir_process_0_local.sub
03/16/17 15:55:12 From submit: Submitting job(s).
03/16/17 15:55:12 From submit: 1 job(s) submitted to cluster 89.
03/16/17 15:55:12 	assigned Condor ID (89.0.0)
03/16/17 15:55:12 Just submitted 1 job this cycle...
03/16/17 15:55:12 Currently monitoring 1 Condor log file(s)
03/16/17 15:55:12 Reassigning the id of job create_dir_process_0_local from (89.0.0) to (89.0.0)
03/16/17 15:55:12 Event: ULOG_SUBMIT for Condor Node create_dir_process_0_local (89.0.0)
03/16/17 15:55:12 Number of idle job procs: 1
03/16/17 15:55:12 DAG status: 0 (DAG_STATUS_OK)
03/16/17 15:55:12 Of 5 nodes total:
03/16/17 15:55:12  Done     Pre   Queued    Post   Ready   Un-Ready   Failed
03/16/17 15:55:12   ===     ===      ===     ===     ===        ===      ===
03/16/17 15:55:12     0       0        1       0       0          4        0
03/16/17 15:55:12 0 job proc(s) currently held
03/16/17 15:55:17 Currently monitoring 1 Condor log file(s)
03/16/17 15:55:17 Event: ULOG_EXECUTE for Condor Node create_dir_process_0_local (89.0.0)
03/16/17 15:55:17 Number of idle job procs: 0
03/16/17 15:55:17 Event: ULOG_JOB_TERMINATED for Condor Node create_dir_process_0_local (89.0.0)
03/16/17 15:55:17 Number of idle job procs: 0
03/16/17 15:55:17 Node create_dir_process_0_local job proc (89.0.0) completed successfully.
03/16/17 15:55:17 Node create_dir_process_0_local job completed
03/16/17 15:55:17 Running POST script of Node create_dir_process_0_local...
03/16/17 15:55:17 Warning: mysin has length 0 (ignore if produced by DAGMan; see gittrac #4987, #5031)
03/16/17 15:55:17 DAG status: 0 (DAG_STATUS_OK)
03/16/17 15:55:17 Of 5 nodes total:
03/16/17 15:55:17  Done     Pre   Queued    Post   Ready   Un-Ready   Failed
03/16/17 15:55:17   ===     ===      ===     ===     ===        ===      ===
03/16/17 15:55:17     0       0        0       1       0          4        0
03/16/17 15:55:17 0 job proc(s) currently held
03/16/17 15:55:17 Initializing user log writer for /u/obidele/PERF/PROJ/prms4.0.2_src/projects/sagehen/submit/obidele/pegasus/process/run0015/./process-0.dag.nodes.log, (89.0.0)
03/16/17 15:55:22 Currently monitoring 1 Condor log file(s)
03/16/17 15:55:22 Event: ULOG_POST_SCRIPT_TERMINATED for Condor Node create_dir_process_0_local (89.0.0)
03/16/17 15:55:22 POST Script of Node create_dir_process_0_local completed successfully.
03/16/17 15:55:22 DAG status: 0 (DAG_STATUS_OK)
03/16/17 15:55:22 Of 5 nodes total:
03/16/17 15:55:22  Done     Pre   Queued    Post   Ready   Un-Ready   Failed
03/16/17 15:55:22   ===     ===      ===     ===     ===        ===      ===
03/16/17 15:55:22     1       0        0       0       1          3        0
03/16/17 15:55:22 0 job proc(s) currently held
03/16/17 15:55:27 Submitting Condor Node stage_in_remote_local_0_0 job(s)...
03/16/17 15:55:27 Adding a DAGMan workflow log /u/obidele/PERF/PROJ/prms4.0.2_src/projects/sagehen/submit/obidele/pegasus/process/run0015/./process-0.dag.nodes.log
03/16/17 15:55:27 Masking the events recorded in the DAGMAN workflow log
03/16/17 15:55:27 Mask for workflow log is 0,1,2,4,5,7,9,10,11,12,13,16,17,24,27
03/16/17 15:55:27 submitting: /usr/bin/condor_submit -a dag_node_name' '=' 'stage_in_remote_local_0_0 -a +DAGManJobId' '=' '88 -a DAGManJobId' '=' '88 -a submit_event_notes' '=' 'DAG' 'Node:' 'stage_in_remote_local_0_0 -a dagman_log' '=' '/u/obidele/PERF/PROJ/prms4.0.2_src/projects/sagehen/submit/obidele/pegasus/process/run0015/./process-0.dag.nodes.log -a +DAGManNodesMask' '=' '"0,1,2,4,5,7,9,10,11,12,13,16,17,24,27" -a DAG_STATUS' '=' '0 -a FAILED_COUNT' '=' '0 -a +DAGParentNodeNames' '=' '"create_dir_process_0_local" -a +KeepClaimIdle' '=' '20 -a notification' '=' 'never 00/00/stage_in_remote_local_0_0.sub
03/16/17 15:55:27 From submit: Submitting job(s).
03/16/17 15:55:27 From submit: 1 job(s) submitted to cluster 90.
03/16/17 15:55:27 	assigned Condor ID (90.0.0)
03/16/17 15:55:27 Just submitted 1 job this cycle...
03/16/17 15:55:27 Currently monitoring 1 Condor log file(s)
03/16/17 15:55:27 Reassigning the id of job stage_in_remote_local_0_0 from (90.0.0) to (90.0.0)
03/16/17 15:55:27 Event: ULOG_SUBMIT for Condor Node stage_in_remote_local_0_0 (90.0.0)
03/16/17 15:55:27 Number of idle job procs: 1
03/16/17 15:55:27 DAG status: 0 (DAG_STATUS_OK)
03/16/17 15:55:27 Of 5 nodes total:
03/16/17 15:55:27  Done     Pre   Queued    Post   Ready   Un-Ready   Failed
03/16/17 15:55:27   ===     ===      ===     ===     ===        ===      ===
03/16/17 15:55:27     1       0        1       0       0          3        0
03/16/17 15:55:27 0 job proc(s) currently held
03/16/17 15:55:32 Currently monitoring 1 Condor log file(s)
03/16/17 15:55:32 Event: ULOG_EXECUTE for Condor Node stage_in_remote_local_0_0 (90.0.0)
03/16/17 15:55:32 Number of idle job procs: 0
03/16/17 15:55:32 Event: ULOG_JOB_TERMINATED for Condor Node stage_in_remote_local_0_0 (90.0.0)
03/16/17 15:55:32 Number of idle job procs: 0
03/16/17 15:55:32 Node stage_in_remote_local_0_0 job proc (90.0.0) completed successfully.
03/16/17 15:55:32 Node stage_in_remote_local_0_0 job completed
03/16/17 15:55:32 Running POST script of Node stage_in_remote_local_0_0...
03/16/17 15:55:32 Warning: mysin has length 0 (ignore if produced by DAGMan; see gittrac #4987, #5031)
03/16/17 15:55:32 DAG status: 0 (DAG_STATUS_OK)
03/16/17 15:55:32 Of 5 nodes total:
03/16/17 15:55:32  Done     Pre   Queued    Post   Ready   Un-Ready   Failed
03/16/17 15:55:32   ===     ===      ===     ===     ===        ===      ===
03/16/17 15:55:32     1       0        0       1       0          3        0
03/16/17 15:55:32 0 job proc(s) currently held
03/16/17 15:55:32 Initializing user log writer for /u/obidele/PERF/PROJ/prms4.0.2_src/projects/sagehen/submit/obidele/pegasus/process/run0015/./process-0.dag.nodes.log, (90.0.0)
03/16/17 15:55:37 Currently monitoring 1 Condor log file(s)
03/16/17 15:55:37 Event: ULOG_POST_SCRIPT_TERMINATED for Condor Node stage_in_remote_local_0_0 (90.0.0)
03/16/17 15:55:37 POST Script of Node stage_in_remote_local_0_0 completed successfully.
03/16/17 15:55:37 DAG status: 0 (DAG_STATUS_OK)
03/16/17 15:55:37 Of 5 nodes total:
03/16/17 15:55:37  Done     Pre   Queued    Post   Ready   Un-Ready   Failed
03/16/17 15:55:37   ===     ===      ===     ===     ===        ===      ===
03/16/17 15:55:37     2       0        0       0       1          2        0
03/16/17 15:55:37 0 job proc(s) currently held
03/16/17 15:55:42 Submitting Condor Node prms_ID0000001 job(s)...
03/16/17 15:55:42 Adding a DAGMan workflow log /u/obidele/PERF/PROJ/prms4.0.2_src/projects/sagehen/submit/obidele/pegasus/process/run0015/./process-0.dag.nodes.log
03/16/17 15:55:42 Masking the events recorded in the DAGMAN workflow log
03/16/17 15:55:42 Mask for workflow log is 0,1,2,4,5,7,9,10,11,12,13,16,17,24,27
03/16/17 15:55:42 submitting: /usr/bin/condor_submit -a dag_node_name' '=' 'prms_ID0000001 -a +DAGManJobId' '=' '88 -a DAGManJobId' '=' '88 -a submit_event_notes' '=' 'DAG' 'Node:' 'prms_ID0000001 -a dagman_log' '=' '/u/obidele/PERF/PROJ/prms4.0.2_src/projects/sagehen/submit/obidele/pegasus/process/run0015/./process-0.dag.nodes.log -a +DAGManNodesMask' '=' '"0,1,2,4,5,7,9,10,11,12,13,16,17,24,27" -a DAG_STATUS' '=' '0 -a FAILED_COUNT' '=' '0 -a +DAGParentNodeNames' '=' '"stage_in_remote_local_0_0" -a +KeepClaimIdle' '=' '20 -a notification' '=' 'never 00/00/prms_ID0000001.sub
03/16/17 15:55:42 From submit: Submitting job(s).
03/16/17 15:55:42 From submit: 1 job(s) submitted to cluster 91.
03/16/17 15:55:42 	assigned Condor ID (91.0.0)
03/16/17 15:55:42 Just submitted 1 job this cycle...
03/16/17 15:55:42 Currently monitoring 1 Condor log file(s)
03/16/17 15:55:42 Reassigning the id of job prms_ID0000001 from (91.0.0) to (91.0.0)
03/16/17 15:55:42 Event: ULOG_SUBMIT for Condor Node prms_ID0000001 (91.0.0)
03/16/17 15:55:42 Number of idle job procs: 1
03/16/17 15:55:42 DAG status: 0 (DAG_STATUS_OK)
03/16/17 15:55:42 Of 5 nodes total:
03/16/17 15:55:42  Done     Pre   Queued    Post   Ready   Un-Ready   Failed
03/16/17 15:55:42   ===     ===      ===     ===     ===        ===      ===
03/16/17 15:55:42     2       0        1       0       0          2        0
03/16/17 15:55:42 0 job proc(s) currently held
03/16/17 15:55:52 Currently monitoring 1 Condor log file(s)
03/16/17 15:55:52 Event: ULOG_EXECUTE for Condor Node prms_ID0000001 (91.0.0)
03/16/17 15:55:52 Number of idle job procs: 0
03/16/17 15:55:52 Event: ULOG_JOB_TERMINATED for Condor Node prms_ID0000001 (91.0.0)
03/16/17 15:55:52 Number of idle job procs: 0
03/16/17 15:55:52 Node prms_ID0000001 job proc (91.0.0) completed successfully.
03/16/17 15:55:52 Node prms_ID0000001 job completed
03/16/17 15:55:52 Running POST script of Node prms_ID0000001...
03/16/17 15:55:52 Warning: mysin has length 0 (ignore if produced by DAGMan; see gittrac #4987, #5031)
03/16/17 15:55:52 DAG status: 0 (DAG_STATUS_OK)
03/16/17 15:55:52 Of 5 nodes total:
03/16/17 15:55:52  Done     Pre   Queued    Post   Ready   Un-Ready   Failed
03/16/17 15:55:52   ===     ===      ===     ===     ===        ===      ===
03/16/17 15:55:52     2       0        0       1       0          2        0
03/16/17 15:55:52 0 job proc(s) currently held
03/16/17 15:55:52 Initializing user log writer for /u/obidele/PERF/PROJ/prms4.0.2_src/projects/sagehen/submit/obidele/pegasus/process/run0015/./process-0.dag.nodes.log, (91.0.0)
03/16/17 15:55:57 Currently monitoring 1 Condor log file(s)
03/16/17 15:55:57 Event: ULOG_POST_SCRIPT_TERMINATED for Condor Node prms_ID0000001 (91.0.0)
03/16/17 15:55:57 POST Script of Node prms_ID0000001 completed successfully.
03/16/17 15:55:57 DAG status: 0 (DAG_STATUS_OK)
03/16/17 15:55:57 Of 5 nodes total:
03/16/17 15:55:57  Done     Pre   Queued    Post   Ready   Un-Ready   Failed
03/16/17 15:55:57   ===     ===      ===     ===     ===        ===      ===
03/16/17 15:55:57     3       0        0       0       1          1        0
03/16/17 15:55:57 0 job proc(s) currently held
03/16/17 15:56:02 Submitting Condor Node stage_out_local_local_0_0 job(s)...
03/16/17 15:56:02 Adding a DAGMan workflow log /u/obidele/PERF/PROJ/prms4.0.2_src/projects/sagehen/submit/obidele/pegasus/process/run0015/./process-0.dag.nodes.log
03/16/17 15:56:02 Masking the events recorded in the DAGMAN workflow log
03/16/17 15:56:02 Mask for workflow log is 0,1,2,4,5,7,9,10,11,12,13,16,17,24,27
03/16/17 15:56:02 submitting: /usr/bin/condor_submit -a dag_node_name' '=' 'stage_out_local_local_0_0 -a +DAGManJobId' '=' '88 -a DAGManJobId' '=' '88 -a submit_event_notes' '=' 'DAG' 'Node:' 'stage_out_local_local_0_0 -a dagman_log' '=' '/u/obidele/PERF/PROJ/prms4.0.2_src/projects/sagehen/submit/obidele/pegasus/process/run0015/./process-0.dag.nodes.log -a +DAGManNodesMask' '=' '"0,1,2,4,5,7,9,10,11,12,13,16,17,24,27" -a DAG_STATUS' '=' '0 -a FAILED_COUNT' '=' '0 -a +DAGParentNodeNames' '=' '"prms_ID0000001" -a +KeepClaimIdle' '=' '20 -a notification' '=' 'never 00/00/stage_out_local_local_0_0.sub
03/16/17 15:56:02 From submit: Submitting job(s).
03/16/17 15:56:02 From submit: 1 job(s) submitted to cluster 92.
03/16/17 15:56:02 	assigned Condor ID (92.0.0)
03/16/17 15:56:02 Just submitted 1 job this cycle...
03/16/17 15:56:02 Currently monitoring 1 Condor log file(s)
03/16/17 15:56:02 Reassigning the id of job stage_out_local_local_0_0 from (92.0.0) to (92.0.0)
03/16/17 15:56:02 Event: ULOG_SUBMIT for Condor Node stage_out_local_local_0_0 (92.0.0)
03/16/17 15:56:02 Number of idle job procs: 1
03/16/17 15:56:02 DAG status: 0 (DAG_STATUS_OK)
03/16/17 15:56:02 Of 5 nodes total:
03/16/17 15:56:02  Done     Pre   Queued    Post   Ready   Un-Ready   Failed
03/16/17 15:56:02   ===     ===      ===     ===     ===        ===      ===
03/16/17 15:56:02     3       0        1       0       0          1        0
03/16/17 15:56:02 0 job proc(s) currently held
03/16/17 15:56:07 Currently monitoring 1 Condor log file(s)
03/16/17 15:56:07 Event: ULOG_EXECUTE for Condor Node stage_out_local_local_0_0 (92.0.0)
03/16/17 15:56:07 Number of idle job procs: 0
03/16/17 15:56:07 Event: ULOG_JOB_TERMINATED for Condor Node stage_out_local_local_0_0 (92.0.0)
03/16/17 15:56:07 Number of idle job procs: 0
03/16/17 15:56:07 Node stage_out_local_local_0_0 job proc (92.0.0) completed successfully.
03/16/17 15:56:07 Node stage_out_local_local_0_0 job completed
03/16/17 15:56:07 Running POST script of Node stage_out_local_local_0_0...
03/16/17 15:56:07 Warning: mysin has length 0 (ignore if produced by DAGMan; see gittrac #4987, #5031)
03/16/17 15:56:07 DAG status: 0 (DAG_STATUS_OK)
03/16/17 15:56:07 Of 5 nodes total:
03/16/17 15:56:07  Done     Pre   Queued    Post   Ready   Un-Ready   Failed
03/16/17 15:56:07   ===     ===      ===     ===     ===        ===      ===
03/16/17 15:56:07     3       0        0       1       0          1        0
03/16/17 15:56:07 0 job proc(s) currently held
03/16/17 15:56:07 Initializing user log writer for /u/obidele/PERF/PROJ/prms4.0.2_src/projects/sagehen/submit/obidele/pegasus/process/run0015/./process-0.dag.nodes.log, (92.0.0)
03/16/17 15:56:12 Currently monitoring 1 Condor log file(s)
03/16/17 15:56:12 Event: ULOG_POST_SCRIPT_TERMINATED for Condor Node stage_out_local_local_0_0 (92.0.0)
03/16/17 15:56:12 POST Script of Node stage_out_local_local_0_0 completed successfully.
03/16/17 15:56:12 DAG status: 0 (DAG_STATUS_OK)
03/16/17 15:56:12 Of 5 nodes total:
03/16/17 15:56:12  Done     Pre   Queued    Post   Ready   Un-Ready   Failed
03/16/17 15:56:12   ===     ===      ===     ===     ===        ===      ===
03/16/17 15:56:12     4       0        0       0       1          0        0
03/16/17 15:56:12 0 job proc(s) currently held
03/16/17 15:56:17 Submitting Condor Node cleanup_process_0_local job(s)...
03/16/17 15:56:17 Adding a DAGMan workflow log /u/obidele/PERF/PROJ/prms4.0.2_src/projects/sagehen/submit/obidele/pegasus/process/run0015/./process-0.dag.nodes.log
03/16/17 15:56:17 Masking the events recorded in the DAGMAN workflow log
03/16/17 15:56:17 Mask for workflow log is 0,1,2,4,5,7,9,10,11,12,13,16,17,24,27
03/16/17 15:56:17 submitting: /usr/bin/condor_submit -a dag_node_name' '=' 'cleanup_process_0_local -a +DAGManJobId' '=' '88 -a DAGManJobId' '=' '88 -a submit_event_notes' '=' 'DAG' 'Node:' 'cleanup_process_0_local -a dagman_log' '=' '/u/obidele/PERF/PROJ/prms4.0.2_src/projects/sagehen/submit/obidele/pegasus/process/run0015/./process-0.dag.nodes.log -a +DAGManNodesMask' '=' '"0,1,2,4,5,7,9,10,11,12,13,16,17,24,27" -a DAG_STATUS' '=' '0 -a FAILED_COUNT' '=' '0 -a +DAGParentNodeNames' '=' '"stage_out_local_local_0_0" -a notification' '=' 'never 00/00/cleanup_process_0_local.sub
03/16/17 15:56:18 From submit: Submitting job(s).
03/16/17 15:56:18 From submit: 1 job(s) submitted to cluster 93.
03/16/17 15:56:18 	assigned Condor ID (93.0.0)
03/16/17 15:56:18 Just submitted 1 job this cycle...
03/16/17 15:56:18 Currently monitoring 1 Condor log file(s)
03/16/17 15:56:18 Reassigning the id of job cleanup_process_0_local from (93.0.0) to (93.0.0)
03/16/17 15:56:18 Event: ULOG_SUBMIT for Condor Node cleanup_process_0_local (93.0.0)
03/16/17 15:56:18 Number of idle job procs: 1
03/16/17 15:56:18 DAG status: 0 (DAG_STATUS_OK)
03/16/17 15:56:18 Of 5 nodes total:
03/16/17 15:56:18  Done     Pre   Queued    Post   Ready   Un-Ready   Failed
03/16/17 15:56:18   ===     ===      ===     ===     ===        ===      ===
03/16/17 15:56:18     4       0        1       0       0          0        0
03/16/17 15:56:18 0 job proc(s) currently held
03/16/17 15:56:23 Currently monitoring 1 Condor log file(s)
03/16/17 15:56:23 Event: ULOG_EXECUTE for Condor Node cleanup_process_0_local (93.0.0)
03/16/17 15:56:23 Number of idle job procs: 0
03/16/17 15:56:23 Event: ULOG_JOB_TERMINATED for Condor Node cleanup_process_0_local (93.0.0)
03/16/17 15:56:23 Number of idle job procs: 0
03/16/17 15:56:23 Node cleanup_process_0_local job proc (93.0.0) completed successfully.
03/16/17 15:56:23 Node cleanup_process_0_local job completed
03/16/17 15:56:23 DAG status: 0 (DAG_STATUS_OK)
03/16/17 15:56:23 Of 5 nodes total:
03/16/17 15:56:23  Done     Pre   Queued    Post   Ready   Un-Ready   Failed
03/16/17 15:56:23   ===     ===      ===     ===     ===        ===      ===
03/16/17 15:56:23     5       0        0       0       0          0        0
03/16/17 15:56:23 0 job proc(s) currently held
03/16/17 15:56:23 All jobs Completed!
03/16/17 15:56:23 Note: 0 total job deferrals because of -MaxJobs limit (0)
03/16/17 15:56:23 Note: 0 total job deferrals because of -MaxIdle limit (1000)
03/16/17 15:56:23 Note: 0 total job deferrals because of node category throttles
03/16/17 15:56:23 Note: 0 total PRE script deferrals because of -MaxPre limit (20) or DEFER
03/16/17 15:56:23 Note: 0 total POST script deferrals because of -MaxPost limit (20) or DEFER
03/16/17 15:56:23 DAG status: 0 (DAG_STATUS_OK)
03/16/17 15:56:23 Of 5 nodes total:
03/16/17 15:56:23  Done     Pre   Queued    Post   Ready   Un-Ready   Failed
03/16/17 15:56:23   ===     ===      ===     ===     ===        ===      ===
03/16/17 15:56:23     5       0        0       0       0          0        0
03/16/17 15:56:23 0 job proc(s) currently held
03/16/17 15:56:23 Wrote metrics file process-0.dag.metrics.
03/16/17 15:56:23 Reporting metrics to Pegasus metrics server(s); output is in process-0.dag.metrics.out.
03/16/17 15:56:23 Running command </usr/lib/condor/libexec/condor_dagman_metrics_reporter -f process-0.dag.metrics -t 100>
03/16/17 15:56:23 Warning: mysin has length 0 (ignore if produced by DAGMan; see gittrac #4987, #5031)
03/16/17 15:56:23 **** condor_scheduniv_exec.88.0 (condor_DAGMAN) pid 2509067 EXITING WITH STATUS 0
